{"/home/eric/workspace/cirebox/micro-services/ms-whatsapp/src/server.ts": {"path":"/home/eric/workspace/cirebox/micro-services/ms-whatsapp/src/server.ts","statementMap":{"0":{"start":{"line":25,"column":0},"end":{"line":25,"column":7}},"1":{"start":{"line":1,"column":0},"end":{"line":1,"column":30}},"2":{"start":{"line":2,"column":0},"end":{"line":2,"column":40}},"3":{"start":{"line":3,"column":0},"end":{"line":3,"column":44}},"4":{"start":{"line":4,"column":0},"end":{"line":4,"column":40}},"5":{"start":{"line":5,"column":0},"end":{"line":5,"column":28}},"6":{"start":{"line":6,"column":0},"end":{"line":6,"column":43}},"7":{"start":{"line":7,"column":0},"end":{"line":7,"column":22}},"8":{"start":{"line":9,"column":0},"end":{"line":9,"column":37}},"9":{"start":{"line":10,"column":0},"end":{"line":10,"column":68}},"10":{"start":{"line":12,"column":0},"end":{"line":12,"column":77}},"11":{"start":{"line":13,"column":0},"end":{"line":13,"column":76}},"12":{"start":{"line":15,"column":0},"end":{"line":15,"column":76}},"13":{"start":{"line":16,"column":0},"end":{"line":16,"column":82}},"14":{"start":{"line":18,"column":0},"end":{"line":18,"column":87}},"15":{"start":{"line":19,"column":0},"end":{"line":19,"column":89}},"16":{"start":{"line":21,"column":0},"end":{"line":21,"column":82}},"17":{"start":{"line":22,"column":0},"end":{"line":22,"column":84}},"18":{"start":{"line":27,"column":17},"end":{"line":37,"column":4}},"19":{"start":{"line":39,"column":2},"end":{"line":142,"column":3}},"20":{"start":{"line":41,"column":4},"end":{"line":44,"column":7}},"21":{"start":{"line":47,"column":22},"end":{"line":47,"column":47}},"22":{"start":{"line":48,"column":4},"end":{"line":51,"column":5}},"23":{"start":{"line":49,"column":6},"end":{"line":49,"column":60}},"24":{"start":{"line":50,"column":6},"end":{"line":50,"column":48}},"25":{"start":{"line":54,"column":4},"end":{"line":57,"column":7}},"26":{"start":{"line":60,"column":4},"end":{"line":66,"column":7}},"27":{"start":{"line":69,"column":4},"end":{"line":69,"column":70}},"28":{"start":{"line":69,"column":25},"end":{"line":69,"column":54}},"29":{"start":{"line":70,"column":4},"end":{"line":70,"column":75}},"30":{"start":{"line":70,"column":25},"end":{"line":70,"column":57}},"31":{"start":{"line":73,"column":28},"end":{"line":73,"column":55}},"32":{"start":{"line":74,"column":23},"end":{"line":74,"column":49}},"33":{"start":{"line":77,"column":31},"end":{"line":77,"column":78}},"34":{"start":{"line":78,"column":34},"end":{"line":78,"column":96}},"35":{"start":{"line":81,"column":4},"end":{"line":81,"column":44}},"36":{"start":{"line":84,"column":29},"end":{"line":84,"column":74}},"37":{"start":{"line":85,"column":30},"end":{"line":85,"column":96}},"38":{"start":{"line":88,"column":4},"end":{"line":88,"column":51}},"39":{"start":{"line":89,"column":4},"end":{"line":89,"column":53}},"40":{"start":{"line":91,"column":4},"end":{"line":95,"column":7}},"41":{"start":{"line":92,"column":6},"end":{"line":94,"column":9}},"42":{"start":{"line":98,"column":4},"end":{"line":100,"column":7}},"43":{"start":{"line":99,"column":6},"end":{"line":99,"column":46}},"44":{"start":{"line":102,"column":4},"end":{"line":118,"column":7}},"45":{"start":{"line":103,"column":6},"end":{"line":103,"column":75}},"46":{"start":{"line":106,"column":6},"end":{"line":111,"column":7}},"47":{"start":{"line":107,"column":8},"end":{"line":109,"column":10}},"48":{"start":{"line":110,"column":8},"end":{"line":110,"column":41}},"49":{"start":{"line":113,"column":6},"end":{"line":117,"column":9}},"50":{"start":{"line":120,"column":4},"end":{"line":129,"column":7}},"51":{"start":{"line":121,"column":6},"end":{"line":121,"column":59}},"52":{"start":{"line":122,"column":6},"end":{"line":122,"column":32}},"53":{"start":{"line":124,"column":6},"end":{"line":128,"column":9}},"54":{"start":{"line":131,"column":4},"end":{"line":131,"column":52}},"55":{"start":{"line":132,"column":4},"end":{"line":138,"column":6}},"56":{"start":{"line":140,"column":4},"end":{"line":140,"column":79}},"57":{"start":{"line":141,"column":4},"end":{"line":141,"column":16}}},"fnMap":{"0":{"name":"createServer","decl":{"start":{"line":25,"column":22},"end":{"line":25,"column":34}},"loc":{"start":{"line":25,"column":34},"end":{"line":143,"column":1}}},"1":{"name":"(anonymous_11)","decl":{"start":{"line":69,"column":25},"end":{"line":69,"column":33}},"loc":{"start":{"line":69,"column":25},"end":{"line":69,"column":54}}},"2":{"name":"(anonymous_12)","decl":{"start":{"line":70,"column":25},"end":{"line":70,"column":33}},"loc":{"start":{"line":70,"column":25},"end":{"line":70,"column":57}}},"3":{"name":"(anonymous_13)","decl":{"start":{"line":91,"column":20},"end":{"line":91,"column":21}},"loc":{"start":{"line":91,"column":39},"end":{"line":95,"column":5}}},"4":{"name":"(anonymous_14)","decl":{"start":{"line":98,"column":24},"end":{"line":98,"column":25}},"loc":{"start":{"line":98,"column":43},"end":{"line":100,"column":5}}},"5":{"name":"(anonymous_15)","decl":{"start":{"line":102,"column":30},"end":{"line":102,"column":31}},"loc":{"start":{"line":102,"column":49},"end":{"line":118,"column":5}}},"6":{"name":"(anonymous_16)","decl":{"start":{"line":120,"column":27},"end":{"line":120,"column":28}},"loc":{"start":{"line":120,"column":53},"end":{"line":129,"column":5}}}},"branchMap":{"0":{"loc":{"start":{"line":48,"column":4},"end":{"line":51,"column":5}},"type":"if","locations":[{"start":{"line":48,"column":4},"end":{"line":51,"column":5}}]},"1":{"loc":{"start":{"line":106,"column":6},"end":{"line":111,"column":7}},"type":"if","locations":[{"start":{"line":106,"column":6},"end":{"line":111,"column":7}}]},"2":{"loc":{"start":{"line":106,"column":10},"end":{"line":106,"column":62}},"type":"binary-expr","locations":[{"start":{"line":106,"column":10},"end":{"line":106,"column":35}},{"start":{"line":106,"column":39},"end":{"line":106,"column":62}}]}},"s":{"0":0,"1":0,"2":0,"3":0,"4":0,"5":0,"6":0,"7":0,"8":0,"9":0,"10":0,"11":0,"12":0,"13":0,"14":0,"15":0,"16":0,"17":0,"18":0,"19":0,"20":0,"21":0,"22":0,"23":0,"24":0,"25":0,"26":0,"27":0,"28":0,"29":0,"30":0,"31":0,"32":0,"33":0,"34":0,"35":0,"36":0,"37":0,"38":0,"39":0,"40":0,"41":0,"42":0,"43":0,"44":0,"45":0,"46":0,"47":0,"48":0,"49":0,"50":0,"51":0,"52":0,"53":0,"54":0,"55":0,"56":0,"57":0},"f":{"0":0,"1":0,"2":0,"3":0,"4":0,"5":0,"6":0},"b":{"0":[0],"1":[0],"2":[0,0]}}
,"/home/eric/workspace/cirebox/micro-services/ms-whatsapp/src/config/env.ts": {"path":"/home/eric/workspace/cirebox/micro-services/ms-whatsapp/src/config/env.ts","statementMap":{"0":{"start":{"line":1,"column":0},"end":{"line":1,"column":28}},"1":{"start":{"line":4,"column":0},"end":{"line":4,"column":16}},"2":{"start":{"line":23,"column":23},"end":{"line":37,"column":2}},"3":{"start":{"line":40,"column":0},"end":{"line":49,"column":1}},"4":{"start":{"line":41,"column":2},"end":{"line":44,"column":4}},"5":{"start":{"line":45,"column":2},"end":{"line":48,"column":4}},"6":{"start":{"line":51,"column":0},"end":{"line":51,"column":19}},"7":{"start":{"line":58,"column":85},"end":{"line":58,"column":40259}},"8":{"start":{"line":58,"column":89},"end":{"line":58,"column":40248}},"9":{"start":{"line":58,"column":40374},"end":{"line":58,"column":40380}},"10":{"start":{"line":58,"column":40495},"end":{"line":58,"column":40501}},"11":{"start":{"line":58,"column":40616},"end":{"line":58,"column":40622}},"12":{"start":{"line":58,"column":40741},"end":{"line":58,"column":40747}},"13":{"start":{"line":58,"column":40891},"end":{"line":58,"column":40897}}},"fnMap":{"0":{"name":"oo_cm","decl":{"start":{"line":58,"column":77},"end":{"line":58,"column":82}},"loc":{"start":{"line":58,"column":82},"end":{"line":58,"column":40260}}}},"branchMap":{"0":{"loc":{"start":{"line":25,"column":19},"end":{"line":25,"column":45}},"type":"binary-expr","locations":[{"start":{"line":25,"column":19},"end":{"line":25,"column":35}},{"start":{"line":25,"column":39},"end":{"line":25,"column":45}}]},"1":{"loc":{"start":{"line":26,"column":10},"end":{"line":26,"column":39}},"type":"binary-expr","locations":[{"start":{"line":26,"column":10},"end":{"line":26,"column":26}},{"start":{"line":26,"column":30},"end":{"line":26,"column":39}}]},"2":{"loc":{"start":{"line":29,"column":12},"end":{"line":29,"column":41}},"type":"binary-expr","locations":[{"start":{"line":29,"column":12},"end":{"line":29,"column":35}},{"start":{"line":29,"column":39},"end":{"line":29,"column":41}}]},"3":{"loc":{"start":{"line":30,"column":12},"end":{"line":30,"column":41}},"type":"binary-expr","locations":[{"start":{"line":30,"column":12},"end":{"line":30,"column":35}},{"start":{"line":30,"column":39},"end":{"line":30,"column":41}}]},"4":{"loc":{"start":{"line":31,"column":19},"end":{"line":31,"column":55}},"type":"binary-expr","locations":[{"start":{"line":31,"column":19},"end":{"line":31,"column":49}},{"start":{"line":31,"column":53},"end":{"line":31,"column":55}}]},"5":{"loc":{"start":{"line":32,"column":18},"end":{"line":32,"column":53}},"type":"binary-expr","locations":[{"start":{"line":32,"column":18},"end":{"line":32,"column":47}},{"start":{"line":32,"column":51},"end":{"line":32,"column":53}}]},"6":{"loc":{"start":{"line":35,"column":11},"end":{"line":35,"column":42}},"type":"binary-expr","locations":[{"start":{"line":35,"column":11},"end":{"line":35,"column":32}},{"start":{"line":35,"column":36},"end":{"line":35,"column":42}}]},"7":{"loc":{"start":{"line":40,"column":0},"end":{"line":49,"column":1}},"type":"if","locations":[{"start":{"line":40,"column":0},"end":{"line":49,"column":1}}]},"8":{"loc":{"start":{"line":58,"column":96},"end":{"line":58,"column":40247}},"type":"binary-expr","locations":[{"start":{"line":58,"column":96},"end":{"line":58,"column":133}},{"start":{"line":58,"column":137},"end":{"line":58,"column":40247}}]}},"s":{"0":1,"1":1,"2":1,"3":1,"4":0,"5":0,"6":1,"7":0,"8":0,"9":1,"10":1,"11":1,"12":1,"13":1},"f":{"0":0},"b":{"0":[1,0],"1":[1,0],"2":[1,0],"3":[1,0],"4":[1,1],"5":[1,1],"6":[1,0],"7":[0],"8":[0,0]}}
,"/home/eric/workspace/cirebox/micro-services/ms-whatsapp/src/config/logger.ts": {"path":"/home/eric/workspace/cirebox/micro-services/ms-whatsapp/src/config/logger.ts","statementMap":{"0":{"start":{"line":1,"column":0},"end":{"line":1,"column":24}},"1":{"start":{"line":2,"column":0},"end":{"line":2,"column":24}},"2":{"start":{"line":5,"column":15},"end":{"line":15,"column":2}},"3":{"start":{"line":17,"column":0},"end":{"line":17,"column":22}}},"fnMap":{},"branchMap":{},"s":{"0":0,"1":0,"2":0,"3":0},"f":{},"b":{}}
,"/home/eric/workspace/cirebox/micro-services/ms-whatsapp/src/config/swagger-schemas.ts": {"path":"/home/eric/workspace/cirebox/micro-services/ms-whatsapp/src/config/swagger-schemas.ts","statementMap":{"0":{"start":{"line":3,"column":13},"end":{"line":11,"column":2}},"1":{"start":{"line":13,"column":13},"end":{"line":20,"column":2}},"2":{"start":{"line":22,"column":13},"end":{"line":32,"column":2}},"3":{"start":{"line":34,"column":13},"end":{"line":40,"column":2}},"4":{"start":{"line":42,"column":13},"end":{"line":48,"column":2}},"5":{"start":{"line":50,"column":13},"end":{"line":57,"column":2}},"6":{"start":{"line":59,"column":13},"end":{"line":65,"column":2}}},"fnMap":{},"branchMap":{},"s":{"0":0,"1":0,"2":0,"3":0,"4":0,"5":0,"6":0},"f":{},"b":{}}
,"/home/eric/workspace/cirebox/micro-services/ms-whatsapp/src/config/swagger.ts": {"path":"/home/eric/workspace/cirebox/micro-services/ms-whatsapp/src/config/swagger.ts","statementMap":{"0":{"start":{"line":5,"column":13},"end":{"line":34,"column":2}},"1":{"start":{"line":37,"column":13},"end":{"line":44,"column":2}}},"fnMap":{},"branchMap":{},"s":{"0":0,"1":0},"f":{},"b":{}}
,"/home/eric/workspace/cirebox/micro-services/ms-whatsapp/src/domain/entities/message.ts": {"path":"/home/eric/workspace/cirebox/micro-services/ms-whatsapp/src/domain/entities/message.ts","statementMap":{"0":{"start":{"line":11,"column":11},"end":{"line":11,"column":21}},"1":{"start":{"line":12,"column":11},"end":{"line":12,"column":23}},"2":{"start":{"line":13,"column":11},"end":{"line":13,"column":21}},"3":{"start":{"line":14,"column":11},"end":{"line":14,"column":34}},"4":{"start":{"line":15,"column":11},"end":{"line":15,"column":26}},"5":{"start":{"line":16,"column":11},"end":{"line":16,"column":28}},"6":{"start":{"line":22,"column":15},"end":{"line":22,"column":45}},"7":{"start":{"line":25,"column":17},"end":{"line":25,"column":46}},"8":{"start":{"line":26,"column":15},"end":{"line":26,"column":40}},"9":{"start":{"line":29,"column":20},"end":{"line":32,"column":6}},"10":{"start":{"line":35,"column":22},"end":{"line":35,"column":83}},"11":{"start":{"line":38,"column":21},"end":{"line":38,"column":63}},"12":{"start":{"line":40,"column":4},"end":{"line":40,"column":67}},"13":{"start":{"line":45,"column":4},"end":{"line":57,"column":6}},"14":{"start":{"line":62,"column":4},"end":{"line":69,"column":6}},"15":{"start":{"line":9,"column":0},"end":{"line":9,"column":13}}},"fnMap":{"0":{"name":"(anonymous_0)","decl":{"start":{"line":10,"column":2},"end":{"line":10,"column":null}},"loc":{"start":{"line":16,"column":28},"end":{"line":17,"column":6}}},"1":{"name":"(anonymous_1)","decl":{"start":{"line":20,"column":2},"end":{"line":20,"column":8}},"loc":{"start":{"line":20,"column":31},"end":{"line":41,"column":3}}},"2":{"name":"(anonymous_2)","decl":{"start":{"line":44,"column":2},"end":{"line":44,"column":8}},"loc":{"start":{"line":44,"column":26},"end":{"line":58,"column":3}}},"3":{"name":"(anonymous_3)","decl":{"start":{"line":61,"column":2},"end":{"line":61,"column":8}},"loc":{"start":{"line":61,"column":8},"end":{"line":70,"column":3}}}},"branchMap":{"0":{"loc":{"start":{"line":22,"column":15},"end":{"line":22,"column":45}},"type":"binary-expr","locations":[{"start":{"line":22,"column":15},"end":{"line":22,"column":34}},{"start":{"line":22,"column":38},"end":{"line":22,"column":45}}]},"1":{"loc":{"start":{"line":25,"column":17},"end":{"line":25,"column":46}},"type":"binary-expr","locations":[{"start":{"line":25,"column":17},"end":{"line":25,"column":26}},{"start":{"line":25,"column":30},"end":{"line":25,"column":46}}]},"2":{"loc":{"start":{"line":26,"column":15},"end":{"line":26,"column":40}},"type":"binary-expr","locations":[{"start":{"line":26,"column":15},"end":{"line":26,"column":22}},{"start":{"line":26,"column":26},"end":{"line":26,"column":40}}]},"3":{"loc":{"start":{"line":30,"column":12},"end":{"line":30,"column":41}},"type":"binary-expr","locations":[{"start":{"line":30,"column":12},"end":{"line":30,"column":21}},{"start":{"line":30,"column":25},"end":{"line":30,"column":41}}]},"4":{"loc":{"start":{"line":35,"column":31},"end":{"line":35,"column":82}},"type":"cond-expr","locations":[{"start":{"line":35,"column":48},"end":{"line":35,"column":69}},{"start":{"line":35,"column":72},"end":{"line":35,"column":82}}]},"5":{"loc":{"start":{"line":38,"column":21},"end":{"line":38,"column":63}},"type":"binary-expr","locations":[{"start":{"line":38,"column":21},"end":{"line":38,"column":32}},{"start":{"line":38,"column":36},"end":{"line":38,"column":54}},{"start":{"line":38,"column":58},"end":{"line":38,"column":63}}]},"6":{"loc":{"start":{"line":46,"column":6},"end":{"line":46,"column":19}},"type":"binary-expr","locations":[{"start":{"line":46,"column":6},"end":{"line":46,"column":13}},{"start":{"line":46,"column":17},"end":{"line":46,"column":19}}]},"7":{"loc":{"start":{"line":55,"column":6},"end":{"line":55,"column":60}},"type":"cond-expr","locations":[{"start":{"line":55,"column":23},"end":{"line":55,"column":47}},{"start":{"line":55,"column":50},"end":{"line":55,"column":60}}]},"8":{"loc":{"start":{"line":56,"column":6},"end":{"line":56,"column":28}},"type":"binary-expr","locations":[{"start":{"line":56,"column":6},"end":{"line":56,"column":19}},{"start":{"line":56,"column":23},"end":{"line":56,"column":28}}]}},"s":{"0":13,"1":13,"2":13,"3":13,"4":13,"5":13,"6":2,"7":2,"8":2,"9":2,"10":2,"11":2,"12":2,"13":2,"14":5,"15":4},"f":{"0":13,"1":2,"2":2,"3":5},"b":{"0":[2,1],"1":[2,1],"2":[2,1],"3":[2,1],"4":[2,0],"5":[2,2,1],"6":[2,1],"7":[1,1],"8":[2,1]}}
,"/home/eric/workspace/cirebox/micro-services/ms-whatsapp/src/domain/usecases/receive-message.usecase.ts": {"path":"/home/eric/workspace/cirebox/micro-services/ms-whatsapp/src/domain/usecases/receive-message.usecase.ts","statementMap":{"0":{"start":{"line":9,"column":12},"end":{"line":9,"column":45}},"1":{"start":{"line":10,"column":12},"end":{"line":10,"column":35}},"2":{"start":{"line":11,"column":12},"end":{"line":11,"column":27}},"3":{"start":{"line":15,"column":4},"end":{"line":36,"column":5}},"4":{"start":{"line":17,"column":6},"end":{"line":19,"column":7}},"5":{"start":{"line":18,"column":8},"end":{"line":18,"column":15}},"6":{"start":{"line":21,"column":6},"end":{"line":21,"column":88}},"7":{"start":{"line":24,"column":6},"end":{"line":33,"column":7}},"8":{"start":{"line":25,"column":25},"end":{"line":28,"column":10}},"9":{"start":{"line":31,"column":8},"end":{"line":31,"column":75}},"10":{"start":{"line":32,"column":8},"end":{"line":32,"column":66}},"11":{"start":{"line":35,"column":6},"end":{"line":35,"column":92}},"12":{"start":{"line":41,"column":4},"end":{"line":43,"column":7}},"13":{"start":{"line":42,"column":6},"end":{"line":42,"column":34}},"14":{"start":{"line":7,"column":0},"end":{"line":7,"column":13}}},"fnMap":{"0":{"name":"(anonymous_0)","decl":{"start":{"line":8,"column":2},"end":{"line":8,"column":null}},"loc":{"start":{"line":11,"column":27},"end":{"line":12,"column":6}}},"1":{"name":"(anonymous_1)","decl":{"start":{"line":14,"column":2},"end":{"line":14,"column":7}},"loc":{"start":{"line":14,"column":32},"end":{"line":37,"column":3}}},"2":{"name":"(anonymous_2)","decl":{"start":{"line":40,"column":2},"end":{"line":40,"column":17}},"loc":{"start":{"line":40,"column":17},"end":{"line":44,"column":3}}},"3":{"name":"(anonymous_3)","decl":{"start":{"line":41,"column":35},"end":{"line":41,"column":40}},"loc":{"start":{"line":41,"column":62},"end":{"line":43,"column":5}}}},"branchMap":{"0":{"loc":{"start":{"line":17,"column":6},"end":{"line":19,"column":7}},"type":"if","locations":[{"start":{"line":17,"column":6},"end":{"line":19,"column":7}}]},"1":{"loc":{"start":{"line":24,"column":6},"end":{"line":33,"column":7}},"type":"if","locations":[{"start":{"line":24,"column":6},"end":{"line":33,"column":7}}]}},"s":{"0":5,"1":5,"2":5,"3":4,"4":4,"5":1,"6":3,"7":3,"8":2,"9":1,"10":1,"11":1,"12":1,"13":0,"14":1},"f":{"0":5,"1":4,"2":1,"3":0},"b":{"0":[1],"1":[2]}}
,"/home/eric/workspace/cirebox/micro-services/ms-whatsapp/src/domain/usecases/send-message.usecase.ts": {"path":"/home/eric/workspace/cirebox/micro-services/ms-whatsapp/src/domain/usecases/send-message.usecase.ts","statementMap":{"0":{"start":{"line":8,"column":12},"end":{"line":8,"column":45}},"1":{"start":{"line":9,"column":12},"end":{"line":9,"column":27}},"2":{"start":{"line":13,"column":4},"end":{"line":29,"column":5}},"3":{"start":{"line":14,"column":6},"end":{"line":14,"column":55}},"4":{"start":{"line":16,"column":6},"end":{"line":25,"column":7}},"5":{"start":{"line":17,"column":8},"end":{"line":20,"column":11}},"6":{"start":{"line":21,"column":13},"end":{"line":25,"column":7}},"7":{"start":{"line":22,"column":8},"end":{"line":22,"column":76}},"8":{"start":{"line":24,"column":8},"end":{"line":24,"column":85}},"9":{"start":{"line":27,"column":6},"end":{"line":27,"column":80}},"10":{"start":{"line":28,"column":6},"end":{"line":28,"column":18}},"11":{"start":{"line":6,"column":0},"end":{"line":6,"column":13}}},"fnMap":{"0":{"name":"(anonymous_0)","decl":{"start":{"line":7,"column":2},"end":{"line":7,"column":null}},"loc":{"start":{"line":9,"column":27},"end":{"line":10,"column":6}}},"1":{"name":"(anonymous_1)","decl":{"start":{"line":12,"column":2},"end":{"line":12,"column":7}},"loc":{"start":{"line":12,"column":51},"end":{"line":30,"column":3}}}},"branchMap":{"0":{"loc":{"start":{"line":16,"column":6},"end":{"line":25,"column":7}},"type":"if","locations":[{"start":{"line":16,"column":6},"end":{"line":25,"column":7}},{"start":{"line":21,"column":13},"end":{"line":25,"column":7}}]},"1":{"loc":{"start":{"line":21,"column":13},"end":{"line":25,"column":7}},"type":"if","locations":[{"start":{"line":21,"column":13},"end":{"line":25,"column":7}},{"start":{"line":23,"column":13},"end":{"line":25,"column":7}}]}},"s":{"0":4,"1":4,"2":4,"3":4,"4":4,"5":1,"6":3,"7":2,"8":1,"9":2,"10":2,"11":1},"f":{"0":4,"1":4},"b":{"0":[1,3],"1":[2,1]}}
,"/home/eric/workspace/cirebox/micro-services/ms-whatsapp/src/infrastructure/adapters/http-llm.adapter.ts": {"path":"/home/eric/workspace/cirebox/micro-services/ms-whatsapp/src/infrastructure/adapters/http-llm.adapter.ts","statementMap":{"0":{"start":{"line":3,"column":0},"end":{"line":3,"column":35}},"1":{"start":{"line":4,"column":0},"end":{"line":4,"column":45}},"2":{"start":{"line":15,"column":22},"end":{"line":15,"column":37}},"3":{"start":{"line":17,"column":4},"end":{"line":19,"column":7}},"4":{"start":{"line":21,"column":4},"end":{"line":21,"column":39}},"5":{"start":{"line":23,"column":4},"end":{"line":25,"column":5}},"6":{"start":{"line":24,"column":6},"end":{"line":24,"column":94}},"7":{"start":{"line":30,"column":4},"end":{"line":66,"column":5}},"8":{"start":{"line":32,"column":6},"end":{"line":34,"column":7}},"9":{"start":{"line":33,"column":8},"end":{"line":33,"column":111}},"10":{"start":{"line":36,"column":6},"end":{"line":36,"column":99}},"11":{"start":{"line":39,"column":21},"end":{"line":39,"column":64}},"12":{"start":{"line":47,"column":23},"end":{"line":55,"column":null}},"13":{"start":{"line":59,"column":27},"end":{"line":59,"column":66}},"14":{"start":{"line":61,"column":6},"end":{"line":61,"column":86}},"15":{"start":{"line":62,"column":6},"end":{"line":62,"column":26}},"16":{"start":{"line":64,"column":6},"end":{"line":64,"column":95}},"17":{"start":{"line":65,"column":6},"end":{"line":65,"column":96}},"18":{"start":{"line":72,"column":44},"end":{"line":74,"column":6}},"19":{"start":{"line":77,"column":4},"end":{"line":79,"column":5}},"20":{"start":{"line":78,"column":6},"end":{"line":78,"column":60}},"21":{"start":{"line":82,"column":41},"end":{"line":85,"column":6}},"22":{"start":{"line":88,"column":4},"end":{"line":100,"column":5}},"23":{"start":{"line":89,"column":6},"end":{"line":99,"column":7}},"24":{"start":{"line":90,"column":30},"end":{"line":90,"column":63}},"25":{"start":{"line":92,"column":33},"end":{"line":92,"column":88}},"26":{"start":{"line":93,"column":8},"end":{"line":93,"column":54}},"27":{"start":{"line":95,"column":8},"end":{"line":97,"column":10}},"28":{"start":{"line":102,"column":4},"end":{"line":102,"column":32}},"29":{"start":{"line":110,"column":4},"end":{"line":125,"column":5}},"30":{"start":{"line":112,"column":6},"end":{"line":116,"column":9}},"31":{"start":{"line":113,"column":8},"end":{"line":113,"column":51}},"32":{"start":{"line":113,"column":31},"end":{"line":113,"column":51}},"33":{"start":{"line":114,"column":8},"end":{"line":114,"column":83}},"34":{"start":{"line":114,"column":47},"end":{"line":114,"column":83}},"35":{"start":{"line":115,"column":8},"end":{"line":115,"column":21}},"36":{"start":{"line":117,"column":11},"end":{"line":125,"column":5}},"37":{"start":{"line":118,"column":6},"end":{"line":118,"column":66}},"38":{"start":{"line":118,"column":34},"end":{"line":118,"column":64}},"39":{"start":{"line":119,"column":11},"end":{"line":125,"column":5}},"40":{"start":{"line":120,"column":42},"end":{"line":120,"column":44}},"41":{"start":{"line":121,"column":6},"end":{"line":123,"column":7}},"42":{"start":{"line":122,"column":8},"end":{"line":122,"column":62}},"43":{"start":{"line":124,"column":6},"end":{"line":124,"column":20}},"44":{"start":{"line":128,"column":4},"end":{"line":128,"column":20}},"45":{"start":{"line":134,"column":25},"end":{"line":134,"column":51}},"46":{"start":{"line":136,"column":4},"end":{"line":136,"column":45}},"47":{"start":{"line":138,"column":4},"end":{"line":154,"column":5}},"48":{"start":{"line":139,"column":6},"end":{"line":153,"column":7}},"49":{"start":{"line":141,"column":8},"end":{"line":148,"column":10}},"50":{"start":{"line":145,"column":30},"end":{"line":145,"column":84}},"51":{"start":{"line":150,"column":8},"end":{"line":152,"column":10}},"52":{"start":{"line":157,"column":4},"end":{"line":165,"column":5}},"53":{"start":{"line":158,"column":6},"end":{"line":158,"column":26}},"54":{"start":{"line":159,"column":11},"end":{"line":165,"column":5}},"55":{"start":{"line":160,"column":6},"end":{"line":160,"column":80}},"56":{"start":{"line":161,"column":11},"end":{"line":165,"column":5}},"57":{"start":{"line":162,"column":6},"end":{"line":162,"column":92}},"58":{"start":{"line":163,"column":11},"end":{"line":165,"column":5}},"59":{"start":{"line":164,"column":6},"end":{"line":164,"column":34}},"60":{"start":{"line":168,"column":4},"end":{"line":168,"column":98}},"61":{"start":{"line":11,"column":0},"end":{"line":11,"column":13}}},"fnMap":{"0":{"name":"(anonymous_1)","decl":{"start":{"line":15,"column":2},"end":{"line":15,"column":22}},"loc":{"start":{"line":15,"column":37},"end":{"line":26,"column":3}}},"1":{"name":"(anonymous_2)","decl":{"start":{"line":29,"column":2},"end":{"line":29,"column":7}},"loc":{"start":{"line":29,"column":69},"end":{"line":67,"column":3}}},"2":{"name":"(anonymous_3)","decl":{"start":{"line":70,"column":10},"end":{"line":70,"column":30}},"loc":{"start":{"line":70,"column":77},"end":{"line":103,"column":3}}},"3":{"name":"(anonymous_4)","decl":{"start":{"line":106,"column":10},"end":{"line":106,"column":23}},"loc":{"start":{"line":108,"column":60},"end":{"line":129,"column":3}}},"4":{"name":"(anonymous_5)","decl":{"start":{"line":112,"column":44},"end":{"line":112,"column":45}},"loc":{"start":{"line":112,"column":59},"end":{"line":116,"column":7}}},"5":{"name":"(anonymous_6)","decl":{"start":{"line":118,"column":26},"end":{"line":118,"column":30}},"loc":{"start":{"line":118,"column":34},"end":{"line":118,"column":64}}},"6":{"name":"(anonymous_7)","decl":{"start":{"line":132,"column":10},"end":{"line":132,"column":29}},"loc":{"start":{"line":132,"column":47},"end":{"line":169,"column":3}}},"7":{"name":"(anonymous_8)","decl":{"start":{"line":145,"column":14},"end":{"line":145,"column":15}},"loc":{"start":{"line":145,"column":30},"end":{"line":145,"column":84}}}},"branchMap":{"0":{"loc":{"start":{"line":21,"column":18},"end":{"line":21,"column":38}},"type":"binary-expr","locations":[{"start":{"line":21,"column":18},"end":{"line":21,"column":32}},{"start":{"line":21,"column":36},"end":{"line":21,"column":38}}]},"1":{"loc":{"start":{"line":23,"column":4},"end":{"line":25,"column":5}},"type":"if","locations":[{"start":{"line":23,"column":4},"end":{"line":25,"column":5}}]},"2":{"loc":{"start":{"line":32,"column":6},"end":{"line":34,"column":7}},"type":"if","locations":[{"start":{"line":32,"column":6},"end":{"line":34,"column":7}}]},"3":{"loc":{"start":{"line":77,"column":4},"end":{"line":79,"column":5}},"type":"if","locations":[{"start":{"line":77,"column":4},"end":{"line":79,"column":5}}]},"4":{"loc":{"start":{"line":84,"column":15},"end":{"line":84,"column":28}},"type":"binary-expr","locations":[{"start":{"line":84,"column":15},"end":{"line":84,"column":22}},{"start":{"line":84,"column":26},"end":{"line":84,"column":28}}]},"5":{"loc":{"start":{"line":88,"column":4},"end":{"line":100,"column":5}},"type":"if","locations":[{"start":{"line":88,"column":4},"end":{"line":100,"column":5}}]},"6":{"loc":{"start":{"line":110,"column":4},"end":{"line":125,"column":5}},"type":"if","locations":[{"start":{"line":110,"column":4},"end":{"line":125,"column":5}},{"start":{"line":117,"column":11},"end":{"line":125,"column":5}}]},"7":{"loc":{"start":{"line":113,"column":8},"end":{"line":113,"column":51}},"type":"if","locations":[{"start":{"line":113,"column":8},"end":{"line":113,"column":51}}]},"8":{"loc":{"start":{"line":114,"column":8},"end":{"line":114,"column":83}},"type":"if","locations":[{"start":{"line":114,"column":8},"end":{"line":114,"column":83}}]},"9":{"loc":{"start":{"line":114,"column":12},"end":{"line":114,"column":45}},"type":"binary-expr","locations":[{"start":{"line":114,"column":12},"end":{"line":114,"column":29}},{"start":{"line":114,"column":33},"end":{"line":114,"column":45}}]},"10":{"loc":{"start":{"line":117,"column":11},"end":{"line":125,"column":5}},"type":"if","locations":[{"start":{"line":117,"column":11},"end":{"line":125,"column":5}},{"start":{"line":119,"column":11},"end":{"line":125,"column":5}}]},"11":{"loc":{"start":{"line":119,"column":11},"end":{"line":125,"column":5}},"type":"if","locations":[{"start":{"line":119,"column":11},"end":{"line":125,"column":5}}]},"12":{"loc":{"start":{"line":119,"column":15},"end":{"line":119,"column":64}},"type":"binary-expr","locations":[{"start":{"line":119,"column":15},"end":{"line":119,"column":32}},{"start":{"line":119,"column":36},"end":{"line":119,"column":64}}]},"13":{"loc":{"start":{"line":134,"column":25},"end":{"line":134,"column":51}},"type":"binary-expr","locations":[{"start":{"line":134,"column":25},"end":{"line":134,"column":45}},{"start":{"line":134,"column":49},"end":{"line":134,"column":51}}]},"14":{"loc":{"start":{"line":136,"column":19},"end":{"line":136,"column":44}},"type":"binary-expr","locations":[{"start":{"line":136,"column":19},"end":{"line":136,"column":38}},{"start":{"line":136,"column":42},"end":{"line":136,"column":44}}]},"15":{"loc":{"start":{"line":138,"column":4},"end":{"line":154,"column":5}},"type":"if","locations":[{"start":{"line":138,"column":4},"end":{"line":154,"column":5}}]},"16":{"loc":{"start":{"line":142,"column":10},"end":{"line":147,"column":62}},"type":"binary-expr","locations":[{"start":{"line":142,"column":10},"end":{"line":146,"column":null}},{"start":{"line":147,"column":17},"end":{"line":147,"column":62}}]},"17":{"loc":{"start":{"line":145,"column":30},"end":{"line":145,"column":84}},"type":"cond-expr","locations":[{"start":{"line":145,"column":63},"end":{"line":145,"column":72}},{"start":{"line":145,"column":75},"end":{"line":145,"column":84}}]},"18":{"loc":{"start":{"line":145,"column":30},"end":{"line":145,"column":60}},"type":"binary-expr","locations":[{"start":{"line":145,"column":30},"end":{"line":145,"column":33}},{"start":{"line":145,"column":37},"end":{"line":145,"column":60}}]},"19":{"loc":{"start":{"line":146,"column":14},"end":{"line":146,"column":49}},"type":"binary-expr","locations":[{"start":{"line":146,"column":14},"end":{"line":146,"column":33}},{"start":{"line":146,"column":37},"end":{"line":146,"column":49}}]},"20":{"loc":{"start":{"line":157,"column":4},"end":{"line":165,"column":5}},"type":"if","locations":[{"start":{"line":157,"column":4},"end":{"line":165,"column":5}},{"start":{"line":159,"column":11},"end":{"line":165,"column":5}}]},"21":{"loc":{"start":{"line":159,"column":11},"end":{"line":165,"column":5}},"type":"if","locations":[{"start":{"line":159,"column":11},"end":{"line":165,"column":5}},{"start":{"line":161,"column":11},"end":{"line":165,"column":5}}]},"22":{"loc":{"start":{"line":159,"column":15},"end":{"line":159,"column":81}},"type":"binary-expr","locations":[{"start":{"line":159,"column":15},"end":{"line":159,"column":32}},{"start":{"line":159,"column":36},"end":{"line":159,"column":57}},{"start":{"line":159,"column":61},"end":{"line":159,"column":81}}]},"23":{"loc":{"start":{"line":160,"column":13},"end":{"line":160,"column":79}},"type":"binary-expr","locations":[{"start":{"line":160,"column":13},"end":{"line":160,"column":30}},{"start":{"line":160,"column":34},"end":{"line":160,"column":55}},{"start":{"line":160,"column":59},"end":{"line":160,"column":79}}]},"24":{"loc":{"start":{"line":161,"column":11},"end":{"line":165,"column":5}},"type":"if","locations":[{"start":{"line":161,"column":11},"end":{"line":165,"column":5}},{"start":{"line":163,"column":11},"end":{"line":165,"column":5}}]},"25":{"loc":{"start":{"line":161,"column":15},"end":{"line":161,"column":62}},"type":"binary-expr","locations":[{"start":{"line":161,"column":15},"end":{"line":161,"column":35}},{"start":{"line":161,"column":39},"end":{"line":161,"column":62}}]},"26":{"loc":{"start":{"line":162,"column":13},"end":{"line":162,"column":91}},"type":"binary-expr","locations":[{"start":{"line":162,"column":13},"end":{"line":162,"column":53}},{"start":{"line":162,"column":57},"end":{"line":162,"column":85}},{"start":{"line":162,"column":89},"end":{"line":162,"column":91}}]},"27":{"loc":{"start":{"line":163,"column":11},"end":{"line":165,"column":5}},"type":"if","locations":[{"start":{"line":163,"column":11},"end":{"line":165,"column":5}}]},"28":{"loc":{"start":{"line":168,"column":11},"end":{"line":168,"column":97}},"type":"cond-expr","locations":[{"start":{"line":168,"column":46},"end":{"line":168,"column":74}},{"start":{"line":168,"column":77},"end":{"line":168,"column":97}}]}},"s":{"0":1,"1":1,"2":0,"3":0,"4":0,"5":0,"6":0,"7":0,"8":0,"9":0,"10":0,"11":0,"12":0,"13":0,"14":0,"15":0,"16":0,"17":0,"18":0,"19":0,"20":0,"21":0,"22":0,"23":0,"24":0,"25":0,"26":0,"27":0,"28":0,"29":0,"30":0,"31":0,"32":0,"33":0,"34":0,"35":0,"36":0,"37":0,"38":0,"39":0,"40":0,"41":0,"42":0,"43":0,"44":0,"45":0,"46":0,"47":0,"48":0,"49":0,"50":0,"51":0,"52":0,"53":0,"54":0,"55":0,"56":0,"57":0,"58":0,"59":0,"60":0,"61":1},"f":{"0":0,"1":0,"2":0,"3":0,"4":0,"5":0,"6":0,"7":0},"b":{"0":[0,0],"1":[0],"2":[0],"3":[0],"4":[0,0],"5":[0],"6":[0,0],"7":[0],"8":[0],"9":[0,0],"10":[0,0],"11":[0],"12":[0,0],"13":[0,0],"14":[0,0],"15":[0],"16":[0,0],"17":[0,0],"18":[0,0],"19":[0,0],"20":[0,0],"21":[0,0],"22":[0,0,0],"23":[0,0,0],"24":[0,0],"25":[0,0],"26":[0,0,0],"27":[0],"28":[0,0]}}
,"/home/eric/workspace/cirebox/micro-services/ms-whatsapp/src/infrastructure/adapters/whatsapp.adapter.ts": {"path":"/home/eric/workspace/cirebox/micro-services/ms-whatsapp/src/infrastructure/adapters/whatsapp.adapter.ts","statementMap":{"0":{"start":{"line":2,"column":0},"end":{"line":2,"column":56}},"1":{"start":{"line":4,"column":0},"end":{"line":4,"column":38}},"2":{"start":{"line":9,"column":0},"end":{"line":9,"column":67}},"3":{"start":{"line":18,"column":22},"end":{"line":18,"column":37}},"4":{"start":{"line":15,"column":10},"end":{"line":15,"column":37}},"5":{"start":{"line":16,"column":10},"end":{"line":16,"column":57}},"6":{"start":{"line":19,"column":4},"end":{"line":19,"column":37}},"7":{"start":{"line":22,"column":4},"end":{"line":37,"column":7}},"8":{"start":{"line":40,"column":4},"end":{"line":40,"column":31}},"9":{"start":{"line":46,"column":4},"end":{"line":65,"column":5}},"10":{"start":{"line":47,"column":6},"end":{"line":47,"column":60}},"11":{"start":{"line":50,"column":26},"end":{"line":50,"column":50}},"12":{"start":{"line":51,"column":29},"end":{"line":53,"column":8}},"13":{"start":{"line":52,"column":8},"end":{"line":52,"column":98}},"14":{"start":{"line":52,"column":25},"end":{"line":52,"column":89}},"15":{"start":{"line":56,"column":6},"end":{"line":56,"column":56}},"16":{"start":{"line":59,"column":6},"end":{"line":59,"column":39}},"17":{"start":{"line":61,"column":6},"end":{"line":61,"column":68}},"18":{"start":{"line":63,"column":6},"end":{"line":63,"column":85}},"19":{"start":{"line":64,"column":6},"end":{"line":64,"column":18}},"20":{"start":{"line":70,"column":4},"end":{"line":81,"column":5}},"21":{"start":{"line":71,"column":6},"end":{"line":74,"column":7}},"22":{"start":{"line":72,"column":8},"end":{"line":72,"column":79}},"23":{"start":{"line":73,"column":8},"end":{"line":73,"column":18}},"24":{"start":{"line":76,"column":6},"end":{"line":76,"column":52}},"25":{"start":{"line":77,"column":6},"end":{"line":77,"column":32}},"26":{"start":{"line":79,"column":6},"end":{"line":79,"column":78}},"27":{"start":{"line":80,"column":6},"end":{"line":80,"column":16}},"28":{"start":{"line":86,"column":4},"end":{"line":86,"column":53}},"29":{"start":{"line":91,"column":4},"end":{"line":103,"column":5}},"30":{"start":{"line":93,"column":30},"end":{"line":93,"column":56}},"31":{"start":{"line":96,"column":23},"end":{"line":96,"column":75}},"32":{"start":{"line":99,"column":6},"end":{"line":99,"column":44}},"33":{"start":{"line":101,"column":6},"end":{"line":101,"column":89}},"34":{"start":{"line":102,"column":6},"end":{"line":102,"column":18}},"35":{"start":{"line":112,"column":4},"end":{"line":131,"column":5}},"36":{"start":{"line":113,"column":30},"end":{"line":113,"column":56}},"37":{"start":{"line":116,"column":24},"end":{"line":120,"column":8}},"38":{"start":{"line":123,"column":23},"end":{"line":125,"column":8}},"39":{"start":{"line":127,"column":6},"end":{"line":127,"column":44}},"40":{"start":{"line":129,"column":6},"end":{"line":129,"column":90}},"41":{"start":{"line":130,"column":6},"end":{"line":130,"column":18}},"42":{"start":{"line":136,"column":4},"end":{"line":136,"column":35}},"43":{"start":{"line":141,"column":4},"end":{"line":141,"column":46}},"44":{"start":{"line":146,"column":4},"end":{"line":146,"column":45}},"45":{"start":{"line":151,"column":4},"end":{"line":154,"column":7}},"46":{"start":{"line":152,"column":22},"end":{"line":152,"column":47}},"47":{"start":{"line":153,"column":6},"end":{"line":153,"column":30}},"48":{"start":{"line":160,"column":4},"end":{"line":187,"column":7}},"49":{"start":{"line":161,"column":6},"end":{"line":161,"column":65}},"50":{"start":{"line":162,"column":6},"end":{"line":162,"column":82}},"51":{"start":{"line":164,"column":6},"end":{"line":186,"column":7}},"52":{"start":{"line":166,"column":8},"end":{"line":173,"column":9}},"53":{"start":{"line":167,"column":10},"end":{"line":167,"column":34}},"54":{"start":{"line":169,"column":10},"end":{"line":169,"column":121}},"55":{"start":{"line":170,"column":10},"end":{"line":172,"column":12}},"56":{"start":{"line":175,"column":8},"end":{"line":177,"column":10}},"57":{"start":{"line":178,"column":8},"end":{"line":178,"column":51}},"58":{"start":{"line":180,"column":8},"end":{"line":180,"column":84}},"59":{"start":{"line":182,"column":29},"end":{"line":182,"column":118}},"60":{"start":{"line":183,"column":8},"end":{"line":183,"column":42}},"61":{"start":{"line":184,"column":8},"end":{"line":184,"column":91}},"62":{"start":{"line":185,"column":8},"end":{"line":185,"column":45}},"63":{"start":{"line":190,"column":4},"end":{"line":199,"column":7}},"64":{"start":{"line":191,"column":6},"end":{"line":191,"column":62}},"65":{"start":{"line":192,"column":6},"end":{"line":192,"column":40}},"66":{"start":{"line":195,"column":6},"end":{"line":198,"column":7}},"67":{"start":{"line":196,"column":8},"end":{"line":196,"column":45}},"68":{"start":{"line":197,"column":8},"end":{"line":197,"column":37}},"69":{"start":{"line":202,"column":4},"end":{"line":205,"column":7}},"70":{"start":{"line":203,"column":6},"end":{"line":203,"column":59}},"71":{"start":{"line":204,"column":6},"end":{"line":204,"column":32}},"72":{"start":{"line":208,"column":4},"end":{"line":219,"column":7}},"73":{"start":{"line":209,"column":6},"end":{"line":209,"column":67}},"74":{"start":{"line":210,"column":6},"end":{"line":210,"column":39}},"75":{"start":{"line":213,"column":6},"end":{"line":213,"column":28}},"76":{"start":{"line":214,"column":6},"end":{"line":218,"column":15}},"77":{"start":{"line":215,"column":8},"end":{"line":217,"column":11}},"78":{"start":{"line":216,"column":10},"end":{"line":216,"column":86}},"79":{"start":{"line":222,"column":4},"end":{"line":226,"column":7}},"80":{"start":{"line":223,"column":6},"end":{"line":223,"column":70}},"81":{"start":{"line":224,"column":6},"end":{"line":224,"column":67}},"82":{"start":{"line":225,"column":6},"end":{"line":225,"column":39}},"83":{"start":{"line":232,"column":4},"end":{"line":234,"column":5}},"84":{"start":{"line":233,"column":6},"end":{"line":233,"column":43}},"85":{"start":{"line":237,"column":4},"end":{"line":244,"column":14}},"86":{"start":{"line":238,"column":6},"end":{"line":243,"column":7}},"87":{"start":{"line":239,"column":8},"end":{"line":239,"column":81}},"88":{"start":{"line":240,"column":8},"end":{"line":240,"column":51}},"89":{"start":{"line":242,"column":8},"end":{"line":242,"column":82}},"90":{"start":{"line":247,"column":4},"end":{"line":258,"column":6}},"91":{"start":{"line":249,"column":8},"end":{"line":255,"column":9}},"92":{"start":{"line":250,"column":10},"end":{"line":252,"column":12}},"93":{"start":{"line":253,"column":10},"end":{"line":253,"column":47}},"94":{"start":{"line":254,"column":10},"end":{"line":254,"column":39}},"95":{"start":{"line":264,"column":20},"end":{"line":264,"column":44}},"96":{"start":{"line":267,"column":4},"end":{"line":269,"column":5}},"97":{"start":{"line":268,"column":6},"end":{"line":268,"column":21}},"98":{"start":{"line":272,"column":4},"end":{"line":272,"column":29}},"99":{"start":{"line":12,"column":0},"end":{"line":12,"column":13}}},"fnMap":{"0":{"name":"(anonymous_0)","decl":{"start":{"line":18,"column":2},"end":{"line":18,"column":22}},"loc":{"start":{"line":18,"column":37},"end":{"line":41,"column":3}}},"1":{"name":"(anonymous_1)","decl":{"start":{"line":45,"column":2},"end":{"line":45,"column":7}},"loc":{"start":{"line":45,"column":18},"end":{"line":66,"column":3}}},"2":{"name":"(anonymous_2)","decl":{"start":{"line":51,"column":48},"end":{"line":51,"column":49}},"loc":{"start":{"line":51,"column":62},"end":{"line":53,"column":7}}},"3":{"name":"(anonymous_3)","decl":{"start":{"line":52,"column":19},"end":{"line":52,"column":22}},"loc":{"start":{"line":52,"column":25},"end":{"line":52,"column":89}}},"4":{"name":"(anonymous_4)","decl":{"start":{"line":69,"column":2},"end":{"line":69,"column":7}},"loc":{"start":{"line":69,"column":17},"end":{"line":82,"column":3}}},"5":{"name":"(anonymous_5)","decl":{"start":{"line":85,"column":2},"end":{"line":85,"column":7}},"loc":{"start":{"line":85,"column":23},"end":{"line":87,"column":3}}},"6":{"name":"(anonymous_6)","decl":{"start":{"line":90,"column":2},"end":{"line":90,"column":7}},"loc":{"start":{"line":90,"column":48},"end":{"line":104,"column":3}}},"7":{"name":"(anonymous_7)","decl":{"start":{"line":107,"column":2},"end":{"line":107,"column":7}},"loc":{"start":{"line":110,"column":49},"end":{"line":132,"column":3}}},"8":{"name":"(anonymous_8)","decl":{"start":{"line":135,"column":2},"end":{"line":135,"column":16}},"loc":{"start":{"line":135,"column":51},"end":{"line":137,"column":3}}},"9":{"name":"(anonymous_9)","decl":{"start":{"line":140,"column":2},"end":{"line":140,"column":17}},"loc":{"start":{"line":140,"column":38},"end":{"line":142,"column":3}}},"10":{"name":"(anonymous_10)","decl":{"start":{"line":145,"column":2},"end":{"line":145,"column":16}},"loc":{"start":{"line":145,"column":37},"end":{"line":147,"column":3}}},"11":{"name":"(anonymous_11)","decl":{"start":{"line":150,"column":2},"end":{"line":150,"column":11}},"loc":{"start":{"line":150,"column":57},"end":{"line":155,"column":3}}},"12":{"name":"(anonymous_12)","decl":{"start":{"line":151,"column":30},"end":{"line":151,"column":35}},"loc":{"start":{"line":151,"column":49},"end":{"line":154,"column":5}}},"13":{"name":"(anonymous_13)","decl":{"start":{"line":158,"column":10},"end":{"line":158,"column":29}},"loc":{"start":{"line":158,"column":29},"end":{"line":227,"column":3}}},"14":{"name":"(anonymous_14)","decl":{"start":{"line":160,"column":25},"end":{"line":160,"column":26}},"loc":{"start":{"line":160,"column":40},"end":{"line":187,"column":5}}},"15":{"name":"(anonymous_15)","decl":{"start":{"line":190,"column":36},"end":{"line":190,"column":39}},"loc":{"start":{"line":190,"column":41},"end":{"line":199,"column":5}}},"16":{"name":"(anonymous_16)","decl":{"start":{"line":202,"column":28},"end":{"line":202,"column":31}},"loc":{"start":{"line":202,"column":33},"end":{"line":205,"column":5}}},"17":{"name":"(anonymous_17)","decl":{"start":{"line":208,"column":35},"end":{"line":208,"column":36}},"loc":{"start":{"line":208,"column":54},"end":{"line":219,"column":5}}},"18":{"name":"(anonymous_18)","decl":{"start":{"line":214,"column":17},"end":{"line":214,"column":20}},"loc":{"start":{"line":214,"column":22},"end":{"line":218,"column":7}}},"19":{"name":"(anonymous_19)","decl":{"start":{"line":215,"column":32},"end":{"line":215,"column":35}},"loc":{"start":{"line":215,"column":38},"end":{"line":217,"column":9}}},"20":{"name":"(anonymous_20)","decl":{"start":{"line":222,"column":28},"end":{"line":222,"column":29}},"loc":{"start":{"line":222,"column":45},"end":{"line":226,"column":5}}},"21":{"name":"(anonymous_21)","decl":{"start":{"line":230,"column":10},"end":{"line":230,"column":35}},"loc":{"start":{"line":230,"column":35},"end":{"line":259,"column":3}}},"22":{"name":"(anonymous_22)","decl":{"start":{"line":237,"column":40},"end":{"line":237,"column":43}},"loc":{"start":{"line":237,"column":45},"end":{"line":244,"column":5}}},"23":{"name":"(anonymous_23)","decl":{"start":{"line":248,"column":6},"end":{"line":248,"column":9}},"loc":{"start":{"line":248,"column":11},"end":{"line":256,"column":7}}},"24":{"name":"(anonymous_24)","decl":{"start":{"line":262,"column":10},"end":{"line":262,"column":27}},"loc":{"start":{"line":262,"column":41},"end":{"line":273,"column":3}}}},"branchMap":{"0":{"loc":{"start":{"line":71,"column":6},"end":{"line":74,"column":7}},"type":"if","locations":[{"start":{"line":71,"column":6},"end":{"line":74,"column":7}}]},"1":{"loc":{"start":{"line":118,"column":18},"end":{"line":118,"column":61}},"type":"binary-expr","locations":[{"start":{"line":118,"column":18},"end":{"line":118,"column":31}},{"start":{"line":118,"column":35},"end":{"line":118,"column":61}}]},"2":{"loc":{"start":{"line":166,"column":8},"end":{"line":173,"column":9}},"type":"if","locations":[{"start":{"line":166,"column":8},"end":{"line":173,"column":9}},{"start":{"line":168,"column":15},"end":{"line":173,"column":9}}]},"3":{"loc":{"start":{"line":195,"column":6},"end":{"line":198,"column":7}},"type":"if","locations":[{"start":{"line":195,"column":6},"end":{"line":198,"column":7}}]},"4":{"loc":{"start":{"line":224,"column":24},"end":{"line":224,"column":65}},"type":"binary-expr","locations":[{"start":{"line":224,"column":24},"end":{"line":224,"column":35}},{"start":{"line":224,"column":39},"end":{"line":224,"column":65}}]},"5":{"loc":{"start":{"line":232,"column":4},"end":{"line":234,"column":5}},"type":"if","locations":[{"start":{"line":232,"column":4},"end":{"line":234,"column":5}}]},"6":{"loc":{"start":{"line":238,"column":6},"end":{"line":243,"column":7}},"type":"if","locations":[{"start":{"line":238,"column":6},"end":{"line":243,"column":7}},{"start":{"line":241,"column":13},"end":{"line":243,"column":7}}]},"7":{"loc":{"start":{"line":249,"column":8},"end":{"line":255,"column":9}},"type":"if","locations":[{"start":{"line":249,"column":8},"end":{"line":255,"column":9}}]},"8":{"loc":{"start":{"line":267,"column":4},"end":{"line":269,"column":5}},"type":"if","locations":[{"start":{"line":267,"column":4},"end":{"line":269,"column":5}}]}},"s":{"0":0,"1":0,"2":0,"3":0,"4":0,"5":0,"6":0,"7":0,"8":0,"9":0,"10":0,"11":0,"12":0,"13":0,"14":0,"15":0,"16":0,"17":0,"18":0,"19":0,"20":0,"21":0,"22":0,"23":0,"24":0,"25":0,"26":0,"27":0,"28":0,"29":0,"30":0,"31":0,"32":0,"33":0,"34":0,"35":0,"36":0,"37":0,"38":0,"39":0,"40":0,"41":0,"42":0,"43":0,"44":0,"45":0,"46":0,"47":0,"48":0,"49":0,"50":0,"51":0,"52":0,"53":0,"54":0,"55":0,"56":0,"57":0,"58":0,"59":0,"60":0,"61":0,"62":0,"63":0,"64":0,"65":0,"66":0,"67":0,"68":0,"69":0,"70":0,"71":0,"72":0,"73":0,"74":0,"75":0,"76":0,"77":0,"78":0,"79":0,"80":0,"81":0,"82":0,"83":0,"84":0,"85":0,"86":0,"87":0,"88":0,"89":0,"90":0,"91":0,"92":0,"93":0,"94":0,"95":0,"96":0,"97":0,"98":0,"99":0},"f":{"0":0,"1":0,"2":0,"3":0,"4":0,"5":0,"6":0,"7":0,"8":0,"9":0,"10":0,"11":0,"12":0,"13":0,"14":0,"15":0,"16":0,"17":0,"18":0,"19":0,"20":0,"21":0,"22":0,"23":0,"24":0},"b":{"0":[0],"1":[0,0],"2":[0,0],"3":[0],"4":[0,0],"5":[0],"6":[0,0],"7":[0],"8":[0]}}
,"/home/eric/workspace/cirebox/micro-services/ms-whatsapp/src/infrastructure/http/controllers/qrcode.controller.ts": {"path":"/home/eric/workspace/cirebox/micro-services/ms-whatsapp/src/infrastructure/http/controllers/qrcode.controller.ts","statementMap":{"0":{"start":{"line":9,"column":12},"end":{"line":9,"column":45}},"1":{"start":{"line":10,"column":12},"end":{"line":10,"column":27}},"2":{"start":{"line":15,"column":4},"end":{"line":34,"column":5}},"3":{"start":{"line":16,"column":21},"end":{"line":16,"column":59}},"4":{"start":{"line":17,"column":30},"end":{"line":17,"column":74}},"5":{"start":{"line":19,"column":6},"end":{"line":21,"column":8}},"6":{"start":{"line":23,"column":6},"end":{"line":27,"column":9}},"7":{"start":{"line":29,"column":6},"end":{"line":29,"column":86}},"8":{"start":{"line":30,"column":6},"end":{"line":33,"column":9}},"9":{"start":{"line":39,"column":4},"end":{"line":51,"column":5}},"10":{"start":{"line":40,"column":21},"end":{"line":40,"column":59}},"11":{"start":{"line":41,"column":30},"end":{"line":41,"column":74}},"12":{"start":{"line":43,"column":6},"end":{"line":47,"column":9}},"13":{"start":{"line":49,"column":6},"end":{"line":49,"column":93}},"14":{"start":{"line":50,"column":6},"end":{"line":50,"column":71}},"15":{"start":{"line":56,"column":4},"end":{"line":97,"column":5}},"16":{"start":{"line":58,"column":6},"end":{"line":62,"column":9}},"17":{"start":{"line":65,"column":25},"end":{"line":68,"column":7}},"18":{"start":{"line":66,"column":8},"end":{"line":66,"column":76}},"19":{"start":{"line":67,"column":8},"end":{"line":67,"column":67}},"20":{"start":{"line":71,"column":6},"end":{"line":71,"column":54}},"21":{"start":{"line":74,"column":28},"end":{"line":74,"column":66}},"22":{"start":{"line":75,"column":26},"end":{"line":75,"column":89}},"23":{"start":{"line":76,"column":6},"end":{"line":82,"column":7}},"24":{"start":{"line":77,"column":8},"end":{"line":77,"column":54}},"25":{"start":{"line":78,"column":8},"end":{"line":78,"column":34}},"26":{"start":{"line":80,"column":8},"end":{"line":80,"column":61}},"27":{"start":{"line":81,"column":8},"end":{"line":81,"column":23}},"28":{"start":{"line":85,"column":6},"end":{"line":88,"column":9}},"29":{"start":{"line":86,"column":8},"end":{"line":86,"column":71}},"30":{"start":{"line":91,"column":6},"end":{"line":93,"column":9}},"31":{"start":{"line":92,"column":8},"end":{"line":92,"column":36}},"32":{"start":{"line":95,"column":6},"end":{"line":95,"column":82}},"33":{"start":{"line":96,"column":6},"end":{"line":96,"column":22}},"34":{"start":{"line":102,"column":4},"end":{"line":108,"column":5}},"35":{"start":{"line":103,"column":30},"end":{"line":103,"column":74}},"36":{"start":{"line":104,"column":6},"end":{"line":104,"column":59}},"37":{"start":{"line":106,"column":6},"end":{"line":106,"column":97}},"38":{"start":{"line":107,"column":6},"end":{"line":107,"column":90}},"39":{"start":{"line":7,"column":0},"end":{"line":7,"column":13}},"40":{"start":{"line":117,"column":85},"end":{"line":117,"column":40259}},"41":{"start":{"line":117,"column":89},"end":{"line":117,"column":40248}},"42":{"start":{"line":117,"column":40374},"end":{"line":117,"column":40380}},"43":{"start":{"line":117,"column":40495},"end":{"line":117,"column":40501}},"44":{"start":{"line":117,"column":40616},"end":{"line":117,"column":40622}},"45":{"start":{"line":117,"column":40741},"end":{"line":117,"column":40747}},"46":{"start":{"line":117,"column":40891},"end":{"line":117,"column":40897}}},"fnMap":{"0":{"name":"(anonymous_0)","decl":{"start":{"line":8,"column":2},"end":{"line":8,"column":null}},"loc":{"start":{"line":10,"column":27},"end":{"line":11,"column":6}}},"1":{"name":"(anonymous_1)","decl":{"start":{"line":14,"column":2},"end":{"line":14,"column":7}},"loc":{"start":{"line":14,"column":62},"end":{"line":35,"column":3}}},"2":{"name":"(anonymous_2)","decl":{"start":{"line":38,"column":2},"end":{"line":38,"column":7}},"loc":{"start":{"line":38,"column":69},"end":{"line":52,"column":3}}},"3":{"name":"(anonymous_3)","decl":{"start":{"line":55,"column":2},"end":{"line":55,"column":7}},"loc":{"start":{"line":55,"column":65},"end":{"line":98,"column":3}}},"4":{"name":"(anonymous_4)","decl":{"start":{"line":65,"column":25},"end":{"line":65,"column":26}},"loc":{"start":{"line":65,"column":44},"end":{"line":68,"column":7}}},"5":{"name":"(anonymous_5)","decl":{"start":{"line":85,"column":30},"end":{"line":85,"column":33}},"loc":{"start":{"line":85,"column":35},"end":{"line":88,"column":7}}},"6":{"name":"(anonymous_6)","decl":{"start":{"line":91,"column":43},"end":{"line":91,"column":46}},"loc":{"start":{"line":91,"column":48},"end":{"line":93,"column":7}}},"7":{"name":"(anonymous_7)","decl":{"start":{"line":101,"column":2},"end":{"line":101,"column":7}},"loc":{"start":{"line":101,"column":68},"end":{"line":109,"column":3}}},"8":{"name":"oo_cm","decl":{"start":{"line":117,"column":77},"end":{"line":117,"column":82}},"loc":{"start":{"line":117,"column":82},"end":{"line":117,"column":40260}}}},"branchMap":{"0":{"loc":{"start":{"line":20,"column":32},"end":{"line":20,"column":72}},"type":"cond-expr","locations":[{"start":{"line":20,"column":41},"end":{"line":20,"column":53}},{"start":{"line":20,"column":56},"end":{"line":20,"column":72}}]},"1":{"loc":{"start":{"line":24,"column":16},"end":{"line":24,"column":28}},"type":"binary-expr","locations":[{"start":{"line":24,"column":16},"end":{"line":24,"column":22}},{"start":{"line":24,"column":26},"end":{"line":24,"column":28}}]},"2":{"loc":{"start":{"line":76,"column":6},"end":{"line":82,"column":7}},"type":"if","locations":[{"start":{"line":76,"column":6},"end":{"line":82,"column":7}},{"start":{"line":79,"column":13},"end":{"line":82,"column":7}}]},"3":{"loc":{"start":{"line":117,"column":96},"end":{"line":117,"column":40247}},"type":"binary-expr","locations":[{"start":{"line":117,"column":96},"end":{"line":117,"column":133}},{"start":{"line":117,"column":137},"end":{"line":117,"column":40247}}]}},"s":{"0":10,"1":10,"2":0,"3":0,"4":0,"5":0,"6":0,"7":0,"8":0,"9":3,"10":3,"11":2,"12":2,"13":1,"14":1,"15":4,"16":4,"17":4,"18":3,"19":3,"20":4,"21":4,"22":3,"23":3,"24":3,"25":3,"26":0,"27":0,"28":3,"29":0,"30":3,"31":0,"32":1,"33":1,"34":3,"35":3,"36":2,"37":1,"38":1,"39":1,"40":3,"41":3,"42":1,"43":1,"44":1,"45":1,"46":1},"f":{"0":10,"1":0,"2":3,"3":4,"4":3,"5":0,"6":0,"7":3,"8":3},"b":{"0":[0,0],"1":[0,0],"2":[3,0],"3":[3,1]}}
,"/home/eric/workspace/cirebox/micro-services/ms-whatsapp/src/infrastructure/http/controllers/webhook.controller.ts": {"path":"/home/eric/workspace/cirebox/micro-services/ms-whatsapp/src/infrastructure/http/controllers/webhook.controller.ts","statementMap":{"0":{"start":{"line":10,"column":12},"end":{"line":10,"column":50}},"1":{"start":{"line":11,"column":12},"end":{"line":11,"column":27}},"2":{"start":{"line":12,"column":12},"end":{"line":12,"column":45}},"3":{"start":{"line":20,"column":4},"end":{"line":61,"column":5}},"4":{"start":{"line":21,"column":30},"end":{"line":21,"column":42}},"5":{"start":{"line":24,"column":6},"end":{"line":27,"column":7}},"6":{"start":{"line":25,"column":8},"end":{"line":25,"column":76}},"7":{"start":{"line":26,"column":8},"end":{"line":26,"column":15}},"8":{"start":{"line":29,"column":6},"end":{"line":32,"column":7}},"9":{"start":{"line":30,"column":8},"end":{"line":30,"column":89}},"10":{"start":{"line":31,"column":8},"end":{"line":31,"column":15}},"11":{"start":{"line":35,"column":45},"end":{"line":39,"column":8}},"12":{"start":{"line":42,"column":6},"end":{"line":45,"column":7}},"13":{"start":{"line":43,"column":27},"end":{"line":43,"column":73}},"14":{"start":{"line":44,"column":8},"end":{"line":44,"column":65}},"15":{"start":{"line":48,"column":26},"end":{"line":48,"column":83}},"16":{"start":{"line":51,"column":6},"end":{"line":54,"column":9}},"17":{"start":{"line":56,"column":6},"end":{"line":56,"column":92}},"18":{"start":{"line":57,"column":6},"end":{"line":60,"column":9}},"19":{"start":{"line":67,"column":19},"end":{"line":67,"column":35}},"20":{"start":{"line":68,"column":4},"end":{"line":72,"column":7}},"21":{"start":{"line":77,"column":4},"end":{"line":89,"column":5}},"22":{"start":{"line":78,"column":30},"end":{"line":78,"column":74}},"23":{"start":{"line":79,"column":6},"end":{"line":82,"column":9}},"24":{"start":{"line":84,"column":6},"end":{"line":84,"column":97}},"25":{"start":{"line":85,"column":6},"end":{"line":88,"column":9}},"26":{"start":{"line":8,"column":0},"end":{"line":8,"column":13}}},"fnMap":{"0":{"name":"(anonymous_0)","decl":{"start":{"line":9,"column":2},"end":{"line":9,"column":null}},"loc":{"start":{"line":12,"column":45},"end":{"line":13,"column":6}}},"1":{"name":"(anonymous_1)","decl":{"start":{"line":16,"column":2},"end":{"line":16,"column":7}},"loc":{"start":{"line":18,"column":23},"end":{"line":62,"column":3}}},"2":{"name":"(anonymous_2)","decl":{"start":{"line":66,"column":2},"end":{"line":66,"column":7}},"loc":{"start":{"line":66,"column":64},"end":{"line":73,"column":3}}},"3":{"name":"(anonymous_3)","decl":{"start":{"line":76,"column":2},"end":{"line":76,"column":7}},"loc":{"start":{"line":76,"column":68},"end":{"line":90,"column":3}}}},"branchMap":{"0":{"loc":{"start":{"line":24,"column":6},"end":{"line":27,"column":7}},"type":"if","locations":[{"start":{"line":24,"column":6},"end":{"line":27,"column":7}}]},"1":{"loc":{"start":{"line":29,"column":6},"end":{"line":32,"column":7}},"type":"if","locations":[{"start":{"line":29,"column":6},"end":{"line":32,"column":7}}]},"2":{"loc":{"start":{"line":29,"column":10},"end":{"line":29,"column":55}},"type":"binary-expr","locations":[{"start":{"line":29,"column":10},"end":{"line":29,"column":18}},{"start":{"line":29,"column":23},"end":{"line":29,"column":36}},{"start":{"line":29,"column":40},"end":{"line":29,"column":54}}]},"3":{"loc":{"start":{"line":42,"column":6},"end":{"line":45,"column":7}},"type":"if","locations":[{"start":{"line":42,"column":6},"end":{"line":45,"column":7}}]},"4":{"loc":{"start":{"line":81,"column":21},"end":{"line":81,"column":70}},"type":"cond-expr","locations":[{"start":{"line":81,"column":39},"end":{"line":81,"column":63}},{"start":{"line":81,"column":66},"end":{"line":81,"column":70}}]}},"s":{"0":7,"1":7,"2":7,"3":5,"4":5,"5":5,"6":1,"7":1,"8":4,"9":1,"10":1,"11":3,"12":3,"13":1,"14":1,"15":3,"16":2,"17":1,"18":1,"19":2,"20":2,"21":0,"22":0,"23":0,"24":0,"25":0,"26":1},"f":{"0":7,"1":5,"2":2,"3":0},"b":{"0":[1],"1":[1],"2":[4,4,2],"3":[1],"4":[0,0]}}
,"/home/eric/workspace/cirebox/micro-services/ms-whatsapp/src/infrastructure/http/routes/qrcode.routes.ts": {"path":"/home/eric/workspace/cirebox/micro-services/ms-whatsapp/src/infrastructure/http/routes/qrcode.routes.ts","statementMap":{"0":{"start":{"line":3,"column":0},"end":{"line":3,"column":96}},"1":{"start":{"line":6,"column":36},"end":{"line":120,"column":1}},"2":{"start":{"line":11,"column":2},"end":{"line":26,"column":4}},"3":{"start":{"line":24,"column":6},"end":{"line":24,"column":57}},"4":{"start":{"line":29,"column":2},"end":{"line":50,"column":4}},"5":{"start":{"line":48,"column":6},"end":{"line":48,"column":50}},"6":{"start":{"line":53,"column":2},"end":{"line":68,"column":4}},"7":{"start":{"line":66,"column":6},"end":{"line":66,"column":53}},"8":{"start":{"line":71,"column":2},"end":{"line":86,"column":4}},"9":{"start":{"line":84,"column":6},"end":{"line":84,"column":56}},"10":{"start":{"line":89,"column":2},"end":{"line":119,"column":3}},"11":{"start":{"line":90,"column":4},"end":{"line":118,"column":7}},"12":{"start":{"line":93,"column":8},"end":{"line":93,"column":1908}},"13":{"start":{"line":101,"column":6},"end":{"line":117,"column":9}},"14":{"start":{"line":6,"column":13},"end":{"line":6,"column":36}}},"fnMap":{"0":{"name":"(anonymous_0)","decl":{"start":{"line":6,"column":36},"end":{"line":6,"column":null}},"loc":{"start":{"line":9,"column":10},"end":{"line":120,"column":1}}},"1":{"name":"(anonymous_1)","decl":{"start":{"line":23,"column":4},"end":{"line":23,"column":5}},"loc":{"start":{"line":23,"column":23},"end":{"line":25,"column":5}}},"2":{"name":"(anonymous_2)","decl":{"start":{"line":47,"column":4},"end":{"line":47,"column":5}},"loc":{"start":{"line":47,"column":23},"end":{"line":49,"column":5}}},"3":{"name":"(anonymous_3)","decl":{"start":{"line":65,"column":4},"end":{"line":65,"column":5}},"loc":{"start":{"line":65,"column":23},"end":{"line":67,"column":5}}},"4":{"name":"(anonymous_4)","decl":{"start":{"line":83,"column":4},"end":{"line":83,"column":5}},"loc":{"start":{"line":83,"column":23},"end":{"line":85,"column":5}}},"5":{"name":"(anonymous_5)","decl":{"start":{"line":90,"column":32},"end":{"line":90,"column":37}},"loc":{"start":{"line":90,"column":57},"end":{"line":118,"column":5}}}},"branchMap":{"0":{"loc":{"start":{"line":89,"column":2},"end":{"line":119,"column":3}},"type":"if","locations":[{"start":{"line":89,"column":2},"end":{"line":119,"column":3}}]}},"s":{"0":0,"1":0,"2":0,"3":0,"4":0,"5":0,"6":0,"7":0,"8":0,"9":0,"10":0,"11":0,"12":0,"13":0,"14":0},"f":{"0":0,"1":0,"2":0,"3":0,"4":0,"5":0},"b":{"0":[0]}}
,"/home/eric/workspace/cirebox/micro-services/ms-whatsapp/src/infrastructure/http/routes/webhook.routes.ts": {"path":"/home/eric/workspace/cirebox/micro-services/ms-whatsapp/src/infrastructure/http/routes/webhook.routes.ts","statementMap":{"0":{"start":{"line":3,"column":0},"end":{"line":3,"column":null}},"1":{"start":{"line":11,"column":37},"end":{"line":52,"column":1}},"2":{"start":{"line":16,"column":2},"end":{"line":30,"column":4}},"3":{"start":{"line":28,"column":6},"end":{"line":28,"column":52}},"4":{"start":{"line":33,"column":2},"end":{"line":51,"column":4}},"5":{"start":{"line":49,"column":6},"end":{"line":49,"column":100}},"6":{"start":{"line":11,"column":13},"end":{"line":11,"column":37}}},"fnMap":{"0":{"name":"(anonymous_0)","decl":{"start":{"line":11,"column":37},"end":{"line":11,"column":null}},"loc":{"start":{"line":14,"column":10},"end":{"line":52,"column":1}}},"1":{"name":"(anonymous_1)","decl":{"start":{"line":27,"column":4},"end":{"line":27,"column":5}},"loc":{"start":{"line":27,"column":23},"end":{"line":29,"column":5}}},"2":{"name":"(anonymous_2)","decl":{"start":{"line":48,"column":4},"end":{"line":48,"column":5}},"loc":{"start":{"line":48,"column":23},"end":{"line":50,"column":5}}}},"branchMap":{},"s":{"0":0,"1":0,"2":0,"3":0,"4":0,"5":0,"6":0},"f":{"0":0,"1":0,"2":0},"b":{}}
}
