{"/home/eric/workspace/trampay/ms-whatsapp/src/config/env.ts": {"path":"/home/eric/workspace/trampay/ms-whatsapp/src/config/env.ts","statementMap":{"0":{"start":{"line":1,"column":0},"end":{"line":1,"column":28}},"1":{"start":{"line":4,"column":0},"end":{"line":4,"column":16}},"2":{"start":{"line":23,"column":23},"end":{"line":37,"column":2}},"3":{"start":{"line":40,"column":0},"end":{"line":49,"column":1}},"4":{"start":{"line":41,"column":2},"end":{"line":44,"column":4}},"5":{"start":{"line":45,"column":2},"end":{"line":48,"column":4}},"6":{"start":{"line":51,"column":0},"end":{"line":51,"column":19}}},"fnMap":{},"branchMap":{"0":{"loc":{"start":{"line":25,"column":19},"end":{"line":25,"column":45}},"type":"binary-expr","locations":[{"start":{"line":25,"column":19},"end":{"line":25,"column":35}},{"start":{"line":25,"column":39},"end":{"line":25,"column":45}}]},"1":{"loc":{"start":{"line":26,"column":10},"end":{"line":26,"column":39}},"type":"binary-expr","locations":[{"start":{"line":26,"column":10},"end":{"line":26,"column":26}},{"start":{"line":26,"column":30},"end":{"line":26,"column":39}}]},"2":{"loc":{"start":{"line":29,"column":12},"end":{"line":29,"column":41}},"type":"binary-expr","locations":[{"start":{"line":29,"column":12},"end":{"line":29,"column":35}},{"start":{"line":29,"column":39},"end":{"line":29,"column":41}}]},"3":{"loc":{"start":{"line":30,"column":12},"end":{"line":30,"column":41}},"type":"binary-expr","locations":[{"start":{"line":30,"column":12},"end":{"line":30,"column":35}},{"start":{"line":30,"column":39},"end":{"line":30,"column":41}}]},"4":{"loc":{"start":{"line":31,"column":19},"end":{"line":31,"column":55}},"type":"binary-expr","locations":[{"start":{"line":31,"column":19},"end":{"line":31,"column":49}},{"start":{"line":31,"column":53},"end":{"line":31,"column":55}}]},"5":{"loc":{"start":{"line":32,"column":18},"end":{"line":32,"column":53}},"type":"binary-expr","locations":[{"start":{"line":32,"column":18},"end":{"line":32,"column":47}},{"start":{"line":32,"column":51},"end":{"line":32,"column":53}}]},"6":{"loc":{"start":{"line":35,"column":11},"end":{"line":35,"column":42}},"type":"binary-expr","locations":[{"start":{"line":35,"column":11},"end":{"line":35,"column":32}},{"start":{"line":35,"column":36},"end":{"line":35,"column":42}}]},"7":{"loc":{"start":{"line":40,"column":0},"end":{"line":49,"column":1}},"type":"if","locations":[{"start":{"line":40,"column":0},"end":{"line":49,"column":1}}]}},"s":{"0":1,"1":1,"2":1,"3":1,"4":0,"5":0,"6":1},"f":{},"b":{"0":[1,0],"1":[1,0],"2":[1,0],"3":[1,0],"4":[1,1],"5":[1,1],"6":[1,0],"7":[0]}}
,"/home/eric/workspace/trampay/ms-whatsapp/src/config/logger.ts": {"path":"/home/eric/workspace/trampay/ms-whatsapp/src/config/logger.ts","statementMap":{"0":{"start":{"line":1,"column":0},"end":{"line":1,"column":24}},"1":{"start":{"line":2,"column":0},"end":{"line":2,"column":24}},"2":{"start":{"line":5,"column":15},"end":{"line":15,"column":2}},"3":{"start":{"line":17,"column":0},"end":{"line":17,"column":22}}},"fnMap":{},"branchMap":{},"s":{"0":0,"1":0,"2":0,"3":0},"f":{},"b":{}}
,"/home/eric/workspace/trampay/ms-whatsapp/src/config/swagger-schemas.ts": {"path":"/home/eric/workspace/trampay/ms-whatsapp/src/config/swagger-schemas.ts","statementMap":{"0":{"start":{"line":3,"column":13},"end":{"line":11,"column":2}},"1":{"start":{"line":13,"column":13},"end":{"line":20,"column":2}},"2":{"start":{"line":22,"column":13},"end":{"line":32,"column":2}},"3":{"start":{"line":34,"column":13},"end":{"line":40,"column":2}},"4":{"start":{"line":42,"column":13},"end":{"line":48,"column":2}},"5":{"start":{"line":50,"column":13},"end":{"line":57,"column":2}},"6":{"start":{"line":59,"column":13},"end":{"line":65,"column":2}}},"fnMap":{},"branchMap":{},"s":{"0":0,"1":0,"2":0,"3":0,"4":0,"5":0,"6":0},"f":{},"b":{}}
,"/home/eric/workspace/trampay/ms-whatsapp/src/config/swagger.ts": {"path":"/home/eric/workspace/trampay/ms-whatsapp/src/config/swagger.ts","statementMap":{"0":{"start":{"line":5,"column":13},"end":{"line":34,"column":2}},"1":{"start":{"line":37,"column":13},"end":{"line":44,"column":2}}},"fnMap":{},"branchMap":{},"s":{"0":0,"1":0},"f":{},"b":{}}
,"/home/eric/workspace/trampay/ms-whatsapp/src/domain/entities/message.ts": {"path":"/home/eric/workspace/trampay/ms-whatsapp/src/domain/entities/message.ts","statementMap":{"0":{"start":{"line":11,"column":11},"end":{"line":11,"column":21}},"1":{"start":{"line":12,"column":11},"end":{"line":12,"column":23}},"2":{"start":{"line":13,"column":11},"end":{"line":13,"column":21}},"3":{"start":{"line":14,"column":11},"end":{"line":14,"column":34}},"4":{"start":{"line":15,"column":11},"end":{"line":15,"column":26}},"5":{"start":{"line":16,"column":11},"end":{"line":16,"column":28}},"6":{"start":{"line":22,"column":15},"end":{"line":22,"column":45}},"7":{"start":{"line":25,"column":17},"end":{"line":25,"column":46}},"8":{"start":{"line":26,"column":15},"end":{"line":26,"column":40}},"9":{"start":{"line":29,"column":20},"end":{"line":32,"column":6}},"10":{"start":{"line":35,"column":22},"end":{"line":35,"column":83}},"11":{"start":{"line":38,"column":21},"end":{"line":38,"column":63}},"12":{"start":{"line":40,"column":4},"end":{"line":40,"column":67}},"13":{"start":{"line":45,"column":4},"end":{"line":57,"column":6}},"14":{"start":{"line":62,"column":4},"end":{"line":69,"column":6}},"15":{"start":{"line":9,"column":0},"end":{"line":9,"column":13}}},"fnMap":{"0":{"name":"(anonymous_0)","decl":{"start":{"line":10,"column":2},"end":{"line":10,"column":null}},"loc":{"start":{"line":16,"column":28},"end":{"line":17,"column":6}}},"1":{"name":"(anonymous_1)","decl":{"start":{"line":20,"column":2},"end":{"line":20,"column":8}},"loc":{"start":{"line":20,"column":31},"end":{"line":41,"column":3}}},"2":{"name":"(anonymous_2)","decl":{"start":{"line":44,"column":2},"end":{"line":44,"column":8}},"loc":{"start":{"line":44,"column":26},"end":{"line":58,"column":3}}},"3":{"name":"(anonymous_3)","decl":{"start":{"line":61,"column":2},"end":{"line":61,"column":8}},"loc":{"start":{"line":61,"column":8},"end":{"line":70,"column":3}}}},"branchMap":{"0":{"loc":{"start":{"line":22,"column":15},"end":{"line":22,"column":45}},"type":"binary-expr","locations":[{"start":{"line":22,"column":15},"end":{"line":22,"column":34}},{"start":{"line":22,"column":38},"end":{"line":22,"column":45}}]},"1":{"loc":{"start":{"line":25,"column":17},"end":{"line":25,"column":46}},"type":"binary-expr","locations":[{"start":{"line":25,"column":17},"end":{"line":25,"column":26}},{"start":{"line":25,"column":30},"end":{"line":25,"column":46}}]},"2":{"loc":{"start":{"line":26,"column":15},"end":{"line":26,"column":40}},"type":"binary-expr","locations":[{"start":{"line":26,"column":15},"end":{"line":26,"column":22}},{"start":{"line":26,"column":26},"end":{"line":26,"column":40}}]},"3":{"loc":{"start":{"line":30,"column":12},"end":{"line":30,"column":41}},"type":"binary-expr","locations":[{"start":{"line":30,"column":12},"end":{"line":30,"column":21}},{"start":{"line":30,"column":25},"end":{"line":30,"column":41}}]},"4":{"loc":{"start":{"line":35,"column":31},"end":{"line":35,"column":82}},"type":"cond-expr","locations":[{"start":{"line":35,"column":48},"end":{"line":35,"column":69}},{"start":{"line":35,"column":72},"end":{"line":35,"column":82}}]},"5":{"loc":{"start":{"line":38,"column":21},"end":{"line":38,"column":63}},"type":"binary-expr","locations":[{"start":{"line":38,"column":21},"end":{"line":38,"column":32}},{"start":{"line":38,"column":36},"end":{"line":38,"column":54}},{"start":{"line":38,"column":58},"end":{"line":38,"column":63}}]},"6":{"loc":{"start":{"line":46,"column":6},"end":{"line":46,"column":19}},"type":"binary-expr","locations":[{"start":{"line":46,"column":6},"end":{"line":46,"column":13}},{"start":{"line":46,"column":17},"end":{"line":46,"column":19}}]},"7":{"loc":{"start":{"line":55,"column":6},"end":{"line":55,"column":60}},"type":"cond-expr","locations":[{"start":{"line":55,"column":23},"end":{"line":55,"column":47}},{"start":{"line":55,"column":50},"end":{"line":55,"column":60}}]},"8":{"loc":{"start":{"line":56,"column":6},"end":{"line":56,"column":28}},"type":"binary-expr","locations":[{"start":{"line":56,"column":6},"end":{"line":56,"column":19}},{"start":{"line":56,"column":23},"end":{"line":56,"column":28}}]}},"s":{"0":12,"1":12,"2":12,"3":12,"4":12,"5":12,"6":2,"7":2,"8":2,"9":2,"10":2,"11":2,"12":2,"13":2,"14":1,"15":3},"f":{"0":12,"1":2,"2":2,"3":1},"b":{"0":[2,1],"1":[2,1],"2":[2,1],"3":[2,1],"4":[2,0],"5":[2,2,1],"6":[2,1],"7":[1,1],"8":[2,1]}}
,"/home/eric/workspace/trampay/ms-whatsapp/src/domain/usecases/device-management.usecase.ts": {"path":"/home/eric/workspace/trampay/ms-whatsapp/src/domain/usecases/device-management.usecase.ts","statementMap":{"0":{"start":{"line":8,"column":12},"end":{"line":8,"column":45}},"1":{"start":{"line":9,"column":12},"end":{"line":9,"column":54}},"2":{"start":{"line":10,"column":12},"end":{"line":10,"column":27}},"3":{"start":{"line":14,"column":4},"end":{"line":19,"column":5}},"4":{"start":{"line":15,"column":6},"end":{"line":15,"column":51}},"5":{"start":{"line":17,"column":6},"end":{"line":17,"column":93}},"6":{"start":{"line":18,"column":6},"end":{"line":18,"column":18}},"7":{"start":{"line":23,"column":4},"end":{"line":28,"column":5}},"8":{"start":{"line":24,"column":6},"end":{"line":24,"column":54}},"9":{"start":{"line":26,"column":6},"end":{"line":26,"column":89}},"10":{"start":{"line":27,"column":6},"end":{"line":27,"column":18}},"11":{"start":{"line":32,"column":4},"end":{"line":49,"column":5}},"12":{"start":{"line":34,"column":6},"end":{"line":39,"column":7}},"13":{"start":{"line":36,"column":8},"end":{"line":36,"column":48}},"14":{"start":{"line":37,"column":25},"end":{"line":37,"column":71}},"15":{"start":{"line":38,"column":8},"end":{"line":38,"column":50}},"16":{"start":{"line":42,"column":6},"end":{"line":45,"column":9}},"17":{"start":{"line":47,"column":6},"end":{"line":47,"column":82}},"18":{"start":{"line":48,"column":6},"end":{"line":48,"column":18}},"19":{"start":{"line":53,"column":4},"end":{"line":58,"column":5}},"20":{"start":{"line":54,"column":6},"end":{"line":54,"column":58}},"21":{"start":{"line":56,"column":6},"end":{"line":56,"column":92}},"22":{"start":{"line":57,"column":6},"end":{"line":57,"column":18}},"23":{"start":{"line":62,"column":4},"end":{"line":79,"column":5}},"24":{"start":{"line":63,"column":21},"end":{"line":63,"column":61}},"25":{"start":{"line":65,"column":6},"end":{"line":67,"column":7}},"26":{"start":{"line":66,"column":8},"end":{"line":66,"column":60}},"27":{"start":{"line":70,"column":6},"end":{"line":70,"column":64}},"28":{"start":{"line":73,"column":6},"end":{"line":73,"column":45}},"29":{"start":{"line":75,"column":6},"end":{"line":75,"column":18}},"30":{"start":{"line":77,"column":6},"end":{"line":77,"column":90}},"31":{"start":{"line":78,"column":6},"end":{"line":78,"column":18}},"32":{"start":{"line":83,"column":4},"end":{"line":115,"column":5}},"33":{"start":{"line":84,"column":21},"end":{"line":84,"column":61}},"34":{"start":{"line":86,"column":6},"end":{"line":88,"column":7}},"35":{"start":{"line":87,"column":8},"end":{"line":87,"column":60}},"36":{"start":{"line":91,"column":6},"end":{"line":97,"column":7}},"37":{"start":{"line":92,"column":8},"end":{"line":92,"column":66}},"38":{"start":{"line":93,"column":8},"end":{"line":93,"column":87}},"39":{"start":{"line":96,"column":8},"end":{"line":96,"column":131}},"40":{"start":{"line":100,"column":6},"end":{"line":100,"column":62}},"41":{"start":{"line":100,"column":35},"end":{"line":100,"column":60}},"42":{"start":{"line":103,"column":6},"end":{"line":103,"column":62}},"43":{"start":{"line":104,"column":6},"end":{"line":104,"column":81}},"44":{"start":{"line":108,"column":6},"end":{"line":111,"column":9}},"45":{"start":{"line":113,"column":6},"end":{"line":113,"column":93}},"46":{"start":{"line":114,"column":6},"end":{"line":114,"column":18}},"47":{"start":{"line":124,"column":4},"end":{"line":167,"column":5}},"48":{"start":{"line":125,"column":21},"end":{"line":125,"column":61}},"49":{"start":{"line":127,"column":6},"end":{"line":132,"column":7}},"50":{"start":{"line":128,"column":8},"end":{"line":131,"column":10}},"51":{"start":{"line":135,"column":26},"end":{"line":135,"column":86}},"52":{"start":{"line":139,"column":6},"end":{"line":141,"column":7}},"53":{"start":{"line":140,"column":8},"end":{"line":140,"column":72}},"54":{"start":{"line":144,"column":22},"end":{"line":144,"column":27}},"55":{"start":{"line":145,"column":6},"end":{"line":151,"column":7}},"56":{"start":{"line":146,"column":31},"end":{"line":146,"column":77}},"57":{"start":{"line":147,"column":8},"end":{"line":147,"column":58}},"58":{"start":{"line":150,"column":8},"end":{"line":150,"column":95}},"59":{"start":{"line":154,"column":6},"end":{"line":156,"column":7}},"60":{"start":{"line":155,"column":8},"end":{"line":155,"column":76}},"61":{"start":{"line":158,"column":6},"end":{"line":163,"column":8}},"62":{"start":{"line":165,"column":6},"end":{"line":165,"column":98}},"63":{"start":{"line":166,"column":6},"end":{"line":166,"column":18}},"64":{"start":{"line":172,"column":4},"end":{"line":190,"column":5}},"65":{"start":{"line":173,"column":21},"end":{"line":173,"column":61}},"66":{"start":{"line":175,"column":6},"end":{"line":177,"column":7}},"67":{"start":{"line":176,"column":8},"end":{"line":176,"column":60}},"68":{"start":{"line":180,"column":30},"end":{"line":180,"column":90}},"69":{"start":{"line":181,"column":6},"end":{"line":183,"column":7}},"70":{"start":{"line":182,"column":8},"end":{"line":182,"column":85}},"71":{"start":{"line":186,"column":6},"end":{"line":186,"column":76}},"72":{"start":{"line":188,"column":6},"end":{"line":188,"column":97}},"73":{"start":{"line":189,"column":6},"end":{"line":189,"column":18}},"74":{"start":{"line":6,"column":0},"end":{"line":6,"column":13}}},"fnMap":{"0":{"name":"(anonymous_0)","decl":{"start":{"line":7,"column":2},"end":{"line":7,"column":null}},"loc":{"start":{"line":10,"column":27},"end":{"line":11,"column":6}}},"1":{"name":"(anonymous_1)","decl":{"start":{"line":13,"column":2},"end":{"line":13,"column":7}},"loc":{"start":{"line":13,"column":21},"end":{"line":20,"column":3}}},"2":{"name":"(anonymous_2)","decl":{"start":{"line":22,"column":2},"end":{"line":22,"column":7}},"loc":{"start":{"line":22,"column":32},"end":{"line":29,"column":3}}},"3":{"name":"(anonymous_3)","decl":{"start":{"line":31,"column":2},"end":{"line":31,"column":7}},"loc":{"start":{"line":31,"column":53},"end":{"line":50,"column":3}}},"4":{"name":"(anonymous_4)","decl":{"start":{"line":52,"column":2},"end":{"line":52,"column":7}},"loc":{"start":{"line":52,"column":55},"end":{"line":59,"column":3}}},"5":{"name":"(anonymous_5)","decl":{"start":{"line":61,"column":2},"end":{"line":61,"column":7}},"loc":{"start":{"line":61,"column":31},"end":{"line":80,"column":3}}},"6":{"name":"(anonymous_6)","decl":{"start":{"line":82,"column":2},"end":{"line":82,"column":7}},"loc":{"start":{"line":82,"column":34},"end":{"line":116,"column":3}}},"7":{"name":"(anonymous_7)","decl":{"start":{"line":100,"column":24},"end":{"line":100,"column":31}},"loc":{"start":{"line":100,"column":35},"end":{"line":100,"column":60}}},"8":{"name":"(anonymous_8)","decl":{"start":{"line":118,"column":2},"end":{"line":118,"column":7}},"loc":{"start":{"line":118,"column":34},"end":{"line":168,"column":3}}},"9":{"name":"(anonymous_9)","decl":{"start":{"line":171,"column":2},"end":{"line":171,"column":7}},"loc":{"start":{"line":171,"column":35},"end":{"line":191,"column":3}}}},"branchMap":{"0":{"loc":{"start":{"line":34,"column":6},"end":{"line":39,"column":7}},"type":"if","locations":[{"start":{"line":34,"column":6},"end":{"line":39,"column":7}}]},"1":{"loc":{"start":{"line":65,"column":6},"end":{"line":67,"column":7}},"type":"if","locations":[{"start":{"line":65,"column":6},"end":{"line":67,"column":7}}]},"2":{"loc":{"start":{"line":86,"column":6},"end":{"line":88,"column":7}},"type":"if","locations":[{"start":{"line":86,"column":6},"end":{"line":88,"column":7}}]},"3":{"loc":{"start":{"line":127,"column":6},"end":{"line":132,"column":7}},"type":"if","locations":[{"start":{"line":127,"column":6},"end":{"line":132,"column":7}}]},"4":{"loc":{"start":{"line":139,"column":6},"end":{"line":141,"column":7}},"type":"if","locations":[{"start":{"line":139,"column":6},"end":{"line":141,"column":7}}]},"5":{"loc":{"start":{"line":154,"column":6},"end":{"line":156,"column":7}},"type":"if","locations":[{"start":{"line":154,"column":6},"end":{"line":156,"column":7}}]},"6":{"loc":{"start":{"line":175,"column":6},"end":{"line":177,"column":7}},"type":"if","locations":[{"start":{"line":175,"column":6},"end":{"line":177,"column":7}}]},"7":{"loc":{"start":{"line":181,"column":6},"end":{"line":183,"column":7}},"type":"if","locations":[{"start":{"line":181,"column":6},"end":{"line":183,"column":7}}]}},"s":{"0":0,"1":0,"2":0,"3":0,"4":0,"5":0,"6":0,"7":0,"8":0,"9":0,"10":0,"11":0,"12":0,"13":0,"14":0,"15":0,"16":0,"17":0,"18":0,"19":0,"20":0,"21":0,"22":0,"23":0,"24":0,"25":0,"26":0,"27":0,"28":0,"29":0,"30":0,"31":0,"32":0,"33":0,"34":0,"35":0,"36":0,"37":0,"38":0,"39":0,"40":0,"41":0,"42":0,"43":0,"44":0,"45":0,"46":0,"47":0,"48":0,"49":0,"50":0,"51":0,"52":0,"53":0,"54":0,"55":0,"56":0,"57":0,"58":0,"59":0,"60":0,"61":0,"62":0,"63":0,"64":0,"65":0,"66":0,"67":0,"68":0,"69":0,"70":0,"71":0,"72":0,"73":0,"74":0},"f":{"0":0,"1":0,"2":0,"3":0,"4":0,"5":0,"6":0,"7":0,"8":0,"9":0},"b":{"0":[0],"1":[0],"2":[0],"3":[0],"4":[0],"5":[0],"6":[0],"7":[0]}}
,"/home/eric/workspace/trampay/ms-whatsapp/src/domain/usecases/receive-message.usecase.ts": {"path":"/home/eric/workspace/trampay/ms-whatsapp/src/domain/usecases/receive-message.usecase.ts","statementMap":{"0":{"start":{"line":9,"column":12},"end":{"line":9,"column":45}},"1":{"start":{"line":10,"column":12},"end":{"line":10,"column":35}},"2":{"start":{"line":11,"column":12},"end":{"line":11,"column":27}},"3":{"start":{"line":15,"column":4},"end":{"line":39,"column":5}},"4":{"start":{"line":17,"column":6},"end":{"line":19,"column":7}},"5":{"start":{"line":18,"column":8},"end":{"line":18,"column":15}},"6":{"start":{"line":21,"column":6},"end":{"line":23,"column":8}},"7":{"start":{"line":26,"column":6},"end":{"line":36,"column":7}},"8":{"start":{"line":27,"column":25},"end":{"line":31,"column":10}},"9":{"start":{"line":34,"column":8},"end":{"line":34,"column":86}},"10":{"start":{"line":35,"column":8},"end":{"line":35,"column":93}},"11":{"start":{"line":38,"column":6},"end":{"line":38,"column":92}},"12":{"start":{"line":44,"column":4},"end":{"line":46,"column":7}},"13":{"start":{"line":45,"column":6},"end":{"line":45,"column":45}},"14":{"start":{"line":7,"column":0},"end":{"line":7,"column":13}}},"fnMap":{"0":{"name":"(anonymous_0)","decl":{"start":{"line":8,"column":2},"end":{"line":8,"column":null}},"loc":{"start":{"line":11,"column":27},"end":{"line":12,"column":6}}},"1":{"name":"(anonymous_1)","decl":{"start":{"line":14,"column":2},"end":{"line":14,"column":7}},"loc":{"start":{"line":14,"column":51},"end":{"line":40,"column":3}}},"2":{"name":"(anonymous_2)","decl":{"start":{"line":43,"column":2},"end":{"line":43,"column":17}},"loc":{"start":{"line":43,"column":17},"end":{"line":47,"column":3}}},"3":{"name":"(anonymous_3)","decl":{"start":{"line":44,"column":35},"end":{"line":44,"column":40}},"loc":{"start":{"line":44,"column":81},"end":{"line":46,"column":5}}}},"branchMap":{"0":{"loc":{"start":{"line":17,"column":6},"end":{"line":19,"column":7}},"type":"if","locations":[{"start":{"line":17,"column":6},"end":{"line":19,"column":7}}]},"1":{"loc":{"start":{"line":26,"column":6},"end":{"line":36,"column":7}},"type":"if","locations":[{"start":{"line":26,"column":6},"end":{"line":36,"column":7}}]}},"s":{"0":5,"1":5,"2":5,"3":4,"4":4,"5":1,"6":3,"7":3,"8":2,"9":1,"10":1,"11":1,"12":1,"13":0,"14":1},"f":{"0":5,"1":4,"2":1,"3":0},"b":{"0":[1],"1":[2]}}
,"/home/eric/workspace/trampay/ms-whatsapp/src/domain/usecases/send-message.usecase.ts": {"path":"/home/eric/workspace/trampay/ms-whatsapp/src/domain/usecases/send-message.usecase.ts","statementMap":{"0":{"start":{"line":9,"column":12},"end":{"line":9,"column":45}},"1":{"start":{"line":10,"column":12},"end":{"line":10,"column":27}},"2":{"start":{"line":11,"column":12},"end":{"line":11,"column":54}},"3":{"start":{"line":15,"column":4},"end":{"line":66,"column":5}},"4":{"start":{"line":19,"column":6},"end":{"line":46,"column":7}},"5":{"start":{"line":20,"column":23},"end":{"line":20,"column":69}},"6":{"start":{"line":21,"column":8},"end":{"line":23,"column":9}},"7":{"start":{"line":22,"column":10},"end":{"line":22,"column":68}},"8":{"start":{"line":25,"column":8},"end":{"line":27,"column":9}},"9":{"start":{"line":26,"column":10},"end":{"line":26,"column":85}},"10":{"start":{"line":29,"column":8},"end":{"line":29,"column":37}},"11":{"start":{"line":30,"column":8},"end":{"line":32,"column":10}},"12":{"start":{"line":35,"column":24},"end":{"line":35,"column":61}},"13":{"start":{"line":36,"column":29},"end":{"line":36,"column":58}},"14":{"start":{"line":36,"column":47},"end":{"line":36,"column":57}},"15":{"start":{"line":38,"column":8},"end":{"line":40,"column":9}},"16":{"start":{"line":39,"column":10},"end":{"line":39,"column":88}},"17":{"start":{"line":42,"column":8},"end":{"line":42,"column":43}},"18":{"start":{"line":43,"column":8},"end":{"line":45,"column":10}},"19":{"start":{"line":48,"column":6},"end":{"line":62,"column":7}},"20":{"start":{"line":49,"column":8},"end":{"line":57,"column":10}},"21":{"start":{"line":58,"column":13},"end":{"line":62,"column":7}},"22":{"start":{"line":59,"column":8},"end":{"line":59,"column":87}},"23":{"start":{"line":61,"column":8},"end":{"line":61,"column":85}},"24":{"start":{"line":64,"column":6},"end":{"line":64,"column":80}},"25":{"start":{"line":65,"column":6},"end":{"line":65,"column":18}},"26":{"start":{"line":7,"column":0},"end":{"line":7,"column":13}}},"fnMap":{"0":{"name":"(anonymous_0)","decl":{"start":{"line":8,"column":2},"end":{"line":8,"column":null}},"loc":{"start":{"line":11,"column":54},"end":{"line":12,"column":6}}},"1":{"name":"(anonymous_1)","decl":{"start":{"line":14,"column":2},"end":{"line":14,"column":7}},"loc":{"start":{"line":14,"column":70},"end":{"line":67,"column":3}}},"2":{"name":"(anonymous_2)","decl":{"start":{"line":36,"column":42},"end":{"line":36,"column":43}},"loc":{"start":{"line":36,"column":47},"end":{"line":36,"column":57}}}},"branchMap":{"0":{"loc":{"start":{"line":19,"column":6},"end":{"line":46,"column":7}},"type":"if","locations":[{"start":{"line":19,"column":6},"end":{"line":46,"column":7}},{"start":{"line":33,"column":13},"end":{"line":46,"column":7}}]},"1":{"loc":{"start":{"line":21,"column":8},"end":{"line":23,"column":9}},"type":"if","locations":[{"start":{"line":21,"column":8},"end":{"line":23,"column":9}}]},"2":{"loc":{"start":{"line":25,"column":8},"end":{"line":27,"column":9}},"type":"if","locations":[{"start":{"line":25,"column":8},"end":{"line":27,"column":9}}]},"3":{"loc":{"start":{"line":38,"column":8},"end":{"line":40,"column":9}},"type":"if","locations":[{"start":{"line":38,"column":8},"end":{"line":40,"column":9}}]},"4":{"loc":{"start":{"line":48,"column":6},"end":{"line":62,"column":7}},"type":"if","locations":[{"start":{"line":48,"column":6},"end":{"line":62,"column":7}},{"start":{"line":58,"column":13},"end":{"line":62,"column":7}}]},"5":{"loc":{"start":{"line":58,"column":13},"end":{"line":62,"column":7}},"type":"if","locations":[{"start":{"line":58,"column":13},"end":{"line":62,"column":7}},{"start":{"line":60,"column":13},"end":{"line":62,"column":7}}]}},"s":{"0":8,"1":8,"2":8,"3":8,"4":8,"5":3,"6":3,"7":1,"8":2,"9":1,"10":1,"11":1,"12":5,"13":5,"14":5,"15":5,"16":1,"17":4,"18":4,"19":5,"20":1,"21":4,"22":3,"23":1,"24":5,"25":5,"26":1},"f":{"0":8,"1":8,"2":5},"b":{"0":[3,5],"1":[1],"2":[1],"3":[1],"4":[1,4],"5":[3,1]}}
,"/home/eric/workspace/trampay/ms-whatsapp/src/infrastructure/adapters/http-llm.adapter.ts": {"path":"/home/eric/workspace/trampay/ms-whatsapp/src/infrastructure/adapters/http-llm.adapter.ts","statementMap":{"0":{"start":{"line":3,"column":0},"end":{"line":3,"column":35}},"1":{"start":{"line":4,"column":0},"end":{"line":4,"column":45}},"2":{"start":{"line":15,"column":22},"end":{"line":15,"column":37}},"3":{"start":{"line":17,"column":4},"end":{"line":19,"column":7}},"4":{"start":{"line":21,"column":4},"end":{"line":21,"column":39}},"5":{"start":{"line":23,"column":4},"end":{"line":25,"column":5}},"6":{"start":{"line":24,"column":6},"end":{"line":24,"column":94}},"7":{"start":{"line":30,"column":4},"end":{"line":61,"column":5}},"8":{"start":{"line":32,"column":6},"end":{"line":34,"column":7}},"9":{"start":{"line":33,"column":8},"end":{"line":33,"column":111}},"10":{"start":{"line":36,"column":6},"end":{"line":36,"column":99}},"11":{"start":{"line":39,"column":21},"end":{"line":39,"column":64}},"12":{"start":{"line":42,"column":23},"end":{"line":50,"column":null}},"13":{"start":{"line":54,"column":27},"end":{"line":54,"column":66}},"14":{"start":{"line":56,"column":6},"end":{"line":56,"column":86}},"15":{"start":{"line":57,"column":6},"end":{"line":57,"column":26}},"16":{"start":{"line":59,"column":6},"end":{"line":59,"column":95}},"17":{"start":{"line":60,"column":6},"end":{"line":60,"column":96}},"18":{"start":{"line":67,"column":44},"end":{"line":69,"column":6}},"19":{"start":{"line":72,"column":4},"end":{"line":74,"column":5}},"20":{"start":{"line":73,"column":6},"end":{"line":73,"column":60}},"21":{"start":{"line":77,"column":41},"end":{"line":80,"column":6}},"22":{"start":{"line":83,"column":4},"end":{"line":95,"column":5}},"23":{"start":{"line":84,"column":6},"end":{"line":94,"column":7}},"24":{"start":{"line":85,"column":30},"end":{"line":85,"column":63}},"25":{"start":{"line":87,"column":33},"end":{"line":87,"column":88}},"26":{"start":{"line":88,"column":8},"end":{"line":88,"column":54}},"27":{"start":{"line":90,"column":8},"end":{"line":92,"column":10}},"28":{"start":{"line":97,"column":4},"end":{"line":97,"column":32}},"29":{"start":{"line":105,"column":4},"end":{"line":120,"column":5}},"30":{"start":{"line":107,"column":6},"end":{"line":111,"column":9}},"31":{"start":{"line":108,"column":8},"end":{"line":108,"column":51}},"32":{"start":{"line":108,"column":31},"end":{"line":108,"column":51}},"33":{"start":{"line":109,"column":8},"end":{"line":109,"column":83}},"34":{"start":{"line":109,"column":47},"end":{"line":109,"column":83}},"35":{"start":{"line":110,"column":8},"end":{"line":110,"column":21}},"36":{"start":{"line":112,"column":11},"end":{"line":120,"column":5}},"37":{"start":{"line":113,"column":6},"end":{"line":113,"column":66}},"38":{"start":{"line":113,"column":34},"end":{"line":113,"column":64}},"39":{"start":{"line":114,"column":11},"end":{"line":120,"column":5}},"40":{"start":{"line":115,"column":42},"end":{"line":115,"column":44}},"41":{"start":{"line":116,"column":6},"end":{"line":118,"column":7}},"42":{"start":{"line":117,"column":8},"end":{"line":117,"column":62}},"43":{"start":{"line":119,"column":6},"end":{"line":119,"column":20}},"44":{"start":{"line":123,"column":4},"end":{"line":123,"column":20}},"45":{"start":{"line":129,"column":25},"end":{"line":129,"column":51}},"46":{"start":{"line":131,"column":4},"end":{"line":131,"column":45}},"47":{"start":{"line":133,"column":4},"end":{"line":149,"column":5}},"48":{"start":{"line":134,"column":6},"end":{"line":148,"column":7}},"49":{"start":{"line":136,"column":8},"end":{"line":143,"column":10}},"50":{"start":{"line":140,"column":30},"end":{"line":140,"column":84}},"51":{"start":{"line":145,"column":8},"end":{"line":147,"column":10}},"52":{"start":{"line":152,"column":4},"end":{"line":160,"column":5}},"53":{"start":{"line":153,"column":6},"end":{"line":153,"column":26}},"54":{"start":{"line":154,"column":11},"end":{"line":160,"column":5}},"55":{"start":{"line":155,"column":6},"end":{"line":155,"column":80}},"56":{"start":{"line":156,"column":11},"end":{"line":160,"column":5}},"57":{"start":{"line":157,"column":6},"end":{"line":157,"column":92}},"58":{"start":{"line":158,"column":11},"end":{"line":160,"column":5}},"59":{"start":{"line":159,"column":6},"end":{"line":159,"column":34}},"60":{"start":{"line":163,"column":4},"end":{"line":163,"column":98}},"61":{"start":{"line":11,"column":0},"end":{"line":11,"column":13}}},"fnMap":{"0":{"name":"(anonymous_1)","decl":{"start":{"line":15,"column":2},"end":{"line":15,"column":22}},"loc":{"start":{"line":15,"column":37},"end":{"line":26,"column":3}}},"1":{"name":"(anonymous_2)","decl":{"start":{"line":29,"column":2},"end":{"line":29,"column":7}},"loc":{"start":{"line":29,"column":69},"end":{"line":62,"column":3}}},"2":{"name":"(anonymous_3)","decl":{"start":{"line":65,"column":10},"end":{"line":65,"column":30}},"loc":{"start":{"line":65,"column":77},"end":{"line":98,"column":3}}},"3":{"name":"(anonymous_4)","decl":{"start":{"line":101,"column":10},"end":{"line":101,"column":23}},"loc":{"start":{"line":103,"column":60},"end":{"line":124,"column":3}}},"4":{"name":"(anonymous_5)","decl":{"start":{"line":107,"column":44},"end":{"line":107,"column":45}},"loc":{"start":{"line":107,"column":59},"end":{"line":111,"column":7}}},"5":{"name":"(anonymous_6)","decl":{"start":{"line":113,"column":26},"end":{"line":113,"column":30}},"loc":{"start":{"line":113,"column":34},"end":{"line":113,"column":64}}},"6":{"name":"(anonymous_7)","decl":{"start":{"line":127,"column":10},"end":{"line":127,"column":29}},"loc":{"start":{"line":127,"column":47},"end":{"line":164,"column":3}}},"7":{"name":"(anonymous_8)","decl":{"start":{"line":140,"column":14},"end":{"line":140,"column":15}},"loc":{"start":{"line":140,"column":30},"end":{"line":140,"column":84}}}},"branchMap":{"0":{"loc":{"start":{"line":21,"column":18},"end":{"line":21,"column":38}},"type":"binary-expr","locations":[{"start":{"line":21,"column":18},"end":{"line":21,"column":32}},{"start":{"line":21,"column":36},"end":{"line":21,"column":38}}]},"1":{"loc":{"start":{"line":23,"column":4},"end":{"line":25,"column":5}},"type":"if","locations":[{"start":{"line":23,"column":4},"end":{"line":25,"column":5}}]},"2":{"loc":{"start":{"line":32,"column":6},"end":{"line":34,"column":7}},"type":"if","locations":[{"start":{"line":32,"column":6},"end":{"line":34,"column":7}}]},"3":{"loc":{"start":{"line":72,"column":4},"end":{"line":74,"column":5}},"type":"if","locations":[{"start":{"line":72,"column":4},"end":{"line":74,"column":5}}]},"4":{"loc":{"start":{"line":79,"column":15},"end":{"line":79,"column":28}},"type":"binary-expr","locations":[{"start":{"line":79,"column":15},"end":{"line":79,"column":22}},{"start":{"line":79,"column":26},"end":{"line":79,"column":28}}]},"5":{"loc":{"start":{"line":83,"column":4},"end":{"line":95,"column":5}},"type":"if","locations":[{"start":{"line":83,"column":4},"end":{"line":95,"column":5}}]},"6":{"loc":{"start":{"line":105,"column":4},"end":{"line":120,"column":5}},"type":"if","locations":[{"start":{"line":105,"column":4},"end":{"line":120,"column":5}},{"start":{"line":112,"column":11},"end":{"line":120,"column":5}}]},"7":{"loc":{"start":{"line":108,"column":8},"end":{"line":108,"column":51}},"type":"if","locations":[{"start":{"line":108,"column":8},"end":{"line":108,"column":51}}]},"8":{"loc":{"start":{"line":109,"column":8},"end":{"line":109,"column":83}},"type":"if","locations":[{"start":{"line":109,"column":8},"end":{"line":109,"column":83}}]},"9":{"loc":{"start":{"line":109,"column":12},"end":{"line":109,"column":45}},"type":"binary-expr","locations":[{"start":{"line":109,"column":12},"end":{"line":109,"column":29}},{"start":{"line":109,"column":33},"end":{"line":109,"column":45}}]},"10":{"loc":{"start":{"line":112,"column":11},"end":{"line":120,"column":5}},"type":"if","locations":[{"start":{"line":112,"column":11},"end":{"line":120,"column":5}},{"start":{"line":114,"column":11},"end":{"line":120,"column":5}}]},"11":{"loc":{"start":{"line":114,"column":11},"end":{"line":120,"column":5}},"type":"if","locations":[{"start":{"line":114,"column":11},"end":{"line":120,"column":5}}]},"12":{"loc":{"start":{"line":114,"column":15},"end":{"line":114,"column":64}},"type":"binary-expr","locations":[{"start":{"line":114,"column":15},"end":{"line":114,"column":32}},{"start":{"line":114,"column":36},"end":{"line":114,"column":64}}]},"13":{"loc":{"start":{"line":129,"column":25},"end":{"line":129,"column":51}},"type":"binary-expr","locations":[{"start":{"line":129,"column":25},"end":{"line":129,"column":45}},{"start":{"line":129,"column":49},"end":{"line":129,"column":51}}]},"14":{"loc":{"start":{"line":131,"column":19},"end":{"line":131,"column":44}},"type":"binary-expr","locations":[{"start":{"line":131,"column":19},"end":{"line":131,"column":38}},{"start":{"line":131,"column":42},"end":{"line":131,"column":44}}]},"15":{"loc":{"start":{"line":133,"column":4},"end":{"line":149,"column":5}},"type":"if","locations":[{"start":{"line":133,"column":4},"end":{"line":149,"column":5}}]},"16":{"loc":{"start":{"line":137,"column":10},"end":{"line":142,"column":62}},"type":"binary-expr","locations":[{"start":{"line":137,"column":10},"end":{"line":141,"column":null}},{"start":{"line":142,"column":17},"end":{"line":142,"column":62}}]},"17":{"loc":{"start":{"line":140,"column":30},"end":{"line":140,"column":84}},"type":"cond-expr","locations":[{"start":{"line":140,"column":63},"end":{"line":140,"column":72}},{"start":{"line":140,"column":75},"end":{"line":140,"column":84}}]},"18":{"loc":{"start":{"line":140,"column":30},"end":{"line":140,"column":60}},"type":"binary-expr","locations":[{"start":{"line":140,"column":30},"end":{"line":140,"column":33}},{"start":{"line":140,"column":37},"end":{"line":140,"column":60}}]},"19":{"loc":{"start":{"line":141,"column":14},"end":{"line":141,"column":49}},"type":"binary-expr","locations":[{"start":{"line":141,"column":14},"end":{"line":141,"column":33}},{"start":{"line":141,"column":37},"end":{"line":141,"column":49}}]},"20":{"loc":{"start":{"line":152,"column":4},"end":{"line":160,"column":5}},"type":"if","locations":[{"start":{"line":152,"column":4},"end":{"line":160,"column":5}},{"start":{"line":154,"column":11},"end":{"line":160,"column":5}}]},"21":{"loc":{"start":{"line":154,"column":11},"end":{"line":160,"column":5}},"type":"if","locations":[{"start":{"line":154,"column":11},"end":{"line":160,"column":5}},{"start":{"line":156,"column":11},"end":{"line":160,"column":5}}]},"22":{"loc":{"start":{"line":154,"column":15},"end":{"line":154,"column":81}},"type":"binary-expr","locations":[{"start":{"line":154,"column":15},"end":{"line":154,"column":32}},{"start":{"line":154,"column":36},"end":{"line":154,"column":57}},{"start":{"line":154,"column":61},"end":{"line":154,"column":81}}]},"23":{"loc":{"start":{"line":155,"column":13},"end":{"line":155,"column":79}},"type":"binary-expr","locations":[{"start":{"line":155,"column":13},"end":{"line":155,"column":30}},{"start":{"line":155,"column":34},"end":{"line":155,"column":55}},{"start":{"line":155,"column":59},"end":{"line":155,"column":79}}]},"24":{"loc":{"start":{"line":156,"column":11},"end":{"line":160,"column":5}},"type":"if","locations":[{"start":{"line":156,"column":11},"end":{"line":160,"column":5}},{"start":{"line":158,"column":11},"end":{"line":160,"column":5}}]},"25":{"loc":{"start":{"line":156,"column":15},"end":{"line":156,"column":62}},"type":"binary-expr","locations":[{"start":{"line":156,"column":15},"end":{"line":156,"column":35}},{"start":{"line":156,"column":39},"end":{"line":156,"column":62}}]},"26":{"loc":{"start":{"line":157,"column":13},"end":{"line":157,"column":91}},"type":"binary-expr","locations":[{"start":{"line":157,"column":13},"end":{"line":157,"column":53}},{"start":{"line":157,"column":57},"end":{"line":157,"column":85}},{"start":{"line":157,"column":89},"end":{"line":157,"column":91}}]},"27":{"loc":{"start":{"line":158,"column":11},"end":{"line":160,"column":5}},"type":"if","locations":[{"start":{"line":158,"column":11},"end":{"line":160,"column":5}}]},"28":{"loc":{"start":{"line":163,"column":11},"end":{"line":163,"column":97}},"type":"cond-expr","locations":[{"start":{"line":163,"column":46},"end":{"line":163,"column":74}},{"start":{"line":163,"column":77},"end":{"line":163,"column":97}}]}},"s":{"0":1,"1":1,"2":0,"3":0,"4":0,"5":0,"6":0,"7":0,"8":0,"9":0,"10":0,"11":0,"12":0,"13":0,"14":0,"15":0,"16":0,"17":0,"18":0,"19":0,"20":0,"21":0,"22":0,"23":0,"24":0,"25":0,"26":0,"27":0,"28":0,"29":0,"30":0,"31":0,"32":0,"33":0,"34":0,"35":0,"36":0,"37":0,"38":0,"39":0,"40":0,"41":0,"42":0,"43":0,"44":0,"45":0,"46":0,"47":0,"48":0,"49":0,"50":0,"51":0,"52":0,"53":0,"54":0,"55":0,"56":0,"57":0,"58":0,"59":0,"60":0,"61":1},"f":{"0":0,"1":0,"2":0,"3":0,"4":0,"5":0,"6":0,"7":0},"b":{"0":[0,0],"1":[0],"2":[0],"3":[0],"4":[0,0],"5":[0],"6":[0,0],"7":[0],"8":[0],"9":[0,0],"10":[0,0],"11":[0],"12":[0,0],"13":[0,0],"14":[0,0],"15":[0],"16":[0,0],"17":[0,0],"18":[0,0],"19":[0,0],"20":[0,0],"21":[0,0],"22":[0,0,0],"23":[0,0,0],"24":[0,0],"25":[0,0],"26":[0,0,0],"27":[0],"28":[0,0]}}
,"/home/eric/workspace/trampay/ms-whatsapp/src/infrastructure/adapters/multi-whatsapp.adapter.ts": {"path":"/home/eric/workspace/trampay/ms-whatsapp/src/infrastructure/adapters/multi-whatsapp.adapter.ts","statementMap":{"0":{"start":{"line":2,"column":0},"end":{"line":2,"column":56}},"1":{"start":{"line":4,"column":0},"end":{"line":4,"column":38}},"2":{"start":{"line":5,"column":0},"end":{"line":5,"column":36}},"3":{"start":{"line":7,"column":0},"end":{"line":7,"column":28}},"4":{"start":{"line":8,"column":0},"end":{"line":8,"column":43}},"5":{"start":{"line":13,"column":0},"end":{"line":13,"column":67}},"6":{"start":{"line":30,"column":12},"end":{"line":30,"column":27}},"7":{"start":{"line":31,"column":12},"end":{"line":31,"column":62}},"8":{"start":{"line":26,"column":10},"end":{"line":26,"column":62}},"9":{"start":{"line":27,"column":10},"end":{"line":27,"column":49}},"10":{"start":{"line":34,"column":24},"end":{"line":34,"column":59}},"11":{"start":{"line":35,"column":4},"end":{"line":37,"column":5}},"12":{"start":{"line":36,"column":6},"end":{"line":36,"column":50}},"13":{"start":{"line":42,"column":4},"end":{"line":107,"column":5}},"14":{"start":{"line":44,"column":31},"end":{"line":44,"column":68}},"15":{"start":{"line":46,"column":6},"end":{"line":51,"column":7}},"16":{"start":{"line":47,"column":8},"end":{"line":47,"column":49}},"17":{"start":{"line":48,"column":8},"end":{"line":48,"column":76}},"18":{"start":{"line":50,"column":8},"end":{"line":50,"column":87}},"19":{"start":{"line":54,"column":6},"end":{"line":57,"column":7}},"20":{"start":{"line":55,"column":8},"end":{"line":55,"column":71}},"21":{"start":{"line":56,"column":8},"end":{"line":56,"column":15}},"22":{"start":{"line":60,"column":21},"end":{"line":60,"column":39}},"23":{"start":{"line":61,"column":21},"end":{"line":78,"column":8}},"24":{"start":{"line":81,"column":6},"end":{"line":86,"column":9}},"25":{"start":{"line":89,"column":6},"end":{"line":89,"column":49}},"26":{"start":{"line":92,"column":26},"end":{"line":92,"column":45}},"27":{"start":{"line":93,"column":29},"end":{"line":95,"column":8}},"28":{"start":{"line":94,"column":8},"end":{"line":94,"column":98}},"29":{"start":{"line":94,"column":25},"end":{"line":94,"column":89}},"30":{"start":{"line":98,"column":6},"end":{"line":98,"column":56}},"31":{"start":{"line":101,"column":6},"end":{"line":101,"column":55}},"32":{"start":{"line":103,"column":6},"end":{"line":103,"column":100}},"33":{"start":{"line":105,"column":6},"end":{"line":105,"column":85}},"34":{"start":{"line":106,"column":6},"end":{"line":106,"column":18}},"35":{"start":{"line":112,"column":4},"end":{"line":112,"column":37}},"36":{"start":{"line":117,"column":4},"end":{"line":140,"column":5}},"37":{"start":{"line":118,"column":31},"end":{"line":118,"column":65}},"38":{"start":{"line":119,"column":6},"end":{"line":121,"column":7}},"39":{"start":{"line":120,"column":8},"end":{"line":120,"column":55}},"40":{"start":{"line":123,"column":25},"end":{"line":123,"column":62}},"41":{"start":{"line":124,"column":6},"end":{"line":126,"column":7}},"42":{"start":{"line":125,"column":8},"end":{"line":125,"column":69}},"43":{"start":{"line":128,"column":6},"end":{"line":133,"column":7}},"44":{"start":{"line":129,"column":8},"end":{"line":131,"column":10}},"45":{"start":{"line":132,"column":8},"end":{"line":132,"column":18}},"46":{"start":{"line":135,"column":6},"end":{"line":135,"column":82}},"47":{"start":{"line":136,"column":6},"end":{"line":136,"column":38}},"48":{"start":{"line":138,"column":6},"end":{"line":138,"column":78}},"49":{"start":{"line":139,"column":6},"end":{"line":139,"column":16}},"50":{"start":{"line":145,"column":4},"end":{"line":160,"column":5}},"51":{"start":{"line":146,"column":31},"end":{"line":146,"column":65}},"52":{"start":{"line":147,"column":6},"end":{"line":149,"column":7}},"53":{"start":{"line":148,"column":8},"end":{"line":148,"column":21}},"54":{"start":{"line":151,"column":25},"end":{"line":151,"column":62}},"55":{"start":{"line":152,"column":6},"end":{"line":154,"column":7}},"56":{"start":{"line":153,"column":8},"end":{"line":153,"column":21}},"57":{"start":{"line":156,"column":6},"end":{"line":156,"column":61}},"58":{"start":{"line":158,"column":6},"end":{"line":158,"column":87}},"59":{"start":{"line":159,"column":6},"end":{"line":159,"column":19}},"60":{"start":{"line":165,"column":4},"end":{"line":165,"column":46}},"61":{"start":{"line":170,"column":4},"end":{"line":202,"column":5}},"62":{"start":{"line":171,"column":25},"end":{"line":171,"column":55}},"63":{"start":{"line":172,"column":6},"end":{"line":174,"column":7}},"64":{"start":{"line":173,"column":8},"end":{"line":173,"column":62}},"65":{"start":{"line":177,"column":6},"end":{"line":179,"column":7}},"66":{"start":{"line":178,"column":8},"end":{"line":178,"column":51}},"67":{"start":{"line":182,"column":6},"end":{"line":182,"column":40}},"68":{"start":{"line":183,"column":6},"end":{"line":183,"column":40}},"69":{"start":{"line":186,"column":6},"end":{"line":195,"column":7}},"70":{"start":{"line":187,"column":23},"end":{"line":187,"column":85}},"71":{"start":{"line":188,"column":8},"end":{"line":190,"column":9}},"72":{"start":{"line":189,"column":10},"end":{"line":189,"column":87}},"73":{"start":{"line":192,"column":8},"end":{"line":194,"column":10}},"74":{"start":{"line":197,"column":6},"end":{"line":197,"column":66}},"75":{"start":{"line":198,"column":6},"end":{"line":198,"column":18}},"76":{"start":{"line":200,"column":6},"end":{"line":200,"column":91}},"77":{"start":{"line":201,"column":6},"end":{"line":201,"column":19}},"78":{"start":{"line":207,"column":4},"end":{"line":233,"column":5}},"79":{"start":{"line":208,"column":25},"end":{"line":208,"column":55}},"80":{"start":{"line":209,"column":6},"end":{"line":211,"column":7}},"81":{"start":{"line":210,"column":8},"end":{"line":210,"column":62}},"82":{"start":{"line":214,"column":25},"end":{"line":214,"column":87}},"83":{"start":{"line":217,"column":20},"end":{"line":217,"column":48}},"84":{"start":{"line":218,"column":20},"end":{"line":218,"column":79}},"85":{"start":{"line":220,"column":6},"end":{"line":227,"column":8}},"86":{"start":{"line":229,"column":6},"end":{"line":231,"column":8}},"87":{"start":{"line":232,"column":6},"end":{"line":232,"column":18}},"88":{"start":{"line":238,"column":4},"end":{"line":256,"column":5}},"89":{"start":{"line":239,"column":31},"end":{"line":239,"column":64}},"90":{"start":{"line":240,"column":25},"end":{"line":240,"column":62}},"91":{"start":{"line":241,"column":6},"end":{"line":243,"column":7}},"92":{"start":{"line":242,"column":8},"end":{"line":242,"column":69}},"93":{"start":{"line":246,"column":30},"end":{"line":246,"column":56}},"94":{"start":{"line":249,"column":23},"end":{"line":249,"column":81}},"95":{"start":{"line":252,"column":6},"end":{"line":252,"column":44}},"96":{"start":{"line":254,"column":6},"end":{"line":254,"column":89}},"97":{"start":{"line":255,"column":6},"end":{"line":255,"column":18}},"98":{"start":{"line":266,"column":4},"end":{"line":291,"column":5}},"99":{"start":{"line":267,"column":31},"end":{"line":267,"column":64}},"100":{"start":{"line":268,"column":25},"end":{"line":268,"column":62}},"101":{"start":{"line":269,"column":6},"end":{"line":271,"column":7}},"102":{"start":{"line":270,"column":8},"end":{"line":270,"column":69}},"103":{"start":{"line":273,"column":30},"end":{"line":273,"column":56}},"104":{"start":{"line":276,"column":24},"end":{"line":280,"column":8}},"105":{"start":{"line":283,"column":23},"end":{"line":285,"column":8}},"106":{"start":{"line":287,"column":6},"end":{"line":287,"column":44}},"107":{"start":{"line":289,"column":6},"end":{"line":289,"column":90}},"108":{"start":{"line":290,"column":6},"end":{"line":290,"column":18}},"109":{"start":{"line":296,"column":4},"end":{"line":307,"column":5}},"110":{"start":{"line":298,"column":25},"end":{"line":298,"column":55}},"111":{"start":{"line":299,"column":6},"end":{"line":301,"column":7}},"112":{"start":{"line":300,"column":8},"end":{"line":300,"column":84}},"113":{"start":{"line":300,"column":55},"end":{"line":300,"column":82}},"114":{"start":{"line":304,"column":6},"end":{"line":306,"column":7}},"115":{"start":{"line":305,"column":8},"end":{"line":305,"column":78}},"116":{"start":{"line":305,"column":55},"end":{"line":305,"column":76}},"117":{"start":{"line":312,"column":4},"end":{"line":323,"column":5}},"118":{"start":{"line":314,"column":25},"end":{"line":314,"column":55}},"119":{"start":{"line":315,"column":6},"end":{"line":317,"column":7}},"120":{"start":{"line":316,"column":8},"end":{"line":316,"column":73}},"121":{"start":{"line":316,"column":52},"end":{"line":316,"column":71}},"122":{"start":{"line":320,"column":6},"end":{"line":322,"column":7}},"123":{"start":{"line":321,"column":8},"end":{"line":321,"column":67}},"124":{"start":{"line":321,"column":52},"end":{"line":321,"column":65}},"125":{"start":{"line":328,"column":4},"end":{"line":339,"column":5}},"126":{"start":{"line":330,"column":25},"end":{"line":330,"column":55}},"127":{"start":{"line":331,"column":6},"end":{"line":333,"column":7}},"128":{"start":{"line":332,"column":8},"end":{"line":332,"column":72}},"129":{"start":{"line":332,"column":51},"end":{"line":332,"column":70}},"130":{"start":{"line":336,"column":6},"end":{"line":338,"column":7}},"131":{"start":{"line":337,"column":8},"end":{"line":337,"column":66}},"132":{"start":{"line":337,"column":51},"end":{"line":337,"column":64}},"133":{"start":{"line":347,"column":4},"end":{"line":364,"column":5}},"134":{"start":{"line":349,"column":25},"end":{"line":349,"column":55}},"135":{"start":{"line":350,"column":6},"end":{"line":355,"column":7}},"136":{"start":{"line":351,"column":8},"end":{"line":354,"column":11}},"137":{"start":{"line":352,"column":26},"end":{"line":352,"column":51}},"138":{"start":{"line":353,"column":10},"end":{"line":353,"column":45}},"139":{"start":{"line":358,"column":6},"end":{"line":363,"column":7}},"140":{"start":{"line":359,"column":8},"end":{"line":362,"column":11}},"141":{"start":{"line":360,"column":26},"end":{"line":360,"column":51}},"142":{"start":{"line":361,"column":10},"end":{"line":361,"column":39}},"143":{"start":{"line":369,"column":23},"end":{"line":369,"column":53}},"144":{"start":{"line":370,"column":4},"end":{"line":370,"column":28}},"145":{"start":{"line":370,"column":21},"end":{"line":370,"column":28}},"146":{"start":{"line":372,"column":31},"end":{"line":372,"column":41}},"147":{"start":{"line":375,"column":4},"end":{"line":416,"column":7}},"148":{"start":{"line":376,"column":6},"end":{"line":376,"column":90}},"149":{"start":{"line":377,"column":6},"end":{"line":377,"column":82}},"150":{"start":{"line":379,"column":6},"end":{"line":415,"column":7}},"151":{"start":{"line":381,"column":8},"end":{"line":388,"column":9}},"152":{"start":{"line":382,"column":10},"end":{"line":382,"column":40}},"153":{"start":{"line":384,"column":10},"end":{"line":384,"column":127}},"154":{"start":{"line":385,"column":10},"end":{"line":387,"column":12}},"155":{"start":{"line":390,"column":8},"end":{"line":392,"column":10}},"156":{"start":{"line":393,"column":8},"end":{"line":393,"column":52}},"157":{"start":{"line":396,"column":31},"end":{"line":396,"column":93}},"158":{"start":{"line":397,"column":8},"end":{"line":406,"column":9}},"159":{"start":{"line":399,"column":10},"end":{"line":402,"column":13}},"160":{"start":{"line":403,"column":15},"end":{"line":406,"column":9}},"161":{"start":{"line":405,"column":10},"end":{"line":405,"column":95}},"162":{"start":{"line":408,"column":8},"end":{"line":408,"column":84}},"163":{"start":{"line":411,"column":29},"end":{"line":411,"column":118}},"164":{"start":{"line":412,"column":8},"end":{"line":412,"column":48}},"165":{"start":{"line":413,"column":8},"end":{"line":413,"column":91}},"166":{"start":{"line":414,"column":8},"end":{"line":414,"column":40}},"167":{"start":{"line":419,"column":4},"end":{"line":474,"column":7}},"168":{"start":{"line":420,"column":6},"end":{"line":420,"column":82}},"169":{"start":{"line":421,"column":6},"end":{"line":421,"column":35}},"170":{"start":{"line":424,"column":6},"end":{"line":427,"column":7}},"171":{"start":{"line":425,"column":8},"end":{"line":425,"column":51}},"172":{"start":{"line":426,"column":8},"end":{"line":426,"column":43}},"173":{"start":{"line":430,"column":6},"end":{"line":473,"column":7}},"174":{"start":{"line":433,"column":8},"end":{"line":468,"column":11}},"175":{"start":{"line":434,"column":10},"end":{"line":467,"column":19}},"176":{"start":{"line":435,"column":12},"end":{"line":465,"column":13}},"177":{"start":{"line":436,"column":27},"end":{"line":436,"column":44}},"178":{"start":{"line":437,"column":34},"end":{"line":437,"column":61}},"179":{"start":{"line":438,"column":14},"end":{"line":438,"column":51}},"180":{"start":{"line":439,"column":14},"end":{"line":439,"column":66}},"181":{"start":{"line":442,"column":37},"end":{"line":442,"column":99}},"182":{"start":{"line":444,"column":14},"end":{"line":456,"column":15}},"183":{"start":{"line":445,"column":16},"end":{"line":449,"column":19}},"184":{"start":{"line":451,"column":16},"end":{"line":455,"column":19}},"185":{"start":{"line":458,"column":14},"end":{"line":460,"column":16}},"186":{"start":{"line":462,"column":14},"end":{"line":464,"column":16}},"187":{"start":{"line":466,"column":12},"end":{"line":466,"column":22}},"188":{"start":{"line":470,"column":8},"end":{"line":472,"column":10}},"189":{"start":{"line":477,"column":4},"end":{"line":513,"column":7}},"190":{"start":{"line":478,"column":6},"end":{"line":478,"column":82}},"191":{"start":{"line":479,"column":6},"end":{"line":479,"column":27}},"192":{"start":{"line":481,"column":6},"end":{"line":512,"column":7}},"193":{"start":{"line":483,"column":21},"end":{"line":483,"column":38}},"194":{"start":{"line":484,"column":8},"end":{"line":501,"column":9}},"195":{"start":{"line":485,"column":30},"end":{"line":485,"column":43}},"196":{"start":{"line":486,"column":10},"end":{"line":500,"column":11}},"197":{"start":{"line":487,"column":12},"end":{"line":487,"column":49}},"198":{"start":{"line":488,"column":12},"end":{"line":488,"column":64}},"199":{"start":{"line":491,"column":35},"end":{"line":491,"column":97}},"200":{"start":{"line":492,"column":12},"end":{"line":499,"column":13}},"201":{"start":{"line":493,"column":14},"end":{"line":498,"column":17}},"202":{"start":{"line":504,"column":31},"end":{"line":504,"column":93}},"203":{"start":{"line":505,"column":8},"end":{"line":507,"column":9}},"204":{"start":{"line":506,"column":10},"end":{"line":506,"column":94}},"205":{"start":{"line":509,"column":8},"end":{"line":511,"column":10}},"206":{"start":{"line":516,"column":4},"end":{"line":586,"column":7}},"207":{"start":{"line":517,"column":6},"end":{"line":517,"column":90}},"208":{"start":{"line":518,"column":6},"end":{"line":518,"column":34}},"209":{"start":{"line":521,"column":6},"end":{"line":530,"column":7}},"210":{"start":{"line":522,"column":23},"end":{"line":522,"column":85}},"211":{"start":{"line":523,"column":8},"end":{"line":525,"column":9}},"212":{"start":{"line":524,"column":10},"end":{"line":524,"column":87}},"213":{"start":{"line":527,"column":8},"end":{"line":529,"column":10}},"214":{"start":{"line":533,"column":6},"end":{"line":585,"column":7}},"215":{"start":{"line":535,"column":32},"end":{"line":535,"column":62}},"216":{"start":{"line":536,"column":8},"end":{"line":571,"column":9}},"217":{"start":{"line":538,"column":34},"end":{"line":541,"column":12}},"218":{"start":{"line":544,"column":10},"end":{"line":546,"column":11}},"219":{"start":{"line":545,"column":12},"end":{"line":545,"column":60}},"220":{"start":{"line":549,"column":10},"end":{"line":549,"column":44}},"221":{"start":{"line":552,"column":10},"end":{"line":552,"column":49}},"222":{"start":{"line":555,"column":10},"end":{"line":570,"column":19}},"223":{"start":{"line":556,"column":12},"end":{"line":569,"column":15}},"224":{"start":{"line":558,"column":36},"end":{"line":558,"column":66}},"225":{"start":{"line":559,"column":14},"end":{"line":562,"column":15}},"226":{"start":{"line":560,"column":16},"end":{"line":560,"column":72}},"227":{"start":{"line":561,"column":16},"end":{"line":561,"column":70}},"228":{"start":{"line":564,"column":14},"end":{"line":564,"column":97}},"229":{"start":{"line":566,"column":14},"end":{"line":568,"column":16}},"230":{"start":{"line":573,"column":8},"end":{"line":575,"column":10}},"231":{"start":{"line":578,"column":8},"end":{"line":584,"column":17}},"232":{"start":{"line":579,"column":10},"end":{"line":583,"column":13}},"233":{"start":{"line":580,"column":12},"end":{"line":582,"column":14}},"234":{"start":{"line":589,"column":4},"end":{"line":593,"column":7}},"235":{"start":{"line":590,"column":6},"end":{"line":590,"column":93}},"236":{"start":{"line":591,"column":6},"end":{"line":591,"column":67}},"237":{"start":{"line":592,"column":6},"end":{"line":592,"column":34}},"238":{"start":{"line":598,"column":23},"end":{"line":598,"column":53}},"239":{"start":{"line":599,"column":4},"end":{"line":599,"column":28}},"240":{"start":{"line":599,"column":21},"end":{"line":599,"column":28}},"241":{"start":{"line":602,"column":4},"end":{"line":604,"column":5}},"242":{"start":{"line":603,"column":6},"end":{"line":603,"column":49}},"243":{"start":{"line":607,"column":4},"end":{"line":618,"column":14}},"244":{"start":{"line":608,"column":6},"end":{"line":617,"column":7}},"245":{"start":{"line":609,"column":8},"end":{"line":611,"column":10}},"246":{"start":{"line":612,"column":8},"end":{"line":612,"column":63}},"247":{"start":{"line":614,"column":8},"end":{"line":616,"column":10}},"248":{"start":{"line":622,"column":4},"end":{"line":657,"column":6}},"249":{"start":{"line":624,"column":8},"end":{"line":654,"column":9}},"250":{"start":{"line":625,"column":10},"end":{"line":627,"column":12}},"251":{"start":{"line":628,"column":10},"end":{"line":628,"column":53}},"252":{"start":{"line":629,"column":10},"end":{"line":629,"column":45}},"253":{"start":{"line":632,"column":10},"end":{"line":653,"column":13}},"254":{"start":{"line":633,"column":12},"end":{"line":650,"column":13}},"255":{"start":{"line":635,"column":14},"end":{"line":635,"column":98}},"256":{"start":{"line":636,"column":14},"end":{"line":636,"column":50}},"257":{"start":{"line":639,"column":14},"end":{"line":649,"column":17}},"258":{"start":{"line":640,"column":16},"end":{"line":646,"column":17}},"259":{"start":{"line":641,"column":18},"end":{"line":645,"column":21}},"260":{"start":{"line":644,"column":20},"end":{"line":644,"column":97}},"261":{"start":{"line":648,"column":16},"end":{"line":648,"column":98}},"262":{"start":{"line":652,"column":12},"end":{"line":652,"column":95}},"263":{"start":{"line":663,"column":20},"end":{"line":663,"column":44}},"264":{"start":{"line":666,"column":4},"end":{"line":668,"column":5}},"265":{"start":{"line":667,"column":6},"end":{"line":667,"column":21}},"266":{"start":{"line":671,"column":4},"end":{"line":671,"column":29}},"267":{"start":{"line":677,"column":4},"end":{"line":679,"column":5}},"268":{"start":{"line":678,"column":6},"end":{"line":678,"column":23}},"269":{"start":{"line":682,"column":4},"end":{"line":684,"column":5}},"270":{"start":{"line":683,"column":6},"end":{"line":683,"column":35}},"271":{"start":{"line":687,"column":21},"end":{"line":687,"column":58}},"272":{"start":{"line":690,"column":4},"end":{"line":701,"column":5}},"273":{"start":{"line":691,"column":6},"end":{"line":700,"column":7}},"274":{"start":{"line":693,"column":8},"end":{"line":696,"column":9}},"275":{"start":{"line":694,"column":10},"end":{"line":694,"column":75}},"276":{"start":{"line":695,"column":10},"end":{"line":695,"column":21}},"277":{"start":{"line":699,"column":8},"end":{"line":699,"column":17}},"278":{"start":{"line":704,"column":25},"end":{"line":704,"column":41}},"279":{"start":{"line":705,"column":4},"end":{"line":708,"column":5}},"280":{"start":{"line":706,"column":6},"end":{"line":706,"column":95}},"281":{"start":{"line":707,"column":6},"end":{"line":707,"column":26}},"282":{"start":{"line":711,"column":4},"end":{"line":711,"column":86}},"283":{"start":{"line":716,"column":4},"end":{"line":742,"column":5}},"284":{"start":{"line":718,"column":6},"end":{"line":723,"column":7}},"285":{"start":{"line":719,"column":32},"end":{"line":719,"column":81}},"286":{"start":{"line":720,"column":8},"end":{"line":722,"column":9}},"287":{"start":{"line":721,"column":10},"end":{"line":721,"column":39}},"288":{"start":{"line":726,"column":23},"end":{"line":726,"column":57}},"289":{"start":{"line":728,"column":6},"end":{"line":735,"column":7}},"290":{"start":{"line":729,"column":32},"end":{"line":729,"column":63}},"291":{"start":{"line":730,"column":8},"end":{"line":734,"column":9}},"292":{"start":{"line":732,"column":10},"end":{"line":732,"column":38}},"293":{"start":{"line":733,"column":10},"end":{"line":733,"column":21}},"294":{"start":{"line":738,"column":6},"end":{"line":738,"column":63}},"295":{"start":{"line":740,"column":6},"end":{"line":740,"column":84}},"296":{"start":{"line":741,"column":6},"end":{"line":741,"column":18}},"297":{"start":{"line":747,"column":4},"end":{"line":763,"column":5}},"298":{"start":{"line":748,"column":6},"end":{"line":750,"column":7}},"299":{"start":{"line":749,"column":8},"end":{"line":749,"column":62}},"300":{"start":{"line":752,"column":30},"end":{"line":752,"column":67}},"301":{"start":{"line":753,"column":6},"end":{"line":755,"column":7}},"302":{"start":{"line":754,"column":8},"end":{"line":754,"column":68}},"303":{"start":{"line":757,"column":6},"end":{"line":757,"column":40}},"304":{"start":{"line":758,"column":6},"end":{"line":758,"column":68}},"305":{"start":{"line":759,"column":6},"end":{"line":759,"column":18}},"306":{"start":{"line":761,"column":6},"end":{"line":761,"column":86}},"307":{"start":{"line":762,"column":6},"end":{"line":762,"column":19}},"308":{"start":{"line":25,"column":0},"end":{"line":25,"column":13}}},"fnMap":{"0":{"name":"(anonymous_0)","decl":{"start":{"line":29,"column":2},"end":{"line":29,"column":null}},"loc":{"start":{"line":31,"column":62},"end":{"line":38,"column":3}}},"1":{"name":"(anonymous_1)","decl":{"start":{"line":41,"column":2},"end":{"line":41,"column":7}},"loc":{"start":{"line":41,"column":37},"end":{"line":108,"column":3}}},"2":{"name":"(anonymous_2)","decl":{"start":{"line":93,"column":48},"end":{"line":93,"column":49}},"loc":{"start":{"line":93,"column":62},"end":{"line":95,"column":7}}},"3":{"name":"(anonymous_3)","decl":{"start":{"line":94,"column":19},"end":{"line":94,"column":22}},"loc":{"start":{"line":94,"column":25},"end":{"line":94,"column":89}}},"4":{"name":"(anonymous_4)","decl":{"start":{"line":111,"column":10},"end":{"line":111,"column":27}},"loc":{"start":{"line":111,"column":27},"end":{"line":113,"column":3}}},"5":{"name":"(anonymous_5)","decl":{"start":{"line":116,"column":2},"end":{"line":116,"column":7}},"loc":{"start":{"line":116,"column":36},"end":{"line":141,"column":3}}},"6":{"name":"(anonymous_6)","decl":{"start":{"line":144,"column":2},"end":{"line":144,"column":7}},"loc":{"start":{"line":144,"column":42},"end":{"line":161,"column":3}}},"7":{"name":"(anonymous_7)","decl":{"start":{"line":164,"column":2},"end":{"line":164,"column":7}},"loc":{"start":{"line":164,"column":25},"end":{"line":166,"column":3}}},"8":{"name":"(anonymous_8)","decl":{"start":{"line":169,"column":2},"end":{"line":169,"column":7}},"loc":{"start":{"line":169,"column":38},"end":{"line":203,"column":3}}},"9":{"name":"(anonymous_9)","decl":{"start":{"line":206,"column":2},"end":{"line":206,"column":7}},"loc":{"start":{"line":206,"column":40},"end":{"line":234,"column":3}}},"10":{"name":"(anonymous_10)","decl":{"start":{"line":237,"column":2},"end":{"line":237,"column":7}},"loc":{"start":{"line":237,"column":68},"end":{"line":257,"column":3}}},"11":{"name":"(anonymous_11)","decl":{"start":{"line":260,"column":2},"end":{"line":260,"column":7}},"loc":{"start":{"line":264,"column":22},"end":{"line":292,"column":3}}},"12":{"name":"(anonymous_12)","decl":{"start":{"line":295,"column":2},"end":{"line":295,"column":16}},"loc":{"start":{"line":295,"column":90},"end":{"line":308,"column":3}}},"13":{"name":"(anonymous_13)","decl":{"start":{"line":300,"column":35},"end":{"line":300,"column":36}},"loc":{"start":{"line":300,"column":55},"end":{"line":300,"column":82}}},"14":{"name":"(anonymous_14)","decl":{"start":{"line":305,"column":35},"end":{"line":305,"column":36}},"loc":{"start":{"line":305,"column":55},"end":{"line":305,"column":76}}},"15":{"name":"(anonymous_15)","decl":{"start":{"line":311,"column":2},"end":{"line":311,"column":17}},"loc":{"start":{"line":311,"column":75},"end":{"line":324,"column":3}}},"16":{"name":"(anonymous_16)","decl":{"start":{"line":316,"column":46},"end":{"line":316,"column":49}},"loc":{"start":{"line":316,"column":52},"end":{"line":316,"column":71}}},"17":{"name":"(anonymous_17)","decl":{"start":{"line":321,"column":46},"end":{"line":321,"column":49}},"loc":{"start":{"line":321,"column":52},"end":{"line":321,"column":65}}},"18":{"name":"(anonymous_18)","decl":{"start":{"line":327,"column":2},"end":{"line":327,"column":16}},"loc":{"start":{"line":327,"column":74},"end":{"line":340,"column":3}}},"19":{"name":"(anonymous_19)","decl":{"start":{"line":332,"column":45},"end":{"line":332,"column":48}},"loc":{"start":{"line":332,"column":51},"end":{"line":332,"column":70}}},"20":{"name":"(anonymous_20)","decl":{"start":{"line":337,"column":45},"end":{"line":337,"column":48}},"loc":{"start":{"line":337,"column":51},"end":{"line":337,"column":64}}},"21":{"name":"(anonymous_21)","decl":{"start":{"line":343,"column":2},"end":{"line":343,"column":11}},"loc":{"start":{"line":345,"column":22},"end":{"line":365,"column":3}}},"22":{"name":"(anonymous_22)","decl":{"start":{"line":351,"column":40},"end":{"line":351,"column":45}},"loc":{"start":{"line":351,"column":59},"end":{"line":354,"column":9}}},"23":{"name":"(anonymous_23)","decl":{"start":{"line":359,"column":40},"end":{"line":359,"column":45}},"loc":{"start":{"line":359,"column":59},"end":{"line":362,"column":9}}},"24":{"name":"(anonymous_24)","decl":{"start":{"line":368,"column":10},"end":{"line":368,"column":29}},"loc":{"start":{"line":368,"column":47},"end":{"line":594,"column":3}}},"25":{"name":"(anonymous_25)","decl":{"start":{"line":375,"column":20},"end":{"line":375,"column":25}},"loc":{"start":{"line":375,"column":41},"end":{"line":416,"column":5}}},"26":{"name":"(anonymous_26)","decl":{"start":{"line":419,"column":31},"end":{"line":419,"column":36}},"loc":{"start":{"line":419,"column":42},"end":{"line":474,"column":5}}},"27":{"name":"(anonymous_27)","decl":{"start":{"line":433,"column":32},"end":{"line":433,"column":39}},"loc":{"start":{"line":433,"column":42},"end":{"line":468,"column":9}}},"28":{"name":"(anonymous_28)","decl":{"start":{"line":434,"column":21},"end":{"line":434,"column":26}},"loc":{"start":{"line":434,"column":32},"end":{"line":467,"column":11}}},"29":{"name":"(anonymous_29)","decl":{"start":{"line":477,"column":23},"end":{"line":477,"column":28}},"loc":{"start":{"line":477,"column":34},"end":{"line":513,"column":5}}},"30":{"name":"(anonymous_30)","decl":{"start":{"line":516,"column":30},"end":{"line":516,"column":35}},"loc":{"start":{"line":516,"column":55},"end":{"line":586,"column":5}}},"31":{"name":"(anonymous_31)","decl":{"start":{"line":555,"column":21},"end":{"line":555,"column":24}},"loc":{"start":{"line":555,"column":26},"end":{"line":570,"column":11}}},"32":{"name":"(anonymous_32)","decl":{"start":{"line":556,"column":44},"end":{"line":556,"column":49}},"loc":{"start":{"line":556,"column":55},"end":{"line":565,"column":13}}},"33":{"name":"(anonymous_33)","decl":{"start":{"line":565,"column":21},"end":{"line":565,"column":24}},"loc":{"start":{"line":565,"column":27},"end":{"line":569,"column":13}}},"34":{"name":"(anonymous_34)","decl":{"start":{"line":578,"column":19},"end":{"line":578,"column":22}},"loc":{"start":{"line":578,"column":24},"end":{"line":584,"column":9}}},"35":{"name":"(anonymous_35)","decl":{"start":{"line":579,"column":43},"end":{"line":579,"column":46}},"loc":{"start":{"line":579,"column":49},"end":{"line":583,"column":11}}},"36":{"name":"(anonymous_36)","decl":{"start":{"line":589,"column":23},"end":{"line":589,"column":24}},"loc":{"start":{"line":589,"column":40},"end":{"line":593,"column":5}}},"37":{"name":"(anonymous_37)","decl":{"start":{"line":597,"column":10},"end":{"line":597,"column":35}},"loc":{"start":{"line":597,"column":53},"end":{"line":658,"column":3}}},"38":{"name":"(anonymous_38)","decl":{"start":{"line":607,"column":46},"end":{"line":607,"column":49}},"loc":{"start":{"line":607,"column":51},"end":{"line":618,"column":5}}},"39":{"name":"(anonymous_39)","decl":{"start":{"line":623,"column":6},"end":{"line":623,"column":9}},"loc":{"start":{"line":623,"column":11},"end":{"line":655,"column":7}}},"40":{"name":"(anonymous_40)","decl":{"start":{"line":632,"column":47},"end":{"line":632,"column":62}},"loc":{"start":{"line":632,"column":65},"end":{"line":651,"column":11}}},"41":{"name":"(anonymous_41)","decl":{"start":{"line":639,"column":76},"end":{"line":639,"column":82}},"loc":{"start":{"line":639,"column":85},"end":{"line":647,"column":15}}},"42":{"name":"(anonymous_42)","decl":{"start":{"line":643,"column":27},"end":{"line":643,"column":32}},"loc":{"start":{"line":643,"column":35},"end":{"line":645,"column":19}}},"43":{"name":"(anonymous_43)","decl":{"start":{"line":647,"column":23},"end":{"line":647,"column":28}},"loc":{"start":{"line":647,"column":31},"end":{"line":649,"column":15}}},"44":{"name":"(anonymous_44)","decl":{"start":{"line":651,"column":19},"end":{"line":651,"column":24}},"loc":{"start":{"line":651,"column":27},"end":{"line":653,"column":11}}},"45":{"name":"(anonymous_45)","decl":{"start":{"line":661,"column":10},"end":{"line":661,"column":27}},"loc":{"start":{"line":661,"column":41},"end":{"line":672,"column":3}}},"46":{"name":"(anonymous_46)","decl":{"start":{"line":675,"column":10},"end":{"line":675,"column":27}},"loc":{"start":{"line":675,"column":46},"end":{"line":712,"column":3}}},"47":{"name":"(anonymous_47)","decl":{"start":{"line":715,"column":2},"end":{"line":715,"column":7}},"loc":{"start":{"line":715,"column":25},"end":{"line":743,"column":3}}},"48":{"name":"(anonymous_48)","decl":{"start":{"line":746,"column":2},"end":{"line":746,"column":7}},"loc":{"start":{"line":746,"column":43},"end":{"line":764,"column":3}}}},"branchMap":{"0":{"loc":{"start":{"line":35,"column":4},"end":{"line":37,"column":5}},"type":"if","locations":[{"start":{"line":35,"column":4},"end":{"line":37,"column":5}}]},"1":{"loc":{"start":{"line":44,"column":31},"end":{"line":44,"column":68}},"type":"binary-expr","locations":[{"start":{"line":44,"column":31},"end":{"line":44,"column":40}},{"start":{"line":44,"column":44},"end":{"line":44,"column":68}}]},"2":{"loc":{"start":{"line":46,"column":6},"end":{"line":51,"column":7}},"type":"if","locations":[{"start":{"line":46,"column":6},"end":{"line":51,"column":7}},{"start":{"line":49,"column":13},"end":{"line":51,"column":7}}]},"3":{"loc":{"start":{"line":54,"column":6},"end":{"line":57,"column":7}},"type":"if","locations":[{"start":{"line":54,"column":6},"end":{"line":57,"column":7}}]},"4":{"loc":{"start":{"line":118,"column":31},"end":{"line":118,"column":65}},"type":"binary-expr","locations":[{"start":{"line":118,"column":31},"end":{"line":118,"column":40}},{"start":{"line":118,"column":44},"end":{"line":118,"column":65}}]},"5":{"loc":{"start":{"line":119,"column":6},"end":{"line":121,"column":7}},"type":"if","locations":[{"start":{"line":119,"column":6},"end":{"line":121,"column":7}}]},"6":{"loc":{"start":{"line":124,"column":6},"end":{"line":126,"column":7}},"type":"if","locations":[{"start":{"line":124,"column":6},"end":{"line":126,"column":7}}]},"7":{"loc":{"start":{"line":128,"column":6},"end":{"line":133,"column":7}},"type":"if","locations":[{"start":{"line":128,"column":6},"end":{"line":133,"column":7}}]},"8":{"loc":{"start":{"line":146,"column":31},"end":{"line":146,"column":65}},"type":"binary-expr","locations":[{"start":{"line":146,"column":31},"end":{"line":146,"column":40}},{"start":{"line":146,"column":44},"end":{"line":146,"column":65}}]},"9":{"loc":{"start":{"line":147,"column":6},"end":{"line":149,"column":7}},"type":"if","locations":[{"start":{"line":147,"column":6},"end":{"line":149,"column":7}}]},"10":{"loc":{"start":{"line":152,"column":6},"end":{"line":154,"column":7}},"type":"if","locations":[{"start":{"line":152,"column":6},"end":{"line":154,"column":7}}]},"11":{"loc":{"start":{"line":172,"column":6},"end":{"line":174,"column":7}},"type":"if","locations":[{"start":{"line":172,"column":6},"end":{"line":174,"column":7}}]},"12":{"loc":{"start":{"line":177,"column":6},"end":{"line":179,"column":7}},"type":"if","locations":[{"start":{"line":177,"column":6},"end":{"line":179,"column":7}}]},"13":{"loc":{"start":{"line":188,"column":8},"end":{"line":190,"column":9}},"type":"if","locations":[{"start":{"line":188,"column":8},"end":{"line":190,"column":9}}]},"14":{"loc":{"start":{"line":209,"column":6},"end":{"line":211,"column":7}},"type":"if","locations":[{"start":{"line":209,"column":6},"end":{"line":211,"column":7}}]},"15":{"loc":{"start":{"line":217,"column":20},"end":{"line":217,"column":48}},"type":"binary-expr","locations":[{"start":{"line":217,"column":20},"end":{"line":217,"column":42}},{"start":{"line":217,"column":46},"end":{"line":217,"column":48}}]},"16":{"loc":{"start":{"line":218,"column":20},"end":{"line":218,"column":79}},"type":"binary-expr","locations":[{"start":{"line":218,"column":20},"end":{"line":218,"column":35}},{"start":{"line":218,"column":39},"end":{"line":218,"column":61}},{"start":{"line":218,"column":65},"end":{"line":218,"column":79}}]},"17":{"loc":{"start":{"line":223,"column":14},"end":{"line":223,"column":81}},"type":"binary-expr","locations":[{"start":{"line":223,"column":14},"end":{"line":223,"column":30}},{"start":{"line":223,"column":34},"end":{"line":223,"column":55}},{"start":{"line":223,"column":59},"end":{"line":223,"column":81}}]},"18":{"loc":{"start":{"line":225,"column":19},"end":{"line":225,"column":54}},"type":"binary-expr","locations":[{"start":{"line":225,"column":19},"end":{"line":225,"column":40}},{"start":{"line":225,"column":44},"end":{"line":225,"column":54}}]},"19":{"loc":{"start":{"line":226,"column":23},"end":{"line":226,"column":62}},"type":"binary-expr","locations":[{"start":{"line":226,"column":23},"end":{"line":226,"column":48}},{"start":{"line":226,"column":52},"end":{"line":226,"column":62}}]},"20":{"loc":{"start":{"line":241,"column":6},"end":{"line":243,"column":7}},"type":"if","locations":[{"start":{"line":241,"column":6},"end":{"line":243,"column":7}}]},"21":{"loc":{"start":{"line":269,"column":6},"end":{"line":271,"column":7}},"type":"if","locations":[{"start":{"line":269,"column":6},"end":{"line":271,"column":7}}]},"22":{"loc":{"start":{"line":278,"column":18},"end":{"line":278,"column":61}},"type":"binary-expr","locations":[{"start":{"line":278,"column":18},"end":{"line":278,"column":31}},{"start":{"line":278,"column":35},"end":{"line":278,"column":61}}]},"23":{"loc":{"start":{"line":296,"column":4},"end":{"line":307,"column":5}},"type":"if","locations":[{"start":{"line":296,"column":4},"end":{"line":307,"column":5}},{"start":{"line":302,"column":11},"end":{"line":307,"column":5}}]},"24":{"loc":{"start":{"line":299,"column":6},"end":{"line":301,"column":7}},"type":"if","locations":[{"start":{"line":299,"column":6},"end":{"line":301,"column":7}}]},"25":{"loc":{"start":{"line":312,"column":4},"end":{"line":323,"column":5}},"type":"if","locations":[{"start":{"line":312,"column":4},"end":{"line":323,"column":5}},{"start":{"line":318,"column":11},"end":{"line":323,"column":5}}]},"26":{"loc":{"start":{"line":315,"column":6},"end":{"line":317,"column":7}},"type":"if","locations":[{"start":{"line":315,"column":6},"end":{"line":317,"column":7}}]},"27":{"loc":{"start":{"line":328,"column":4},"end":{"line":339,"column":5}},"type":"if","locations":[{"start":{"line":328,"column":4},"end":{"line":339,"column":5}},{"start":{"line":334,"column":11},"end":{"line":339,"column":5}}]},"28":{"loc":{"start":{"line":331,"column":6},"end":{"line":333,"column":7}},"type":"if","locations":[{"start":{"line":331,"column":6},"end":{"line":333,"column":7}}]},"29":{"loc":{"start":{"line":347,"column":4},"end":{"line":364,"column":5}},"type":"if","locations":[{"start":{"line":347,"column":4},"end":{"line":364,"column":5}},{"start":{"line":356,"column":11},"end":{"line":364,"column":5}}]},"30":{"loc":{"start":{"line":350,"column":6},"end":{"line":355,"column":7}},"type":"if","locations":[{"start":{"line":350,"column":6},"end":{"line":355,"column":7}}]},"31":{"loc":{"start":{"line":370,"column":4},"end":{"line":370,"column":28}},"type":"if","locations":[{"start":{"line":370,"column":4},"end":{"line":370,"column":28}}]},"32":{"loc":{"start":{"line":381,"column":8},"end":{"line":388,"column":9}},"type":"if","locations":[{"start":{"line":381,"column":8},"end":{"line":388,"column":9}},{"start":{"line":383,"column":15},"end":{"line":388,"column":9}}]},"33":{"loc":{"start":{"line":397,"column":8},"end":{"line":406,"column":9}},"type":"if","locations":[{"start":{"line":397,"column":8},"end":{"line":406,"column":9}},{"start":{"line":403,"column":15},"end":{"line":406,"column":9}}]},"34":{"loc":{"start":{"line":403,"column":15},"end":{"line":406,"column":9}},"type":"if","locations":[{"start":{"line":403,"column":15},"end":{"line":406,"column":9}}]},"35":{"loc":{"start":{"line":424,"column":6},"end":{"line":427,"column":7}},"type":"if","locations":[{"start":{"line":424,"column":6},"end":{"line":427,"column":7}}]},"36":{"loc":{"start":{"line":436,"column":27},"end":{"line":436,"column":44}},"type":"binary-expr","locations":[{"start":{"line":436,"column":27},"end":{"line":436,"column":38}},{"start":{"line":436,"column":42},"end":{"line":436,"column":44}}]},"37":{"loc":{"start":{"line":437,"column":34},"end":{"line":437,"column":61}},"type":"binary-expr","locations":[{"start":{"line":437,"column":34},"end":{"line":437,"column":48}},{"start":{"line":437,"column":52},"end":{"line":437,"column":61}}]},"38":{"loc":{"start":{"line":444,"column":14},"end":{"line":456,"column":15}},"type":"if","locations":[{"start":{"line":444,"column":14},"end":{"line":456,"column":15}},{"start":{"line":450,"column":21},"end":{"line":456,"column":15}}]},"39":{"loc":{"start":{"line":483,"column":21},"end":{"line":483,"column":38}},"type":"binary-expr","locations":[{"start":{"line":483,"column":21},"end":{"line":483,"column":32}},{"start":{"line":483,"column":36},"end":{"line":483,"column":38}}]},"40":{"loc":{"start":{"line":484,"column":8},"end":{"line":501,"column":9}},"type":"if","locations":[{"start":{"line":484,"column":8},"end":{"line":501,"column":9}}]},"41":{"loc":{"start":{"line":484,"column":12},"end":{"line":484,"column":57}},"type":"binary-expr","locations":[{"start":{"line":484,"column":12},"end":{"line":484,"column":26}},{"start":{"line":484,"column":30},"end":{"line":484,"column":57}}]},"42":{"loc":{"start":{"line":486,"column":10},"end":{"line":500,"column":11}},"type":"if","locations":[{"start":{"line":486,"column":10},"end":{"line":500,"column":11}}]},"43":{"loc":{"start":{"line":492,"column":12},"end":{"line":499,"column":13}},"type":"if","locations":[{"start":{"line":492,"column":12},"end":{"line":499,"column":13}}]},"44":{"loc":{"start":{"line":505,"column":8},"end":{"line":507,"column":9}},"type":"if","locations":[{"start":{"line":505,"column":8},"end":{"line":507,"column":9}}]},"45":{"loc":{"start":{"line":523,"column":8},"end":{"line":525,"column":9}},"type":"if","locations":[{"start":{"line":523,"column":8},"end":{"line":525,"column":9}}]},"46":{"loc":{"start":{"line":536,"column":8},"end":{"line":571,"column":9}},"type":"if","locations":[{"start":{"line":536,"column":8},"end":{"line":571,"column":9}}]},"47":{"loc":{"start":{"line":544,"column":10},"end":{"line":546,"column":11}},"type":"if","locations":[{"start":{"line":544,"column":10},"end":{"line":546,"column":11}}]},"48":{"loc":{"start":{"line":559,"column":14},"end":{"line":562,"column":15}},"type":"if","locations":[{"start":{"line":559,"column":14},"end":{"line":562,"column":15}}]},"49":{"loc":{"start":{"line":591,"column":24},"end":{"line":591,"column":65}},"type":"binary-expr","locations":[{"start":{"line":591,"column":24},"end":{"line":591,"column":35}},{"start":{"line":591,"column":39},"end":{"line":591,"column":65}}]},"50":{"loc":{"start":{"line":599,"column":4},"end":{"line":599,"column":28}},"type":"if","locations":[{"start":{"line":599,"column":4},"end":{"line":599,"column":28}}]},"51":{"loc":{"start":{"line":602,"column":4},"end":{"line":604,"column":5}},"type":"if","locations":[{"start":{"line":602,"column":4},"end":{"line":604,"column":5}}]},"52":{"loc":{"start":{"line":608,"column":6},"end":{"line":617,"column":7}},"type":"if","locations":[{"start":{"line":608,"column":6},"end":{"line":617,"column":7}},{"start":{"line":613,"column":13},"end":{"line":617,"column":7}}]},"53":{"loc":{"start":{"line":624,"column":8},"end":{"line":654,"column":9}},"type":"if","locations":[{"start":{"line":624,"column":8},"end":{"line":654,"column":9}}]},"54":{"loc":{"start":{"line":633,"column":12},"end":{"line":650,"column":13}},"type":"if","locations":[{"start":{"line":633,"column":12},"end":{"line":650,"column":13}}]},"55":{"loc":{"start":{"line":640,"column":16},"end":{"line":646,"column":17}},"type":"if","locations":[{"start":{"line":640,"column":16},"end":{"line":646,"column":17}}]},"56":{"loc":{"start":{"line":666,"column":4},"end":{"line":668,"column":5}},"type":"if","locations":[{"start":{"line":666,"column":4},"end":{"line":668,"column":5}}]},"57":{"loc":{"start":{"line":677,"column":4},"end":{"line":679,"column":5}},"type":"if","locations":[{"start":{"line":677,"column":4},"end":{"line":679,"column":5}}]},"58":{"loc":{"start":{"line":677,"column":8},"end":{"line":677,"column":51}},"type":"binary-expr","locations":[{"start":{"line":677,"column":8},"end":{"line":677,"column":17}},{"start":{"line":677,"column":21},"end":{"line":677,"column":51}}]},"59":{"loc":{"start":{"line":682,"column":4},"end":{"line":684,"column":5}},"type":"if","locations":[{"start":{"line":682,"column":4},"end":{"line":684,"column":5}}]},"60":{"loc":{"start":{"line":682,"column":8},"end":{"line":682,"column":75}},"type":"binary-expr","locations":[{"start":{"line":682,"column":8},"end":{"line":682,"column":29}},{"start":{"line":682,"column":33},"end":{"line":682,"column":75}}]},"61":{"loc":{"start":{"line":693,"column":8},"end":{"line":696,"c
[...]
}},"68":{"start":{"line":268,"column":32},"end":{"line":275,"column":null}},"69":{"start":{"line":270,"column":25},"end":{"line":270,"column":86}},"70":{"start":{"line":271,"column":10},"end":{"line":274,"column":12}},"71":{"start":{"line":278,"column":6},"end":{"line":281,"column":9}},"72":{"start":{"line":283,"column":6},"end":{"line":283,"column":98}},"73":{"start":{"line":284,"column":6},"end":{"line":287,"column":9}},"74":{"start":{"line":296,"column":4},"end":{"line":318,"column":5}},"75":{"start":{"line":297,"column":21},"end":{"line":297,"column":35}},"76":{"start":{"line":298,"column":21},"end":{"line":298,"column":75}},"77":{"start":{"line":300,"column":6},"end":{"line":303,"column":7}},"78":{"start":{"line":301,"column":8},"end":{"line":301,"column":74}},"79":{"start":{"line":302,"column":8},"end":{"line":302,"column":15}},"80":{"start":{"line":305,"column":6},"end":{"line":311,"column":9}},"81":{"start":{"line":313,"column":6},"end":{"line":313,"column":93}},"82":{"start":{"line":314,"column":6},"end":{"line":317,"column":9}},"83":{"start":{"line":326,"column":4},"end":{"line":343,"column":5}},"84":{"start":{"line":327,"column":21},"end":{"line":327,"column":35}},"85":{"start":{"line":328,"column":21},"end":{"line":328,"column":76}},"86":{"start":{"line":330,"column":6},"end":{"line":335,"column":9}},"87":{"start":{"line":337,"column":6},"end":{"line":337,"column":91}},"88":{"start":{"line":338,"column":6},"end":{"line":342,"column":9}},"89":{"start":{"line":13,"column":0},"end":{"line":13,"column":13}}},"fnMap":{"0":{"name":"(anonymous_0)","decl":{"start":{"line":14,"column":2},"end":{"line":14,"column":null}},"loc":{"start":{"line":16,"column":27},"end":{"line":17,"column":6}}},"1":{"name":"(anonymous_1)","decl":{"start":{"line":19,"column":2},"end":{"line":19,"column":7}},"loc":{"start":{"line":19,"column":66},"end":{"line":35,"column":3}}},"2":{"name":"(anonymous_2)","decl":{"start":{"line":37,"column":2},"end":{"line":37,"column":7}},"loc":{"start":{"line":39,"column":23},"end":{"line":70,"column":3}}},"3":{"name":"(anonymous_3)","decl":{"start":{"line":72,"column":2},"end":{"line":72,"column":7}},"loc":{"start":{"line":74,"column":23},"end":{"line":101,"column":3}}},"4":{"name":"(anonymous_4)","decl":{"start":{"line":103,"column":2},"end":{"line":103,"column":7}},"loc":{"start":{"line":105,"column":23},"end":{"line":133,"column":3}}},"5":{"name":"(anonymous_5)","decl":{"start":{"line":135,"column":2},"end":{"line":135,"column":7}},"loc":{"start":{"line":137,"column":23},"end":{"line":155,"column":3}}},"6":{"name":"(anonymous_6)","decl":{"start":{"line":157,"column":2},"end":{"line":157,"column":7}},"loc":{"start":{"line":159,"column":23},"end":{"line":178,"column":3}}},"7":{"name":"(anonymous_7)","decl":{"start":{"line":181,"column":2},"end":{"line":181,"column":7}},"loc":{"start":{"line":181,"column":69},"end":{"line":212,"column":3}}},"8":{"name":"(anonymous_8)","decl":{"start":{"line":186,"column":20},"end":{"line":186,"column":25}},"loc":{"start":{"line":186,"column":35},"end":{"line":196,"column":9}}},"9":{"name":"(anonymous_9)","decl":{"start":{"line":215,"column":2},"end":{"line":215,"column":7}},"loc":{"start":{"line":220,"column":23},"end":{"line":260,"column":3}}},"10":{"name":"(anonymous_10)","decl":{"start":{"line":263,"column":2},"end":{"line":263,"column":7}},"loc":{"start":{"line":263,"column":70},"end":{"line":289,"column":3}}},"11":{"name":"(anonymous_11)","decl":{"start":{"line":269,"column":20},"end":{"line":269,"column":25}},"loc":{"start":{"line":269,"column":35},"end":{"line":275,"column":9}}},"12":{"name":"(anonymous_12)","decl":{"start":{"line":292,"column":2},"end":{"line":292,"column":7}},"loc":{"start":{"line":294,"column":23},"end":{"line":319,"column":3}}},"13":{"name":"(anonymous_13)","decl":{"start":{"line":322,"column":2},"end":{"line":322,"column":7}},"loc":{"start":{"line":324,"column":23},"end":{"line":344,"column":3}}}},"branchMap":{"0":{"loc":{"start":{"line":45,"column":6},"end":{"line":51,"column":7}},"type":"if","locations":[{"start":{"line":45,"column":6},"end":{"line":51,"column":7}}]},"1":{"loc":{"start":{"line":59,"column":21},"end":{"line":59,"column":46}},"type":"binary-expr","locations":[{"start":{"line":59,"column":21},"end":{"line":59,"column":37}},{"start":{"line":59,"column":41},"end":{"line":59,"column":46}}]},"2":{"loc":{"start":{"line":79,"column":6},"end":{"line":85,"column":7}},"type":"if","locations":[{"start":{"line":79,"column":6},"end":{"line":85,"column":7}}]},"3":{"loc":{"start":{"line":111,"column":6},"end":{"line":117,"column":7}},"type":"if","locations":[{"start":{"line":111,"column":6},"end":{"line":117,"column":7}}]},"4":{"loc":{"start":{"line":229,"column":6},"end":{"line":235,"column":7}},"type":"if","locations":[{"start":{"line":229,"column":6},"end":{"line":235,"column":7}}]},"5":{"loc":{"start":{"line":300,"column":6},"end":{"line":303,"column":7}},"type":"if","locations":[{"start":{"line":300,"column":6},"end":{"line":303,"column":7}}]},"6":{"loc":{"start":{"line":308,"column":16},"end":{"line":308,"column":35}},"type":"binary-expr","locations":[{"start":{"line":308,"column":16},"end":{"line":308,"column":29}},{"start":{"line":308,"column":33},"end":{"line":308,"column":35}}]},"7":{"loc":{"start":{"line":310,"column":19},"end":{"line":310,"column":44}},"type":"binary-expr","locations":[{"start":{"line":310,"column":19},"end":{"line":310,"column":35}},{"start":{"line":310,"column":39},"end":{"line":310,"column":44}}]},"8":{"loc":{"start":{"line":332,"column":17},"end":{"line":334,"column":64}},"type":"cond-expr","locations":[{"start":{"line":333,"column":12},"end":{"line":333,"column":58}},{"start":{"line":334,"column":12},"end":{"line":334,"column":64}}]}},"s":{"0":0,"1":0,"2":0,"3":0,"4":0,"5":0,"6":0,"7":0,"8":0,"9":0,"10":0,"11":0,"12":0,"13":0,"14":0,"15":0,"16":0,"17":0,"18":0,"19":0,"20":0,"21":0,"22":0,"23":0,"24":0,"25":0,"26":0,"27":0,"28":0,"29":0,"30":0,"31":0,"32":0,"33":0,"34":0,"35":0,"36":0,"37":0,"38":0,"39":0,"40":0,"41":0,"42":0,"43":0,"44":0,"45":0,"46":0,"47":0,"48":0,"49":0,"50":0,"51":0,"52":0,"53":0,"54":0,"55":0,"56":0,"57":0,"58":0,"59":0,"60":0,"61":0,"62":0,"63":0,"64":0,"65":0,"66":0,"67":0,"68":0,"69":0,"70":0,"71":0,"72":0,"73":0,"74":0,"75":0,"76":0,"77":0,"78":0,"79":0,"80":0,"81":0,"82":0,"83":0,"84":0,"85":0,"86":0,"87":0,"88":0,"89":0},"f":{"0":0,"1":0,"2":0,"3":0,"4":0,"5":0,"6":0,"7":0,"8":0,"9":0,"10":0,"11":0,"12":0,"13":0},"b":{"0":[0],"1":[0,0],"2":[0],"3":[0],"4":[0],"5":[0],"6":[0,0],"7":[0,0],"8":[0,0]}}
,"/home/eric/workspace/trampay/ms-whatsapp/src/infrastructure/http/controllers/qrcode.controller.ts": {"path":"/home/eric/workspace/trampay/ms-whatsapp/src/infrastructure/http/controllers/qrcode.controller.ts","statementMap":{"0":{"start":{"line":9,"column":12},"end":{"line":9,"column":45}},"1":{"start":{"line":10,"column":12},"end":{"line":10,"column":27}},"2":{"start":{"line":15,"column":4},"end":{"line":34,"column":5}},"3":{"start":{"line":16,"column":21},"end":{"line":16,"column":59}},"4":{"start":{"line":17,"column":30},"end":{"line":17,"column":74}},"5":{"start":{"line":19,"column":6},"end":{"line":21,"column":8}},"6":{"start":{"line":23,"column":6},"end":{"line":27,"column":9}},"7":{"start":{"line":29,"column":6},"end":{"line":29,"column":86}},"8":{"start":{"line":30,"column":6},"end":{"line":33,"column":9}},"9":{"start":{"line":39,"column":4},"end":{"line":51,"column":5}},"10":{"start":{"line":40,"column":21},"end":{"line":40,"column":59}},"11":{"start":{"line":41,"column":30},"end":{"line":41,"column":74}},"12":{"start":{"line":43,"column":6},"end":{"line":47,"column":9}},"13":{"start":{"line":49,"column":6},"end":{"line":49,"column":93}},"14":{"start":{"line":50,"column":6},"end":{"line":50,"column":71}},"15":{"start":{"line":56,"column":4},"end":{"line":97,"column":5}},"16":{"start":{"line":58,"column":6},"end":{"line":62,"column":9}},"17":{"start":{"line":65,"column":25},"end":{"line":68,"column":7}},"18":{"start":{"line":66,"column":8},"end":{"line":66,"column":76}},"19":{"start":{"line":67,"column":8},"end":{"line":67,"column":67}},"20":{"start":{"line":71,"column":6},"end":{"line":71,"column":54}},"21":{"start":{"line":74,"column":28},"end":{"line":74,"column":66}},"22":{"start":{"line":75,"column":6},"end":{"line":75,"column":33}},"23":{"start":{"line":76,"column":6},"end":{"line":82,"column":7}},"24":{"start":{"line":77,"column":8},"end":{"line":77,"column":54}},"25":{"start":{"line":78,"column":8},"end":{"line":78,"column":34}},"26":{"start":{"line":80,"column":8},"end":{"line":80,"column":61}},"27":{"start":{"line":81,"column":8},"end":{"line":81,"column":23}},"28":{"start":{"line":85,"column":6},"end":{"line":88,"column":9}},"29":{"start":{"line":86,"column":8},"end":{"line":86,"column":71}},"30":{"start":{"line":91,"column":6},"end":{"line":93,"column":9}},"31":{"start":{"line":92,"column":8},"end":{"line":92,"column":36}},"32":{"start":{"line":95,"column":6},"end":{"line":95,"column":82}},"33":{"start":{"line":96,"column":6},"end":{"line":96,"column":22}},"34":{"start":{"line":102,"column":4},"end":{"line":108,"column":5}},"35":{"start":{"line":103,"column":30},"end":{"line":103,"column":74}},"36":{"start":{"line":104,"column":6},"end":{"line":104,"column":59}},"37":{"start":{"line":106,"column":6},"end":{"line":106,"column":97}},"38":{"start":{"line":107,"column":6},"end":{"line":107,"column":90}},"39":{"start":{"line":7,"column":0},"end":{"line":7,"column":13}}},"fnMap":{"0":{"name":"(anonymous_0)","decl":{"start":{"line":8,"column":2},"end":{"line":8,"column":null}},"loc":{"start":{"line":10,"column":27},"end":{"line":11,"column":6}}},"1":{"name":"(anonymous_1)","decl":{"start":{"line":14,"column":2},"end":{"line":14,"column":7}},"loc":{"start":{"line":14,"column":62},"end":{"line":35,"column":3}}},"2":{"name":"(anonymous_2)","decl":{"start":{"line":38,"column":2},"end":{"line":38,"column":7}},"loc":{"start":{"line":38,"column":69},"end":{"line":52,"column":3}}},"3":{"name":"(anonymous_3)","decl":{"start":{"line":55,"column":2},"end":{"line":55,"column":7}},"loc":{"start":{"line":55,"column":65},"end":{"line":98,"column":3}}},"4":{"name":"(anonymous_4)","decl":{"start":{"line":65,"column":25},"end":{"line":65,"column":26}},"loc":{"start":{"line":65,"column":44},"end":{"line":68,"column":7}}},"5":{"name":"(anonymous_5)","decl":{"start":{"line":85,"column":30},"end":{"line":85,"column":33}},"loc":{"start":{"line":85,"column":35},"end":{"line":88,"column":7}}},"6":{"name":"(anonymous_6)","decl":{"start":{"line":91,"column":43},"end":{"line":91,"column":46}},"loc":{"start":{"line":91,"column":48},"end":{"line":93,"column":7}}},"7":{"name":"(anonymous_7)","decl":{"start":{"line":101,"column":2},"end":{"line":101,"column":7}},"loc":{"start":{"line":101,"column":68},"end":{"line":109,"column":3}}}},"branchMap":{"0":{"loc":{"start":{"line":20,"column":32},"end":{"line":20,"column":72}},"type":"cond-expr","locations":[{"start":{"line":20,"column":41},"end":{"line":20,"column":53}},{"start":{"line":20,"column":56},"end":{"line":20,"column":72}}]},"1":{"loc":{"start":{"line":24,"column":16},"end":{"line":24,"column":28}},"type":"binary-expr","locations":[{"start":{"line":24,"column":16},"end":{"line":24,"column":22}},{"start":{"line":24,"column":26},"end":{"line":24,"column":28}}]},"2":{"loc":{"start":{"line":76,"column":6},"end":{"line":82,"column":7}},"type":"if","locations":[{"start":{"line":76,"column":6},"end":{"line":82,"column":7}},{"start":{"line":79,"column":13},"end":{"line":82,"column":7}}]}},"s":{"0":10,"1":10,"2":0,"3":0,"4":0,"5":0,"6":0,"7":0,"8":0,"9":3,"10":3,"11":2,"12":2,"13":1,"14":1,"15":4,"16":4,"17":4,"18":3,"19":3,"20":4,"21":4,"22":3,"23":3,"24":3,"25":3,"26":0,"27":0,"28":3,"29":0,"30":3,"31":0,"32":1,"33":1,"34":3,"35":3,"36":2,"37":1,"38":1,"39":1},"f":{"0":10,"1":0,"2":3,"3":4,"4":3,"5":0,"6":0,"7":3},"b":{"0":[0,0],"1":[0,0],"2":[3,0]}}
,"/home/eric/workspace/trampay/ms-whatsapp/src/infrastructure/http/routes/qrcode.routes.ts": {"path":"/home/eric/workspace/trampay/ms-whatsapp/src/infrastructure/http/routes/qrcode.routes.ts","statementMap":{"0":{"start":{"line":3,"column":0},"end":{"line":3,"column":96}},"1":{"start":{"line":6,"column":36},"end":{"line":120,"column":1}},"2":{"start":{"line":11,"column":2},"end":{"line":26,"column":4}},"3":{"start":{"line":24,"column":6},"end":{"line":24,"column":57}},"4":{"start":{"line":29,"column":2},"end":{"line":50,"column":4}},"5":{"start":{"line":48,"column":6},"end":{"line":48,"column":50}},"6":{"start":{"line":53,"column":2},"end":{"line":68,"column":4}},"7":{"start":{"line":66,"column":6},"end":{"line":66,"column":53}},"8":{"start":{"line":71,"column":2},"end":{"line":86,"column":4}},"9":{"start":{"line":84,"column":6},"end":{"line":84,"column":56}},"10":{"start":{"line":89,"column":2},"end":{"line":119,"column":3}},"11":{"start":{"line":90,"column":4},"end":{"line":118,"column":7}},"12":{"start":{"line":93,"column":8},"end":{"line":93,"column":1908}},"13":{"start":{"line":101,"column":6},"end":{"line":117,"column":9}},"14":{"start":{"line":6,"column":13},"end":{"line":6,"column":36}}},"fnMap":{"0":{"name":"(anonymous_0)","decl":{"start":{"line":6,"column":36},"end":{"line":6,"column":null}},"loc":{"start":{"line":9,"column":10},"end":{"line":120,"column":1}}},"1":{"name":"(anonymous_1)","decl":{"start":{"line":23,"column":4},"end":{"line":23,"column":5}},"loc":{"start":{"line":23,"column":23},"end":{"line":25,"column":5}}},"2":{"name":"(anonymous_2)","decl":{"start":{"line":47,"column":4},"end":{"line":47,"column":5}},"loc":{"start":{"line":47,"column":23},"end":{"line":49,"column":5}}},"3":{"name":"(anonymous_3)","decl":{"start":{"line":65,"column":4},"end":{"line":65,"column":5}},"loc":{"start":{"line":65,"column":23},"end":{"line":67,"column":5}}},"4":{"name":"(anonymous_4)","decl":{"start":{"line":83,"column":4},"end":{"line":83,"column":5}},"loc":{"start":{"line":83,"column":23},"end":{"line":85,"column":5}}},"5":{"name":"(anonymous_5)","decl":{"start":{"line":90,"column":32},"end":{"line":90,"column":37}},"loc":{"start":{"line":90,"column":57},"end":{"line":118,"column":5}}}},"branchMap":{"0":{"loc":{"start":{"line":89,"column":2},"end":{"line":119,"column":3}},"type":"if","locations":[{"start":{"line":89,"column":2},"end":{"line":119,"column":3}}]}},"s":{"0":0,"1":0,"2":0,"3":0,"4":0,"5":0,"6":0,"7":0,"8":0,"9":0,"10":0,"11":0,"12":0,"13":0,"14":0},"f":{"0":0,"1":0,"2":0,"3":0,"4":0,"5":0},"b":{"0":[0]}}
,"/home/eric/workspace/trampay/ms-whatsapp/src/infrastructure/http/routes/webhook.routes.ts": {"path":"/home/eric/workspace/trampay/ms-whatsapp/src/infrastructure/http/routes/webhook.routes.ts","statementMap":{"0":{"start":{"line":3,"column":0},"end":{"line":3,"column":null}},"1":{"start":{"line":11,"column":37},"end":{"line":52,"column":1}},"2":{"start":{"line":16,"column":2},"end":{"line":30,"column":4}},"3":{"start":{"line":28,"column":6},"end":{"line":28,"column":52}},"4":{"start":{"line":33,"column":2},"end":{"line":51,"column":4}},"5":{"start":{"line":49,"column":6},"end":{"line":49,"column":100}},"6":{"start":{"line":11,"column":13},"end":{"line":11,"column":37}}},"fnMap":{"0":{"name":"(anonymous_0)","decl":{"start":{"line":11,"column":37},"end":{"line":11,"column":null}},"loc":{"start":{"line":14,"column":10},"end":{"line":52,"column":1}}},"1":{"name":"(anonymous_1)","decl":{"start":{"line":27,"column":4},"end":{"line":27,"column":5}},"loc":{"start":{"line":27,"column":23},"end":{"line":29,"column":5}}},"2":{"name":"(anonymous_2)","decl":{"start":{"line":48,"column":4},"end":{"line":48,"column":5}},"loc":{"start":{"line":48,"column":23},"end":{"line":50,"column":5}}}},"branchMap":{},"s":{"0":0,"1":0,"2":0,"3":0,"4":0,"5":0,"6":0},"f":{"0":0,"1":0,"2":0},"b":{}}
,"/home/eric/workspace/trampay/ms-whatsapp/src/infrastructure/repositories/whatsapp-device.repository.ts": {"path":"/home/eric/workspace/trampay/ms-whatsapp/src/infrastructure/repositories/whatsapp-device.repository.ts","statementMap":{"0":{"start":{"line":7,"column":12},"end":{"line":7,"column":40}},"1":{"start":{"line":8,"column":12},"end":{"line":8,"column":27}},"2":{"start":{"line":12,"column":4},"end":{"line":19,"column":5}},"3":{"start":{"line":13,"column":6},"end":{"line":15,"column":9}},"4":{"start":{"line":17,"column":6},"end":{"line":17,"column":84}},"5":{"start":{"line":18,"column":6},"end":{"line":18,"column":18}},"6":{"start":{"line":23,"column":4},"end":{"line":30,"column":5}},"7":{"start":{"line":24,"column":6},"end":{"line":26,"column":9}},"8":{"start":{"line":28,"column":6},"end":{"line":28,"column":89}},"9":{"start":{"line":29,"column":6},"end":{"line":29,"column":18}},"10":{"start":{"line":34,"column":4},"end":{"line":43,"column":5}},"11":{"start":{"line":35,"column":6},"end":{"line":37,"column":9}},"12":{"start":{"line":39,"column":6},"end":{"line":41,"column":8}},"13":{"start":{"line":42,"column":6},"end":{"line":42,"column":18}},"14":{"start":{"line":51,"column":4},"end":{"line":58,"column":5}},"15":{"start":{"line":52,"column":6},"end":{"line":54,"column":9}},"16":{"start":{"line":56,"column":6},"end":{"line":56,"column":82}},"17":{"start":{"line":57,"column":6},"end":{"line":57,"column":18}},"18":{"start":{"line":65,"column":4},"end":{"line":73,"column":5}},"19":{"start":{"line":66,"column":6},"end":{"line":69,"column":9}},"20":{"start":{"line":71,"column":6},"end":{"line":71,"column":92}},"21":{"start":{"line":72,"column":6},"end":{"line":72,"column":18}},"22":{"start":{"line":77,"column":4},"end":{"line":90,"column":5}},"23":{"start":{"line":78,"column":6},"end":{"line":84,"column":9}},"24":{"start":{"line":86,"column":6},"end":{"line":88,"column":8}},"25":{"start":{"line":89,"column":6},"end":{"line":89,"column":18}},"26":{"start":{"line":94,"column":4},"end":{"line":101,"column":5}},"27":{"start":{"line":95,"column":6},"end":{"line":97,"column":9}},"28":{"start":{"line":99,"column":6},"end":{"line":99,"column":90}},"29":{"start":{"line":100,"column":6},"end":{"line":100,"column":18}},"30":{"start":{"line":5,"column":0},"end":{"line":5,"column":13}}},"fnMap":{"0":{"name":"(anonymous_0)","decl":{"start":{"line":6,"column":2},"end":{"line":6,"column":null}},"loc":{"start":{"line":8,"column":27},"end":{"line":9,"column":6}}},"1":{"name":"(anonymous_1)","decl":{"start":{"line":11,"column":2},"end":{"line":11,"column":7}},"loc":{"start":{"line":11,"column":15},"end":{"line":20,"column":3}}},"2":{"name":"(anonymous_2)","decl":{"start":{"line":22,"column":2},"end":{"line":22,"column":7}},"loc":{"start":{"line":22,"column":27},"end":{"line":31,"column":3}}},"3":{"name":"(anonymous_3)","decl":{"start":{"line":33,"column":2},"end":{"line":33,"column":7}},"loc":{"start":{"line":33,"column":41},"end":{"line":44,"column":3}}},"4":{"name":"(anonymous_4)","decl":{"start":{"line":46,"column":2},"end":{"line":46,"column":7}},"loc":{"start":{"line":50,"column":3},"end":{"line":59,"column":3}}},"5":{"name":"(anonymous_5)","decl":{"start":{"line":61,"column":2},"end":{"line":61,"column":7}},"loc":{"start":{"line":63,"column":59},"end":{"line":74,"column":3}}},"6":{"name":"(anonymous_6)","decl":{"start":{"line":76,"column":2},"end":{"line":76,"column":7}},"loc":{"start":{"line":76,"column":60},"end":{"line":91,"column":3}}},"7":{"name":"(anonymous_7)","decl":{"start":{"line":93,"column":2},"end":{"line":93,"column":7}},"loc":{"start":{"line":93,"column":25},"end":{"line":102,"column":3}}}},"branchMap":{"0":{"loc":{"start":{"line":82,"column":25},"end":{"line":82,"column":58}},"type":"cond-expr","locations":[{"start":{"line":82,"column":36},"end":{"line":82,"column":46}},{"start":{"line":82,"column":49},"end":{"line":82,"column":58}}]}},"s":{"0":0,"1":0,"2":0,"3":0,"4":0,"5":0,"6":0,"7":0,"8":0,"9":0,"10":0,"11":0,"12":0,"13":0,"14":0,"15":0,"16":0,"17":0,"18":0,"19":0,"20":0,"21":0,"22":0,"23":0,"24":0,"25":0,"26":0,"27":0,"28":0,"29":0,"30":0},"f":{"0":0,"1":0,"2":0,"3":0,"4":0,"5":0,"6":0,"7":0},"b":{"0":[0,0]}}
}
