TN:
SF:src/config/env.ts
FNF:0
FNH:0
DA:1,1
DA:4,1
DA:23,1
DA:40,1
DA:41,0
DA:45,0
DA:51,1
LF:7
LH:5
BRDA:25,0,0,1
BRDA:25,0,1,0
BRDA:26,1,0,1
BRDA:26,1,1,0
BRDA:29,2,0,1
BRDA:29,2,1,0
BRDA:30,3,0,1
BRDA:30,3,1,0
BRDA:31,4,0,1
BRDA:31,4,1,1
BRDA:32,5,0,1
BRDA:32,5,1,1
BRDA:35,6,0,1
BRDA:35,6,1,0
BRDA:40,7,0,0
BRF:15
BRH:9
end_of_record
TN:
SF:src/config/logger.ts
FNF:0
FNH:0
DA:1,0
DA:2,0
DA:5,0
DA:17,0
LF:4
LH:0
BRF:0
BRH:0
end_of_record
TN:
SF:src/config/swagger-schemas.ts
FNF:0
FNH:0
DA:3,0
DA:13,0
DA:22,0
DA:34,0
DA:42,0
DA:50,0
DA:59,0
LF:7
LH:0
BRF:0
BRH:0
end_of_record
TN:
SF:src/config/swagger.ts
FNF:0
FNH:0
DA:5,0
DA:37,0
LF:2
LH:0
BRF:0
BRH:0
end_of_record
TN:
SF:src/domain/entities/message.ts
FN:10,(anonymous_0)
FN:20,(anonymous_1)
FN:44,(anonymous_2)
FN:61,(anonymous_3)
FNF:4
FNH:4
FNDA:12,(anonymous_0)
FNDA:2,(anonymous_1)
FNDA:2,(anonymous_2)
FNDA:1,(anonymous_3)
DA:9,3
DA:11,12
DA:12,12
DA:13,12
DA:14,12
DA:15,12
DA:16,12
DA:22,2
DA:25,2
DA:26,2
DA:29,2
DA:35,2
DA:38,2
DA:40,2
DA:45,2
DA:62,1
LF:16
LH:16
BRDA:22,0,0,2
BRDA:22,0,1,1
BRDA:25,1,0,2
BRDA:25,1,1,1
BRDA:26,2,0,2
BRDA:26,2,1,1
BRDA:30,3,0,2
BRDA:30,3,1,1
BRDA:35,4,0,2
BRDA:35,4,1,0
BRDA:38,5,0,2
BRDA:38,5,1,2
BRDA:38,5,2,1
BRDA:46,6,0,2
BRDA:46,6,1,1
BRDA:55,7,0,1
BRDA:55,7,1,1
BRDA:56,8,0,2
BRDA:56,8,1,1
BRF:19
BRH:18
end_of_record
TN:
SF:src/domain/usecases/device-management.usecase.ts
FN:7,(anonymous_0)
FN:13,(anonymous_1)
FN:22,(anonymous_2)
FN:31,(anonymous_3)
FN:52,(anonymous_4)
FN:61,(anonymous_5)
FN:82,(anonymous_6)
FN:100,(anonymous_7)
FN:118,(anonymous_8)
FN:171,(anonymous_9)
FNF:10
FNH:0
FNDA:0,(anonymous_0)
FNDA:0,(anonymous_1)
FNDA:0,(anonymous_2)
FNDA:0,(anonymous_3)
FNDA:0,(anonymous_4)
FNDA:0,(anonymous_5)
FNDA:0,(anonymous_6)
FNDA:0,(anonymous_7)
FNDA:0,(anonymous_8)
FNDA:0,(anonymous_9)
DA:6,0
DA:8,0
DA:9,0
DA:10,0
DA:14,0
DA:15,0
DA:17,0
DA:18,0
DA:23,0
DA:24,0
DA:26,0
DA:27,0
DA:32,0
DA:34,0
DA:36,0
DA:37,0
DA:38,0
DA:42,0
DA:47,0
DA:48,0
DA:53,0
DA:54,0
DA:56,0
DA:57,0
DA:62,0
DA:63,0
DA:65,0
DA:66,0
DA:70,0
DA:73,0
DA:75,0
DA:77,0
DA:78,0
DA:83,0
DA:84,0
DA:86,0
DA:87,0
DA:91,0
DA:92,0
DA:93,0
DA:96,0
DA:100,0
DA:103,0
DA:104,0
DA:108,0
DA:113,0
DA:114,0
DA:124,0
DA:125,0
DA:127,0
DA:128,0
DA:135,0
DA:139,0
DA:140,0
DA:144,0
DA:145,0
DA:146,0
DA:147,0
DA:150,0
DA:154,0
DA:155,0
DA:158,0
DA:165,0
DA:166,0
DA:172,0
DA:173,0
DA:175,0
DA:176,0
DA:180,0
DA:181,0
DA:182,0
DA:186,0
DA:188,0
DA:189,0
LF:74
LH:0
BRDA:34,0,0,0
BRDA:65,1,0,0
BRDA:86,2,0,0
BRDA:127,3,0,0
BRDA:139,4,0,0
BRDA:154,5,0,0
BRDA:175,6,0,0
BRDA:181,7,0,0
BRF:8
BRH:0
end_of_record
TN:
SF:src/domain/usecases/receive-message.usecase.ts
FN:8,(anonymous_0)
FN:14,(anonymous_1)
FN:43,(anonymous_2)
FN:44,(anonymous_3)
FNF:4
FNH:3
FNDA:5,(anonymous_0)
FNDA:4,(anonymous_1)
FNDA:1,(anonymous_2)
FNDA:0,(anonymous_3)
DA:7,1
DA:9,5
DA:10,5
DA:11,5
DA:15,4
DA:17,4
DA:18,1
DA:21,3
DA:26,3
DA:27,2
DA:34,1
DA:35,1
DA:38,1
DA:44,1
DA:45,0
LF:15
LH:14
BRDA:17,0,0,1
BRDA:26,1,0,2
BRF:2
BRH:2
end_of_record
TN:
SF:src/domain/usecases/send-message.usecase.ts
FN:8,(anonymous_0)
FN:14,(anonymous_1)
FN:36,(anonymous_2)
FNF:3
FNH:3
FNDA:8,(anonymous_0)
FNDA:8,(anonymous_1)
FNDA:5,(anonymous_2)
DA:7,1
DA:9,8
DA:10,8
DA:11,8
DA:15,8
DA:19,8
DA:20,3
DA:21,3
DA:22,1
DA:25,2
DA:26,1
DA:29,1
DA:30,1
DA:35,5
DA:36,5
DA:38,5
DA:39,1
DA:42,4
DA:43,4
DA:48,5
DA:49,1
DA:58,4
DA:59,3
DA:61,1
DA:64,5
DA:65,5
LF:26
LH:26
BRDA:19,0,0,3
BRDA:19,0,1,5
BRDA:21,1,0,1
BRDA:25,2,0,1
BRDA:38,3,0,1
BRDA:48,4,0,1
BRDA:48,4,1,4
BRDA:58,5,0,3
BRDA:58,5,1,1
BRF:9
BRH:9
end_of_record
TN:
SF:src/infrastructure/adapters/http-llm.adapter.ts
FN:15,(anonymous_1)
FN:29,(anonymous_2)
FN:65,(anonymous_3)
FN:101,(anonymous_4)
FN:107,(anonymous_5)
FN:113,(anonymous_6)
FN:127,(anonymous_7)
FN:140,(anonymous_8)
FNF:8
FNH:0
FNDA:0,(anonymous_1)
FNDA:0,(anonymous_2)
FNDA:0,(anonymous_3)
FNDA:0,(anonymous_4)
FNDA:0,(anonymous_5)
FNDA:0,(anonymous_6)
FNDA:0,(anonymous_7)
FNDA:0,(anonymous_8)
DA:3,1
DA:4,1
DA:11,1
DA:15,0
DA:17,0
DA:21,0
DA:23,0
DA:24,0
DA:30,0
DA:32,0
DA:33,0
DA:36,0
DA:39,0
DA:42,0
DA:54,0
DA:56,0
DA:57,0
DA:59,0
DA:60,0
DA:67,0
DA:72,0
DA:73,0
DA:77,0
DA:83,0
DA:84,0
DA:85,0
DA:87,0
DA:88,0
DA:90,0
DA:97,0
DA:105,0
DA:107,0
DA:108,0
DA:109,0
DA:110,0
DA:112,0
DA:113,0
DA:114,0
DA:115,0
DA:116,0
DA:117,0
DA:119,0
DA:123,0
DA:129,0
DA:131,0
DA:133,0
DA:134,0
DA:136,0
DA:140,0
DA:145,0
DA:152,0
DA:153,0
DA:154,0
DA:155,0
DA:156,0
DA:157,0
DA:158,0
DA:159,0
DA:163,0
LF:59
LH:3
BRDA:21,0,0,0
BRDA:21,0,1,0
BRDA:23,1,0,0
BRDA:32,2,0,0
BRDA:72,3,0,0
BRDA:79,4,0,0
BRDA:79,4,1,0
BRDA:83,5,0,0
BRDA:105,6,0,0
BRDA:105,6,1,0
BRDA:108,7,0,0
BRDA:109,8,0,0
BRDA:109,9,0,0
BRDA:109,9,1,0
BRDA:112,10,0,0
BRDA:112,10,1,0
BRDA:114,11,0,0
BRDA:114,12,0,0
BRDA:114,12,1,0
BRDA:129,13,0,0
BRDA:129,13,1,0
BRDA:131,14,0,0
BRDA:131,14,1,0
BRDA:133,15,0,0
BRDA:137,16,0,0
BRDA:137,16,1,0
BRDA:140,17,0,0
BRDA:140,17,1,0
BRDA:140,18,0,0
BRDA:140,18,1,0
BRDA:141,19,0,0
BRDA:141,19,1,0
BRDA:152,20,0,0
BRDA:152,20,1,0
BRDA:154,21,0,0
BRDA:154,21,1,0
BRDA:154,22,0,0
BRDA:154,22,1,0
BRDA:154,22,2,0
BRDA:155,23,0,0
BRDA:155,23,1,0
BRDA:155,23,2,0
BRDA:156,24,0,0
BRDA:156,24,1,0
BRDA:156,25,0,0
BRDA:156,25,1,0
BRDA:157,26,0,0
BRDA:157,26,1,0
BRDA:157,26,2,0
BRDA:158,27,0,0
BRDA:163,28,0,0
BRDA:163,28,1,0
BRF:52
BRH:0
end_of_record
TN:
SF:src/infrastructure/adapters/multi-whatsapp.adapter.ts
FN:29,(anonymous_0)
FN:41,(anonymous_1)
FN:93,(anonymous_2)
FN:94,(anonymous_3)
FN:111,(anonymous_4)
FN:116,(anonymous_5)
FN:144,(anonymous_6)
FN:164,(anonymous_7)
FN:169,(anonymous_8)
FN:206,(anonymous_9)
FN:237,(anonymous_10)
FN:260,(anonymous_11)
FN:295,(anonymous_12)
FN:300,(anonymous_13)
FN:305,(anonymous_14)
FN:311,(anonymous_15)
FN:316,(anonymous_16)
FN:321,(anonymous_17)
FN:327,(anonymous_18)
FN:332,(anonymous_19)
FN:337,(anonymous_20)
FN:343,(anonymous_21)
FN:351,(anonymous_22)
FN:359,(anonymous_23)
FN:368,(anonymous_24)
FN:375,(anonymous_25)
FN:419,(anonymous_26)
FN:433,(anonymous_27)
FN:434,(anonymous_28)
FN:477,(anonymous_29)
FN:516,(anonymous_30)
FN:555,(anonymous_31)
FN:556,(anonymous_32)
FN:565,(anonymous_33)
FN:578,(anonymous_34)
FN:579,(anonymous_35)
FN:589,(anonymous_36)
FN:597,(anonymous_37)
FN:607,(anonymous_38)
FN:623,(anonymous_39)
FN:632,(anonymous_40)
FN:639,(anonymous_41)
FN:643,(anonymous_42)
FN:647,(anonymous_43)
FN:651,(anonymous_44)
FN:661,(anonymous_45)
FN:675,(anonymous_46)
FN:715,(anonymous_47)
FN:746,(anonymous_48)
FNF:49
FNH:0
FNDA:0,(anonymous_0)
FNDA:0,(anonymous_1)
FNDA:0,(anonymous_2)
FNDA:0,(anonymous_3)
FNDA:0,(anonymous_4)
FNDA:0,(anonymous_5)
FNDA:0,(anonymous_6)
FNDA:0,(anonymous_7)
FNDA:0,(anonymous_8)
FNDA:0,(anonymous_9)
FNDA:0,(anonymous_10)
FNDA:0,(anonymous_11)
FNDA:0,(anonymous_12)
FNDA:0,(anonymous_13)
FNDA:0,(anonymous_14)
FNDA:0,(anonymous_15)
FNDA:0,(anonymous_16)
FNDA:0,(anonymous_17)
FNDA:0,(anonymous_18)
FNDA:0,(anonymous_19)
FNDA:0,(anonymous_20)
FNDA:0,(anonymous_21)
FNDA:0,(anonymous_22)
FNDA:0,(anonymous_23)
FNDA:0,(anonymous_24)
FNDA:0,(anonymous_25)
FNDA:0,(anonymous_26)
FNDA:0,(anonymous_27)
FNDA:0,(anonymous_28)
FNDA:0,(anonymous_29)
FNDA:0,(anonymous_30)
FNDA:0,(anonymous_31)
FNDA:0,(anonymous_32)
FNDA:0,(anonymous_33)
FNDA:0,(anonymous_34)
FNDA:0,(anonymous_35)
FNDA:0,(anonymous_36)
FNDA:0,(anonymous_37)
FNDA:0,(anonymous_38)
FNDA:0,(anonymous_39)
FNDA:0,(anonymous_40)
FNDA:0,(anonymous_41)
FNDA:0,(anonymous_42)
FNDA:0,(anonymous_43)
FNDA:0,(anonymous_44)
FNDA:0,(anonymous_45)
FNDA:0,(anonymous_46)
FNDA:0,(anonymous_47)
FNDA:0,(anonymous_48)
DA:2,0
DA:4,0
DA:5,0
DA:7,0
DA:8,0
DA:13,0
DA:25,0
DA:26,0
DA:27,0
DA:30,0
DA:31,0
DA:34,0
DA:35,0
DA:36,0
DA:42,0
DA:44,0
DA:46,0
DA:47,0
DA:48,0
DA:50,0
DA:54,0
DA:55,0
DA:56,0
DA:60,0
DA:61,0
DA:81,0
DA:89,0
DA:92,0
DA:93,0
DA:94,0
DA:98,0
DA:101,0
DA:103,0
DA:105,0
DA:106,0
DA:112,0
DA:117,0
DA:118,0
DA:119,0
DA:120,0
DA:123,0
DA:124,0
DA:125,0
DA:128,0
DA:129,0
DA:132,0
DA:135,0
DA:136,0
DA:138,0
DA:139,0
DA:145,0
DA:146,0
DA:147,0
DA:148,0
DA:151,0
DA:152,0
DA:153,0
DA:156,0
DA:158,0
DA:159,0
DA:165,0
DA:170,0
DA:171,0
DA:172,0
DA:173,0
DA:177,0
DA:178,0
DA:182,0
DA:183,0
DA:186,0
DA:187,0
DA:188,0
DA:189,0
DA:192,0
DA:197,0
DA:198,0
DA:200,0
DA:201,0
DA:207,0
DA:208,0
DA:209,0
DA:210,0
DA:214,0
DA:217,0
DA:218,0
DA:220,0
DA:229,0
DA:232,0
DA:238,0
DA:239,0
DA:240,0
DA:241,0
DA:242,0
DA:246,0
DA:249,0
DA:252,0
DA:254,0
DA:255,0
DA:266,0
DA:267,0
DA:268,0
DA:269,0
DA:270,0
DA:273,0
DA:276,0
DA:283,0
DA:287,0
DA:289,0
DA:290,0
DA:296,0
DA:298,0
DA:299,0
DA:300,0
DA:304,0
DA:305,0
DA:312,0
DA:314,0
DA:315,0
DA:316,0
DA:320,0
DA:321,0
DA:328,0
DA:330,0
DA:331,0
DA:332,0
DA:336,0
DA:337,0
DA:347,0
DA:349,0
DA:350,0
DA:351,0
DA:352,0
DA:353,0
DA:358,0
DA:359,0
DA:360,0
DA:361,0
DA:369,0
DA:370,0
DA:372,0
DA:375,0
DA:376,0
DA:377,0
DA:379,0
DA:381,0
DA:382,0
DA:384,0
DA:385,0
DA:390,0
DA:393,0
DA:396,0
DA:397,0
DA:399,0
DA:403,0
DA:405,0
DA:408,0
DA:411,0
DA:412,0
DA:413,0
DA:414,0
DA:419,0
DA:420,0
DA:421,0
DA:424,0
DA:425,0
DA:426,0
DA:430,0
DA:433,0
DA:434,0
DA:435,0
DA:436,0
DA:437,0
DA:438,0
DA:439,0
DA:442,0
DA:444,0
DA:445,0
DA:451,0
DA:458,0
DA:462,0
DA:466,0
DA:470,0
DA:477,0
DA:478,0
DA:479,0
DA:481,0
DA:483,0
DA:484,0
DA:485,0
DA:486,0
DA:487,0
DA:488,0
DA:491,0
DA:492,0
DA:493,0
DA:504,0
DA:505,0
DA:506,0
DA:509,0
DA:516,0
DA:517,0
DA:518,0
DA:521,0
DA:522,0
DA:523,0
DA:524,0
DA:527,0
DA:533,0
DA:535,0
DA:536,0
DA:538,0
DA:544,0
DA:545,0
DA:549,0
DA:552,0
DA:555,0
DA:556,0
DA:558,0
DA:559,0
DA:560,0
DA:561,0
DA:564,0
DA:566,0
DA:573,0
DA:578,0
DA:579,0
DA:580,0
DA:589,0
DA:590,0
DA:591,0
DA:592,0
DA:598,0
DA:599,0
DA:602,0
DA:603,0
DA:607,0
DA:608,0
DA:609,0
DA:612,0
DA:614,0
DA:622,0
DA:624,0
DA:625,0
DA:628,0
DA:629,0
DA:632,0
DA:633,0
DA:635,0
DA:636,0
DA:639,0
DA:640,0
DA:641,0
DA:644,0
DA:648,0
DA:652,0
DA:663,0
DA:666,0
DA:667,0
DA:671,0
DA:677,0
DA:678,0
DA:682,0
DA:683,0
DA:687,0
DA:690,0
DA:691,0
DA:693,0
DA:694,0
DA:695,0
DA:699,0
DA:704,0
DA:705,0
DA:706,0
DA:707,0
DA:711,0
DA:716,0
DA:718,0
DA:719,0
DA:720,0
DA:721,0
DA:726,0
DA:728,0
DA:729,0
DA:730,0
DA:732,0
DA:733,0
DA:738,0
DA:740,0
DA:741,0
DA:747,0
DA:748,0
DA:749,0
DA:752,0
DA:753,0
DA:754,0
DA:757,0
DA:758,0
DA:759,0
DA:761,0
DA:762,0
LF:300
LH:0
BRDA:35,0,0,0
BRDA:44,1,0,0
BRDA:44,1,1,0
BRDA:46,2,0,0
BRDA:46,2,1,0
BRDA:54,3,0,0
BRDA:118,4,0,0
BRDA:118,4,1,0
BRDA:119,5,0,0
BRDA:124,6,0,0
BRDA:128,7,0,0
BRDA:146,8,0,0
BRDA:146,8,1,0
BRDA:147,9,0,0
BRDA:152,10,0,0
BRDA:172,11,0,0
BRDA:177,12,0,0
BRDA:188,13,0,0
BRDA:209,14,0,0
BRDA:217,15,0,0
BRDA:217,15,1,0
BRDA:218,16,0,0
BRDA:218,16,1,0
BRDA:218,16,2,0
BRDA:223,17,0,0
BRDA:223,17,1,0
BRDA:223,17,2,0
BRDA:225,18,0,0
BRDA:225,18,1,0
BRDA:226,19,0,0
BRDA:226,19,1,0
BRDA:241,20,0,0
BRDA:269,21,0,0
BRDA:278,22,0,0
BRDA:278,22,1,0
BRDA:296,23,0,0
BRDA:296,23,1,0
BRDA:299,24,0,0
BRDA:312,25,0,0
BRDA:312,25,1,0
BRDA:315,26,0,0
BRDA:328,27,0,0
BRDA:328,27,1,0
BRDA:331,28,0,0
BRDA:347,29,0,0
BRDA:347,29,1,0
BRDA:350,30,0,0
BRDA:370,31,0,0
BRDA:381,32,0,0
BRDA:381,32,1,0
BRDA:397,33,0,0
BRDA:397,33,1,0
BRDA:403,34,0,0
BRDA:424,35,0,0
BRDA:436,36,0,0
BRDA:436,36,1,0
BRDA:437,37,0,0
BRDA:437,37,1,0
BRDA:444,38,0,0
BRDA:444,38,1,0
BRDA:483,39,0,0
BRDA:483,39,1,0
BRDA:484,40,0,0
BRDA:484,41,0,0
BRDA:484,41,1,0
BRDA:486,42,0,0
BRDA:492,43,0,0
BRDA:505,44,0,0
BRDA:523,45,0,0
BRDA:536,46,0,0
BRDA:544,47,0,0
BRDA:559,48,0,0
BRDA:591,49,0,0
BRDA:591,49,1,0
BRDA:599,50,0,0
BRDA:602,51,0,0
BRDA:608,52,0,0
BRDA:608,52,1,0
BRDA:624,53,0,0
BRDA:633,54,0,0
BRDA:640,55,0,0
BRDA:666,56,0,0
BRDA:677,57,0,0
BRDA:677,58,0,0
BRDA:677,58,1,0
BRDA:682,59,0,0
BRDA:682,60,0,0
BRDA:682,60,1,0
BRDA:693,61,0,0
BRDA:693,62,0,0
BRDA:693,62,1,0
BRDA:693,62,2,0
BRDA:705,63,0,0
BRDA:718,64,0,0
BRDA:718,65,0,0
BRDA:718,65,1,0
BRDA:720,66,0,0
BRDA:730,67,0,0
BRDA:748,68,0,0
BRDA:753,69,0,0
BRF:100
BRH:0
end_of_record
TN:
SF:src/infrastructure/database/prisma.service.ts
FN:7,(anonymous_0)
FN:11,(anonymous_1)
FN:21,(anonymous_2)
FN:25,(anonymous_3)
FNF:4
FNH:0
FNDA:0,(anonymous_0)
FNDA:0,(anonymous_1)
FNDA:0,(anonymous_2)
FNDA:0,(anonymous_3)
DA:1,0
DA:4,0
DA:7,0
DA:8,0
DA:12,0
DA:13,0
DA:14,0
DA:16,0
DA:17,0
DA:22,0
DA:26,0
LF:11
LH:0
BRF:0
BRH:0
end_of_record
TN:
SF:src/infrastructure/http/controllers/device.controller.ts
FN:14,(anonymous_0)
FN:19,(anonymous_1)
FN:37,(anonymous_2)
FN:72,(anonymous_3)
FN:103,(anonymous_4)
FN:135,(anonymous_5)
FN:157,(anonymous_6)
FN:181,(anonymous_7)
FN:186,(anonymous_8)
FN:215,(anonymous_9)
FN:263,(anonymous_10)
FN:269,(anonymous_11)
FN:292,(anonymous_12)
FN:322,(anonymous_13)
FNF:14
FNH:0
FNDA:0,(anonymous_0)
FNDA:0,(anonymous_1)
FNDA:0,(anonymous_2)
FNDA:0,(anonymous_3)
FNDA:0,(anonymous_4)
FNDA:0,(anonymous_5)
FNDA:0,(anonymous_6)
FNDA:0,(anonymous_7)
FNDA:0,(anonymous_8)
FNDA:0,(anonymous_9)
FNDA:0,(anonymous_10)
FNDA:0,(anonymous_11)
FNDA:0,(anonymous_12)
FNDA:0,(anonymous_13)
DA:13,0
DA:15,0
DA:16,0
DA:20,0
DA:21,0
DA:22,0
DA:28,0
DA:29,0
DA:41,0
DA:42,0
DA:43,0
DA:45,0
DA:46,0
DA:50,0
DA:53,0
DA:63,0
DA:64,0
DA:76,0
DA:77,0
DA:79,0
DA:80,0
DA:84,0
DA:87,0
DA:89,0
DA:94,0
DA:95,0
DA:107,0
DA:108,0
DA:109,0
DA:111,0
DA:112,0
DA:116,0
DA:119,0
DA:121,0
DA:126,0
DA:127,0
DA:139,0
DA:140,0
DA:141,0
DA:143,0
DA:148,0
DA:149,0
DA:161,0
DA:162,0
DA:163,0
DA:165,0
DA:171,0
DA:172,0
DA:182,0
DA:183,0
DA:185,0
DA:187,0
DA:188,0
DA:199,0
DA:205,0
DA:206,0
DA:222,0
DA:223,0
DA:224,0
DA:227,0
DA:229,0
DA:230,0
DA:234,0
DA:239,0
DA:248,0
DA:253,0
DA:254,0
DA:264,0
DA:265,0
DA:268,0
DA:270,0
DA:271,0
DA:278,0
DA:283,0
DA:284,0
DA:296,0
DA:297,0
DA:298,0
DA:300,0
DA:301,0
DA:302,0
DA:305,0
DA:313,0
DA:314,0
DA:326,0
DA:327,0
DA:328,0
DA:330,0
DA:337,0
DA:338,0
LF:90
LH:0
BRDA:45,0,0,0
BRDA:59,1,0,0
BRDA:59,1,1,0
BRDA:79,2,0,0
BRDA:111,3,0,0
BRDA:229,4,0,0
BRDA:300,5,0,0
BRDA:308,6,0,0
BRDA:308,6,1,0
BRDA:310,7,0,0
BRDA:310,7,1,0
BRDA:332,8,0,0
BRDA:332,8,1,0
BRF:13
BRH:0
end_of_record
TN:
SF:src/infrastructure/http/controllers/qrcode.controller.ts
FN:8,(anonymous_0)
FN:14,(anonymous_1)
FN:38,(anonymous_2)
FN:55,(anonymous_3)
FN:65,(anonymous_4)
FN:85,(anonymous_5)
FN:91,(anonymous_6)
FN:101,(anonymous_7)
FNF:8
FNH:5
FNDA:10,(anonymous_0)
FNDA:0,(anonymous_1)
FNDA:3,(anonymous_2)
FNDA:4,(anonymous_3)
FNDA:3,(anonymous_4)
FNDA:0,(anonymous_5)
FNDA:0,(anonymous_6)
FNDA:3,(anonymous_7)
DA:7,1
DA:9,10
DA:10,10
DA:15,0
DA:16,0
DA:17,0
DA:19,0
DA:23,0
DA:29,0
DA:30,0
DA:39,3
DA:40,3
DA:41,2
DA:43,2
DA:49,1
DA:50,1
DA:56,4
DA:58,4
DA:65,4
DA:66,3
DA:67,3
DA:71,4
DA:74,4
DA:75,3
DA:76,3
DA:77,3
DA:78,3
DA:80,0
DA:81,0
DA:85,3
DA:86,0
DA:91,3
DA:92,0
DA:95,1
DA:96,1
DA:102,3
DA:103,3
DA:104,2
DA:106,1
DA:107,1
LF:40
LH:29
BRDA:20,0,0,0
BRDA:20,0,1,0
BRDA:24,1,0,0
BRDA:24,1,1,0
BRDA:76,2,0,3
BRDA:76,2,1,0
BRF:6
BRH:1
end_of_record
TN:
SF:src/infrastructure/http/routes/qrcode.routes.ts
FN:6,(anonymous_0)
FN:23,(anonymous_1)
FN:47,(anonymous_2)
FN:65,(anonymous_3)
FN:83,(anonymous_4)
FN:90,(anonymous_5)
FNF:6
FNH:0
FNDA:0,(anonymous_0)
FNDA:0,(anonymous_1)
FNDA:0,(anonymous_2)
FNDA:0,(anonymous_3)
FNDA:0,(anonymous_4)
FNDA:0,(anonymous_5)
DA:3,0
DA:6,0
DA:11,0
DA:24,0
DA:29,0
DA:48,0
DA:53,0
DA:66,0
DA:71,0
DA:84,0
DA:89,0
DA:90,0
DA:93,0
DA:101,0
LF:14
LH:0
BRDA:89,0,0,0
BRF:1
BRH:0
end_of_record
TN:
SF:src/infrastructure/http/routes/webhook.routes.ts
FN:11,(anonymous_0)
FN:27,(anonymous_1)
FN:48,(anonymous_2)
FNF:3
FNH:0
FNDA:0,(anonymous_0)
FNDA:0,(anonymous_1)
FNDA:0,(anonymous_2)
DA:3,0
DA:11,0
DA:16,0
DA:28,0
DA:33,0
DA:49,0
LF:6
LH:0
BRF:0
BRH:0
end_of_record
TN:
SF:src/infrastructure/repositories/whatsapp-device.repository.ts
FN:6,(anonymous_0)
FN:11,(anonymous_1)
FN:22,(anonymous_2)
FN:33,(anonymous_3)
FN:46,(anonymous_4)
FN:61,(anonymous_5)
FN:76,(anonymous_6)
FN:93,(anonymous_7)
FNF:8
FNH:0
FNDA:0,(anonymous_0)
FNDA:0,(anonymous_1)
FNDA:0,(anonymous_2)
FNDA:0,(anonymous_3)
FNDA:0,(anonymous_4)
FNDA:0,(anonymous_5)
FNDA:0,(anonymous_6)
FNDA:0,(anonymous_7)
DA:5,0
DA:7,0
DA:8,0
DA:12,0
DA:13,0
DA:17,0
DA:18,0
DA:23,0
DA:24,0
DA:28,0
DA:29,0
DA:34,0
DA:35,0
DA:39,0
DA:42,0
DA:51,0
DA:52,0
DA:56,0
DA:57,0
DA:65,0
DA:66,0
DA:71,0
DA:72,0
DA:77,0
DA:78,0
DA:86,0
DA:89,0
DA:94,0
DA:95,0
DA:99,0
DA:100,0
LF:31
LH:0
BRDA:82,0,0,0
BRDA:82,0,1,0
BRF:2
BRH:0
end_of_record
