TN:
SF:src/server.ts
FN:25,createServer
FN:69,(anonymous_11)
FN:70,(anonymous_12)
FN:91,(anonymous_13)
FN:98,(anonymous_14)
FN:102,(anonymous_15)
FN:120,(anonymous_16)
FNF:7
FNH:0
FNDA:0,createServer
FNDA:0,(anonymous_11)
FNDA:0,(anonymous_12)
FNDA:0,(anonymous_13)
FNDA:0,(anonymous_14)
FNDA:0,(anonymous_15)
FNDA:0,(anonymous_16)
DA:1,0
DA:2,0
DA:3,0
DA:4,0
DA:5,0
DA:6,0
DA:7,0
DA:9,0
DA:10,0
DA:12,0
DA:13,0
DA:15,0
DA:16,0
DA:18,0
DA:19,0
DA:21,0
DA:22,0
DA:25,0
DA:27,0
DA:39,0
DA:41,0
DA:47,0
DA:48,0
DA:49,0
DA:50,0
DA:54,0
DA:60,0
DA:69,0
DA:70,0
DA:73,0
DA:74,0
DA:77,0
DA:78,0
DA:81,0
DA:84,0
DA:85,0
DA:88,0
DA:89,0
DA:91,0
DA:92,0
DA:98,0
DA:99,0
DA:102,0
DA:103,0
DA:106,0
DA:107,0
DA:110,0
DA:113,0
DA:120,0
DA:121,0
DA:122,0
DA:124,0
DA:131,0
DA:132,0
DA:140,0
DA:141,0
LF:56
LH:0
BRDA:48,0,0,0
BRDA:106,1,0,0
BRDA:106,2,0,0
BRDA:106,2,1,0
BRF:4
BRH:0
end_of_record
TN:
SF:src/config/env.ts
FN:58,oo_cm
FNF:1
FNH:0
FNDA:0,oo_cm
DA:1,1
DA:4,1
DA:23,1
DA:40,1
DA:41,0
DA:45,0
DA:51,1
DA:58,1
LF:8
LH:6
BRDA:25,0,0,1
BRDA:25,0,1,0
BRDA:26,1,0,1
BRDA:26,1,1,0
BRDA:29,2,0,1
BRDA:29,2,1,0
BRDA:30,3,0,1
BRDA:30,3,1,0
BRDA:31,4,0,1
BRDA:31,4,1,1
BRDA:32,5,0,1
BRDA:32,5,1,1
BRDA:35,6,0,1
BRDA:35,6,1,0
BRDA:40,7,0,0
BRDA:58,8,0,0
BRDA:58,8,1,0
BRF:17
BRH:9
end_of_record
TN:
SF:src/config/logger.ts
FNF:0
FNH:0
DA:1,0
DA:2,0
DA:5,0
DA:17,0
LF:4
LH:0
BRF:0
BRH:0
end_of_record
TN:
SF:src/config/swagger-schemas.ts
FNF:0
FNH:0
DA:3,0
DA:13,0
DA:22,0
DA:34,0
DA:42,0
DA:50,0
DA:59,0
LF:7
LH:0
BRF:0
BRH:0
end_of_record
TN:
SF:src/config/swagger.ts
FNF:0
FNH:0
DA:5,0
DA:37,0
LF:2
LH:0
BRF:0
BRH:0
end_of_record
TN:
SF:src/domain/entities/message.ts
FN:10,(anonymous_0)
FN:20,(anonymous_1)
FN:44,(anonymous_2)
FN:61,(anonymous_3)
FNF:4
FNH:4
FNDA:13,(anonymous_0)
FNDA:2,(anonymous_1)
FNDA:2,(anonymous_2)
FNDA:5,(anonymous_3)
DA:9,4
DA:11,13
DA:12,13
DA:13,13
DA:14,13
DA:15,13
DA:16,13
DA:22,2
DA:25,2
DA:26,2
DA:29,2
DA:35,2
DA:38,2
DA:40,2
DA:45,2
DA:62,5
LF:16
LH:16
BRDA:22,0,0,2
BRDA:22,0,1,1
BRDA:25,1,0,2
BRDA:25,1,1,1
BRDA:26,2,0,2
BRDA:26,2,1,1
BRDA:30,3,0,2
BRDA:30,3,1,1
BRDA:35,4,0,2
BRDA:35,4,1,0
BRDA:38,5,0,2
BRDA:38,5,1,2
BRDA:38,5,2,1
BRDA:46,6,0,2
BRDA:46,6,1,1
BRDA:55,7,0,1
BRDA:55,7,1,1
BRDA:56,8,0,2
BRDA:56,8,1,1
BRF:19
BRH:18
end_of_record
TN:
SF:src/domain/usecases/receive-message.usecase.ts
FN:8,(anonymous_0)
FN:14,(anonymous_1)
FN:40,(anonymous_2)
FN:41,(anonymous_3)
FNF:4
FNH:3
FNDA:5,(anonymous_0)
FNDA:4,(anonymous_1)
FNDA:1,(anonymous_2)
FNDA:0,(anonymous_3)
DA:7,1
DA:9,5
DA:10,5
DA:11,5
DA:15,4
DA:17,4
DA:18,1
DA:21,3
DA:24,3
DA:25,2
DA:31,1
DA:32,1
DA:35,1
DA:41,1
DA:42,0
LF:15
LH:14
BRDA:17,0,0,1
BRDA:24,1,0,2
BRF:2
BRH:2
end_of_record
TN:
SF:src/domain/usecases/send-message.usecase.ts
FN:7,(anonymous_0)
FN:12,(anonymous_1)
FNF:2
FNH:2
FNDA:4,(anonymous_0)
FNDA:4,(anonymous_1)
DA:6,1
DA:8,4
DA:9,4
DA:13,4
DA:14,4
DA:16,4
DA:17,1
DA:21,3
DA:22,2
DA:24,1
DA:27,2
DA:28,2
LF:12
LH:12
BRDA:16,0,0,1
BRDA:16,0,1,3
BRDA:21,1,0,2
BRDA:21,1,1,1
BRF:4
BRH:4
end_of_record
TN:
SF:src/infrastructure/adapters/http-llm.adapter.ts
FN:15,(anonymous_1)
FN:29,(anonymous_2)
FN:70,(anonymous_3)
FN:106,(anonymous_4)
FN:112,(anonymous_5)
FN:118,(anonymous_6)
FN:132,(anonymous_7)
FN:145,(anonymous_8)
FNF:8
FNH:0
FNDA:0,(anonymous_1)
FNDA:0,(anonymous_2)
FNDA:0,(anonymous_3)
FNDA:0,(anonymous_4)
FNDA:0,(anonymous_5)
FNDA:0,(anonymous_6)
FNDA:0,(anonymous_7)
FNDA:0,(anonymous_8)
DA:3,1
DA:4,1
DA:11,1
DA:15,0
DA:17,0
DA:21,0
DA:23,0
DA:24,0
DA:30,0
DA:32,0
DA:33,0
DA:36,0
DA:39,0
DA:47,0
DA:59,0
DA:61,0
DA:62,0
DA:64,0
DA:65,0
DA:72,0
DA:77,0
DA:78,0
DA:82,0
DA:88,0
DA:89,0
DA:90,0
DA:92,0
DA:93,0
DA:95,0
DA:102,0
DA:110,0
DA:112,0
DA:113,0
DA:114,0
DA:115,0
DA:117,0
DA:118,0
DA:119,0
DA:120,0
DA:121,0
DA:122,0
DA:124,0
DA:128,0
DA:134,0
DA:136,0
DA:138,0
DA:139,0
DA:141,0
DA:145,0
DA:150,0
DA:157,0
DA:158,0
DA:159,0
DA:160,0
DA:161,0
DA:162,0
DA:163,0
DA:164,0
DA:168,0
LF:59
LH:3
BRDA:21,0,0,0
BRDA:21,0,1,0
BRDA:23,1,0,0
BRDA:32,2,0,0
BRDA:77,3,0,0
BRDA:84,4,0,0
BRDA:84,4,1,0
BRDA:88,5,0,0
BRDA:110,6,0,0
BRDA:110,6,1,0
BRDA:113,7,0,0
BRDA:114,8,0,0
BRDA:114,9,0,0
BRDA:114,9,1,0
BRDA:117,10,0,0
BRDA:117,10,1,0
BRDA:119,11,0,0
BRDA:119,12,0,0
BRDA:119,12,1,0
BRDA:134,13,0,0
BRDA:134,13,1,0
BRDA:136,14,0,0
BRDA:136,14,1,0
BRDA:138,15,0,0
BRDA:142,16,0,0
BRDA:142,16,1,0
BRDA:145,17,0,0
BRDA:145,17,1,0
BRDA:145,18,0,0
BRDA:145,18,1,0
BRDA:146,19,0,0
BRDA:146,19,1,0
BRDA:157,20,0,0
BRDA:157,20,1,0
BRDA:159,21,0,0
BRDA:159,21,1,0
BRDA:159,22,0,0
BRDA:159,22,1,0
BRDA:159,22,2,0
BRDA:160,23,0,0
BRDA:160,23,1,0
BRDA:160,23,2,0
BRDA:161,24,0,0
BRDA:161,24,1,0
BRDA:161,25,0,0
BRDA:161,25,1,0
BRDA:162,26,0,0
BRDA:162,26,1,0
BRDA:162,26,2,0
BRDA:163,27,0,0
BRDA:168,28,0,0
BRDA:168,28,1,0
BRF:52
BRH:0
end_of_record
TN:
SF:src/infrastructure/adapters/whatsapp.adapter.ts
FN:18,(anonymous_0)
FN:45,(anonymous_1)
FN:51,(anonymous_2)
FN:52,(anonymous_3)
FN:69,(anonymous_4)
FN:85,(anonymous_5)
FN:90,(anonymous_6)
FN:107,(anonymous_7)
FN:135,(anonymous_8)
FN:140,(anonymous_9)
FN:145,(anonymous_10)
FN:150,(anonymous_11)
FN:151,(anonymous_12)
FN:158,(anonymous_13)
FN:160,(anonymous_14)
FN:190,(anonymous_15)
FN:202,(anonymous_16)
FN:208,(anonymous_17)
FN:214,(anonymous_18)
FN:215,(anonymous_19)
FN:222,(anonymous_20)
FN:230,(anonymous_21)
FN:237,(anonymous_22)
FN:248,(anonymous_23)
FN:262,(anonymous_24)
FNF:25
FNH:0
FNDA:0,(anonymous_0)
FNDA:0,(anonymous_1)
FNDA:0,(anonymous_2)
FNDA:0,(anonymous_3)
FNDA:0,(anonymous_4)
FNDA:0,(anonymous_5)
FNDA:0,(anonymous_6)
FNDA:0,(anonymous_7)
FNDA:0,(anonymous_8)
FNDA:0,(anonymous_9)
FNDA:0,(anonymous_10)
FNDA:0,(anonymous_11)
FNDA:0,(anonymous_12)
FNDA:0,(anonymous_13)
FNDA:0,(anonymous_14)
FNDA:0,(anonymous_15)
FNDA:0,(anonymous_16)
FNDA:0,(anonymous_17)
FNDA:0,(anonymous_18)
FNDA:0,(anonymous_19)
FNDA:0,(anonymous_20)
FNDA:0,(anonymous_21)
FNDA:0,(anonymous_22)
FNDA:0,(anonymous_23)
FNDA:0,(anonymous_24)
DA:2,0
DA:4,0
DA:9,0
DA:12,0
DA:15,0
DA:16,0
DA:18,0
DA:19,0
DA:22,0
DA:40,0
DA:46,0
DA:47,0
DA:50,0
DA:51,0
DA:52,0
DA:56,0
DA:59,0
DA:61,0
DA:63,0
DA:64,0
DA:70,0
DA:71,0
DA:72,0
DA:73,0
DA:76,0
DA:77,0
DA:79,0
DA:80,0
DA:86,0
DA:91,0
DA:93,0
DA:96,0
DA:99,0
DA:101,0
DA:102,0
DA:112,0
DA:113,0
DA:116,0
DA:123,0
DA:127,0
DA:129,0
DA:130,0
DA:136,0
DA:141,0
DA:146,0
DA:151,0
DA:152,0
DA:153,0
DA:160,0
DA:161,0
DA:162,0
DA:164,0
DA:166,0
DA:167,0
DA:169,0
DA:170,0
DA:175,0
DA:178,0
DA:180,0
DA:182,0
DA:183,0
DA:184,0
DA:185,0
DA:190,0
DA:191,0
DA:192,0
DA:195,0
DA:196,0
DA:197,0
DA:202,0
DA:203,0
DA:204,0
DA:208,0
DA:209,0
DA:210,0
DA:213,0
DA:214,0
DA:215,0
DA:216,0
DA:222,0
DA:223,0
DA:224,0
DA:225,0
DA:232,0
DA:233,0
DA:237,0
DA:238,0
DA:239,0
DA:240,0
DA:242,0
DA:247,0
DA:249,0
DA:250,0
DA:253,0
DA:254,0
DA:264,0
DA:267,0
DA:268,0
DA:272,0
LF:99
LH:0
BRDA:71,0,0,0
BRDA:118,1,0,0
BRDA:118,1,1,0
BRDA:166,2,0,0
BRDA:166,2,1,0
BRDA:195,3,0,0
BRDA:224,4,0,0
BRDA:224,4,1,0
BRDA:232,5,0,0
BRDA:238,6,0,0
BRDA:238,6,1,0
BRDA:249,7,0,0
BRDA:267,8,0,0
BRF:13
BRH:0
end_of_record
TN:
SF:src/infrastructure/http/controllers/qrcode.controller.ts
FN:8,(anonymous_0)
FN:14,(anonymous_1)
FN:38,(anonymous_2)
FN:55,(anonymous_3)
FN:65,(anonymous_4)
FN:85,(anonymous_5)
FN:91,(anonymous_6)
FN:101,(anonymous_7)
FN:117,oo_cm
FNF:9
FNH:6
FNDA:10,(anonymous_0)
FNDA:0,(anonymous_1)
FNDA:3,(anonymous_2)
FNDA:4,(anonymous_3)
FNDA:3,(anonymous_4)
FNDA:0,(anonymous_5)
FNDA:0,(anonymous_6)
FNDA:3,(anonymous_7)
FNDA:3,oo_cm
DA:7,1
DA:9,10
DA:10,10
DA:15,0
DA:16,0
DA:17,0
DA:19,0
DA:23,0
DA:29,0
DA:30,0
DA:39,3
DA:40,3
DA:41,2
DA:43,2
DA:49,1
DA:50,1
DA:56,4
DA:58,4
DA:65,4
DA:66,3
DA:67,3
DA:71,4
DA:74,4
DA:75,3
DA:76,3
DA:77,3
DA:78,3
DA:80,0
DA:81,0
DA:85,3
DA:86,0
DA:91,3
DA:92,0
DA:95,1
DA:96,1
DA:102,3
DA:103,3
DA:104,2
DA:106,1
DA:107,1
DA:117,3
LF:41
LH:30
BRDA:20,0,0,0
BRDA:20,0,1,0
BRDA:24,1,0,0
BRDA:24,1,1,0
BRDA:76,2,0,3
BRDA:76,2,1,0
BRDA:117,3,0,3
BRDA:117,3,1,1
BRF:8
BRH:3
end_of_record
TN:
SF:src/infrastructure/http/controllers/webhook.controller.ts
FN:9,(anonymous_0)
FN:16,(anonymous_1)
FN:66,(anonymous_2)
FN:76,(anonymous_3)
FNF:4
FNH:3
FNDA:7,(anonymous_0)
FNDA:5,(anonymous_1)
FNDA:2,(anonymous_2)
FNDA:0,(anonymous_3)
DA:8,1
DA:10,7
DA:11,7
DA:12,7
DA:20,5
DA:21,5
DA:24,5
DA:25,1
DA:26,1
DA:29,4
DA:30,1
DA:31,1
DA:35,3
DA:42,3
DA:43,1
DA:44,1
DA:48,3
DA:51,2
DA:56,1
DA:57,1
DA:67,2
DA:68,2
DA:77,0
DA:78,0
DA:79,0
DA:84,0
DA:85,0
LF:27
LH:22
BRDA:24,0,0,1
BRDA:29,1,0,1
BRDA:29,2,0,4
BRDA:29,2,1,4
BRDA:29,2,2,2
BRDA:42,3,0,1
BRDA:81,4,0,0
BRDA:81,4,1,0
BRF:8
BRH:6
end_of_record
TN:
SF:src/infrastructure/http/routes/qrcode.routes.ts
FN:6,(anonymous_0)
FN:23,(anonymous_1)
FN:47,(anonymous_2)
FN:65,(anonymous_3)
FN:83,(anonymous_4)
FN:90,(anonymous_5)
FNF:6
FNH:0
FNDA:0,(anonymous_0)
FNDA:0,(anonymous_1)
FNDA:0,(anonymous_2)
FNDA:0,(anonymous_3)
FNDA:0,(anonymous_4)
FNDA:0,(anonymous_5)
DA:3,0
DA:6,0
DA:11,0
DA:24,0
DA:29,0
DA:48,0
DA:53,0
DA:66,0
DA:71,0
DA:84,0
DA:89,0
DA:90,0
DA:93,0
DA:101,0
LF:14
LH:0
BRDA:89,0,0,0
BRF:1
BRH:0
end_of_record
TN:
SF:src/infrastructure/http/routes/webhook.routes.ts
FN:11,(anonymous_0)
FN:27,(anonymous_1)
FN:48,(anonymous_2)
FNF:3
FNH:0
FNDA:0,(anonymous_0)
FNDA:0,(anonymous_1)
FNDA:0,(anonymous_2)
DA:3,0
DA:11,0
DA:16,0
DA:28,0
DA:33,0
DA:49,0
LF:6
LH:0
BRF:0
BRH:0
end_of_record
